#                                                               --- full sequence ---- --- best 1 domain ---- --- domain number estimation ----
# target name        accession  query name           accession    E-value  score  bias   E-value  score  bias   exp reg clu  ov env dom rep inc description of target
#------------------- ---------- -------------------- ---------- --------- ------ ----- --------- ------ -----   --- --- --- --- --- --- --- --- ---------------------
AT1G61180.1          -          NB-ARC               PF00931.23   1.4e-90  304.3   0.6   2.5e-90  303.5   0.6   1.4   1   0   0   1   1   1   1 | AT1G61180
AT1G61180.2          -          NB-ARC               PF00931.23   1.5e-90  304.2   0.6   2.5e-90  303.5   0.6   1.4   1   0   0   1   1   1   1 | AT1G61180
AT1G10920.1          -          NB-ARC               PF00931.23   6.4e-90  302.1   0.5   9.1e-90  301.7   0.1   1.5   2   0   0   2   2   1   1 | AT1G10920
AT1G10920.2          -          NB-ARC               PF00931.23   6.4e-90  302.1   0.5   9.1e-90  301.7   0.1   1.5   2   0   0   2   2   1   1 | AT1G10920
AT1G10920.4          -          NB-ARC               PF00931.23   6.4e-90  302.1   0.5   9.1e-90  301.7   0.1   1.5   2   0   0   2   2   1   1 | AT1G10920
AT1G61310.1          -          NB-ARC               PF00931.23   9.1e-88  295.1   0.2   1.6e-87  294.3   0.2   1.4   1   0   0   1   1   1   1 | AT1G61310
AT1G61190.4          -          NB-ARC               PF00931.23     2e-87  294.0   0.6   3.5e-87  293.2   0.6   1.4   1   0   0   1   1   1   1 | AT1G61190
AT1G61300.2          -          NB-ARC               PF00931.23     2e-87  294.0   1.3   3.2e-87  293.3   1.3   1.3   1   0   0   1   1   1   1 | AT1G61300
AT1G61190.2          -          NB-ARC               PF00931.23   2.1e-87  293.9   0.6   3.7e-87  293.1   0.6   1.4   1   0   0   1   1   1   1 | AT1G61190
AT1G61190.3          -          NB-ARC               PF00931.23   2.1e-87  293.9   0.6   3.7e-87  293.1   0.6   1.4   1   0   0   1   1   1   1 | AT1G61190
AT1G61300.1          -          NB-ARC               PF00931.23   2.1e-87  293.9   1.3   3.4e-87  293.2   1.3   1.3   1   0   0   1   1   1   1 | AT1G61300
AT1G61190.1          -          NB-ARC               PF00931.23   2.5e-87  293.6   0.6   4.3e-87  292.9   0.6   1.4   1   0   0   1   1   1   1 | AT1G61190
AT3G50950.1          -          NB-ARC               PF00931.23   5.5e-85  286.0   0.1     1e-84  285.1   0.1   1.5   1   0   0   1   1   1   1 | AT3G50950
AT3G50950.2          -          NB-ARC               PF00931.23   5.5e-85  286.0   0.1     1e-84  285.1   0.1   1.5   1   0   0   1   1   1   1 | AT3G50950
AT1G12220.3          -          NB-ARC               PF00931.23   4.9e-83  279.6   0.1   8.6e-83  278.8   0.1   1.4   1   0   0   1   1   1   1 | AT1G12220
AT1G12220.1          -          NB-ARC               PF00931.23   6.3e-83  279.2   0.1   1.1e-82  278.4   0.1   1.4   1   0   0   1   1   1   1 | AT1G12220
AT1G12220.2          -          NB-ARC               PF00931.23   6.3e-83  279.2   0.1   1.1e-82  278.4   0.1   1.4   1   0   0   1   1   1   1 | AT1G12220
AT3G07040.1          -          NB-ARC               PF00931.23   6.6e-83  279.2   0.0   1.2e-82  278.4   0.0   1.4   1   0   0   1   1   1   1 | AT3G07040
AT5G43470.1          -          NB-ARC               PF00931.23   5.4e-82  276.2   0.6     1e-80  272.0   0.1   2.2   2   0   0   2   2   1   1 | AT5G43470
AT5G43470.2          -          NB-ARC               PF00931.23   5.4e-82  276.2   0.6     1e-80  272.0   0.1   2.2   2   0   0   2   2   1   1 | AT5G43470
AT5G43470.3          -          NB-ARC               PF00931.23   5.4e-82  276.2   0.6     1e-80  272.0   0.1   2.2   2   0   0   2   2   1   1 | AT5G43470
AT5G43470.4          -          NB-ARC               PF00931.23   5.4e-82  276.2   0.6     1e-80  272.0   0.1   2.2   2   0   0   2   2   1   1 | AT5G43470
AT4G26090.1          -          NB-ARC               PF00931.23     7e-82  275.8   0.1     1e-81  275.3   0.1   1.2   1   0   0   1   1   1   1 | AT4G26090
AT5G48620.1          -          NB-ARC               PF00931.23   1.5e-81  274.8   0.8   2.7e-81  273.9   0.0   1.8   2   0   0   2   2   1   1 | AT5G48620
AT5G48620.2          -          NB-ARC               PF00931.23   1.5e-81  274.8   0.8   2.7e-81  273.9   0.0   1.8   2   0   0   2   2   1   1 | AT5G48620
AT5G48620.3          -          NB-ARC               PF00931.23   1.5e-81  274.8   0.8   2.7e-81  273.9   0.0   1.8   2   0   0   2   2   1   1 | AT5G48620
AT5G48620.4          -          NB-ARC               PF00931.23   1.5e-81  274.8   0.8   2.7e-81  273.9   0.0   1.8   2   0   0   2   2   1   1 | AT5G48620
AT5G48620.5          -          NB-ARC               PF00931.23   1.5e-81  274.8   0.8   2.7e-81  273.9   0.0   1.8   2   0   0   2   2   1   1 | AT5G48620
AT5G48620.6          -          NB-ARC               PF00931.23   1.5e-81  274.8   0.8   2.7e-81  273.9   0.0   1.8   2   0   0   2   2   1   1 | AT5G48620
AT5G63020.1          -          NB-ARC               PF00931.23   1.6e-81  274.6   0.1   2.7e-81  273.9   0.1   1.4   1   0   0   1   1   1   1 | AT5G63020
AT5G35450.1          -          NB-ARC               PF00931.23   2.5e-80  270.7   0.6   2.9e-79  267.3   0.1   2.2   2   0   0   2   2   1   1 | AT5G35450
AT5G35450.2          -          NB-ARC               PF00931.23   2.5e-80  270.7   0.6   2.9e-79  267.3   0.1   2.2   2   0   0   2   2   1   1 | AT5G35450
AT1G12210.2          -          NB-ARC               PF00931.23     4e-78  263.5   0.3   6.7e-78  262.8   0.3   1.4   1   0   0   1   1   1   1 | AT1G12210
AT1G12210.3          -          NB-ARC               PF00931.23     4e-78  263.5   0.3   6.7e-78  262.8   0.3   1.4   1   0   0   1   1   1   1 | AT1G12210
AT1G12210.1          -          NB-ARC               PF00931.23   4.3e-78  263.4   0.3   7.3e-78  262.6   0.3   1.4   1   0   0   1   1   1   1 | AT1G12210
AT1G12280.1          -          NB-ARC               PF00931.23     5e-78  263.2   0.0   9.7e-78  262.2   0.0   1.5   1   0   0   1   1   1   1 | AT1G12280
AT1G12280.2          -          NB-ARC               PF00931.23   3.8e-76  257.0   0.0   7.7e-76  256.0   0.0   1.5   1   0   0   1   1   1   1 | AT1G12280
AT1G53350.1          -          NB-ARC               PF00931.23   4.4e-75  253.5   0.1   4.4e-75  253.5   0.1   1.8   2   0   0   2   2   1   1 | AT1G53350
AT1G63350.1          -          NB-ARC               PF00931.23   5.8e-73  246.6   0.4     1e-72  245.8   0.4   1.4   1   0   0   1   1   1   1 | AT1G63350
AT1G63350.4          -          NB-ARC               PF00931.23     6e-73  246.6   0.4     1e-72  245.8   0.4   1.4   1   0   0   1   1   1   1 | AT1G63350
AT1G63350.2          -          NB-ARC               PF00931.23   6.5e-73  246.4   0.4   1.1e-72  245.7   0.4   1.4   1   0   0   1   1   1   1 | AT1G63350
AT1G63350.3          -          NB-ARC               PF00931.23   6.5e-73  246.4   0.4   1.1e-72  245.7   0.4   1.4   1   0   0   1   1   1   1 | AT1G63350
AT5G43740.1          -          NB-ARC               PF00931.23   4.7e-72  243.6   0.1   9.4e-72  242.6   0.1   1.5   1   0   0   1   1   1   1 | AT5G43740
AT5G43740.2          -          NB-ARC               PF00931.23   4.7e-72  243.6   0.1   9.4e-72  242.6   0.1   1.5   1   0   0   1   1   1   1 | AT5G43740
AT4G10780.2          -          NB-ARC               PF00931.23   6.2e-72  243.2   0.9   9.6e-72  242.6   0.9   1.3   1   0   0   1   1   1   1 | AT4G10780
AT4G10780.1          -          NB-ARC               PF00931.23   6.3e-72  243.2   0.9   9.7e-72  242.6   0.9   1.3   1   0   0   1   1   1   1 | AT4G10780
AT1G15890.1          -          NB-ARC               PF00931.23   1.1e-71  242.4   0.0   1.8e-71  241.7   0.0   1.3   1   0   0   1   1   1   1 | AT1G15890
AT1G15890.2          -          NB-ARC               PF00931.23   3.1e-71  240.9   0.1   4.4e-71  240.4   0.1   1.2   1   0   0   1   1   1   1 | AT1G15890
AT5G43730.1          -          NB-ARC               PF00931.23   1.5e-70  238.7   0.0   3.1e-70  237.7   0.0   1.6   1   0   0   1   1   1   1 | AT5G43730
AT5G43730.2          -          NB-ARC               PF00931.23   1.5e-70  238.7   0.0   3.1e-70  237.7   0.0   1.6   1   0   0   1   1   1   1 | AT5G43730
AT5G43730.3          -          NB-ARC               PF00931.23   1.5e-70  238.7   0.0   3.1e-70  237.7   0.0   1.6   1   0   0   1   1   1   1 | AT5G43730
AT5G43730.4          -          NB-ARC               PF00931.23   1.5e-70  238.7   0.0   3.1e-70  237.7   0.0   1.6   1   0   0   1   1   1   1 | AT5G43730
AT5G43730.5          -          NB-ARC               PF00931.23   1.5e-70  238.7   0.0   3.1e-70  237.7   0.0   1.6   1   0   0   1   1   1   1 | AT5G43730
AT1G12290.2          -          NB-ARC               PF00931.23   5.5e-70  236.8   0.1   9.3e-70  236.1   0.1   1.4   1   0   0   1   1   1   1 | AT1G12290
AT1G12290.3          -          NB-ARC               PF00931.23   5.5e-70  236.8   0.1   9.3e-70  236.1   0.1   1.4   1   0   0   1   1   1   1 | AT1G12290
AT1G12290.4          -          NB-ARC               PF00931.23   5.5e-70  236.8   0.1   9.3e-70  236.1   0.1   1.4   1   0   0   1   1   1   1 | AT1G12290
AT1G12290.1          -          NB-ARC               PF00931.23   5.7e-70  236.8   0.1     1e-69  236.0   0.1   1.4   1   0   0   1   1   1   1 | AT1G12290
AT1G51480.1          -          NB-ARC               PF00931.23     4e-69  234.0   0.3   7.2e-69  233.2   0.3   1.3   1   0   0   1   1   1   1 | AT1G51480
AT1G63360.2          -          NB-ARC               PF00931.23   4.7e-69  233.8   0.0   7.5e-69  233.1   0.0   1.3   1   0   0   1   1   1   1 | AT1G63360
AT1G63360.1          -          NB-ARC               PF00931.23   4.9e-69  233.7   0.0     8e-69  233.0   0.0   1.4   1   0   0   1   1   1   1 | AT1G63360
AT1G62630.1          -          NB-ARC               PF00931.23     5e-69  233.7   0.1   8.8e-69  232.9   0.1   1.4   1   0   0   1   1   1   1 | AT1G62630
AT1G58410.1          -          NB-ARC               PF00931.23   1.1e-68  232.6   1.2   2.4e-68  231.5   1.2   1.6   1   0   0   1   1   1   1 | AT1G58410
AT1G58410.2          -          NB-ARC               PF00931.23   1.1e-68  232.6   1.2   2.4e-68  231.5   1.2   1.6   1   0   0   1   1   1   1 | AT1G58410
AT1G58410.4          -          NB-ARC               PF00931.23   1.1e-68  232.6   1.2   2.4e-68  231.5   1.2   1.6   1   0   0   1   1   1   1 | AT1G58410
AT1G59620.2          -          NB-ARC               PF00931.23   3.6e-68  230.9   0.1     5e-68  230.4   0.1   1.2   1   0   0   1   1   1   1 | AT1G59620
AT1G58807.2          -          NB-ARC               PF00931.23   3.7e-68  230.8   1.3   1.5e-67  228.9   1.0   2.1   2   0   0   2   2   1   1 | AT1G58807
AT1G59124.1          -          NB-ARC               PF00931.23   3.7e-68  230.8   1.3   1.5e-67  228.9   1.0   2.1   2   0   0   2   2   1   1 | AT1G59124
AT1G58390.1          -          NB-ARC               PF00931.23   4.5e-68  230.6   1.9   7.8e-68  229.8   1.9   1.4   1   0   0   1   1   1   1 | AT1G58390
AT1G58390.2          -          NB-ARC               PF00931.23   4.5e-68  230.6   1.9   7.8e-68  229.8   1.9   1.4   1   0   0   1   1   1   1 | AT1G58390
AT1G58807.1          -          NB-ARC               PF00931.23   5.8e-68  230.2   1.3     2e-67  228.4   1.0   2.0   2   0   0   2   2   1   1 | AT1G58807
AT1G59124.2          -          NB-ARC               PF00931.23   5.8e-68  230.2   1.3     2e-67  228.4   1.0   2.0   2   0   0   2   2   1   1 | AT1G59124
AT1G58410.3          -          NB-ARC               PF00931.23     1e-67  229.4   1.6   2.4e-67  228.2   1.6   1.7   1   0   0   1   1   1   1 | AT1G58410
AT1G58602.1          -          NB-ARC               PF00931.23   1.7e-67  228.7   0.6   3.2e-67  227.8   0.6   1.5   1   0   0   1   1   1   1 | AT1G58602
AT1G58602.2          -          NB-ARC               PF00931.23   1.7e-67  228.7   0.6   3.2e-67  227.8   0.6   1.5   1   0   0   1   1   1   1 | AT1G58602
AT1G58848.1          -          NB-ARC               PF00931.23     2e-67  228.5   0.9   3.9e-67  227.5   0.9   1.5   1   0   0   1   1   1   1 | AT1G58848
AT1G58848.2          -          NB-ARC               PF00931.23     2e-67  228.5   0.9   3.9e-67  227.5   0.9   1.5   1   0   0   1   1   1   1 | AT1G58848
AT1G59218.1          -          NB-ARC               PF00931.23     2e-67  228.5   0.9   3.9e-67  227.5   0.9   1.5   1   0   0   1   1   1   1 | AT1G59218
AT1G59218.2          -          NB-ARC               PF00931.23     2e-67  228.5   0.9   3.9e-67  227.5   0.9   1.5   1   0   0   1   1   1   1 | AT1G59218
AT1G59218.3          -          NB-ARC               PF00931.23     2e-67  228.5   0.9   3.9e-67  227.5   0.9   1.5   1   0   0   1   1   1   1 | AT1G59218
AT1G58400.2          -          NB-ARC               PF00931.23   8.1e-67  226.5   0.9   1.5e-66  225.6   0.9   1.4   1   0   0   1   1   1   1 | AT1G58400
AT1G58400.3          -          NB-ARC               PF00931.23   8.1e-67  226.5   0.9   1.5e-66  225.6   0.9   1.4   1   0   0   1   1   1   1 | AT1G58400
AT5G05400.1          -          NB-ARC               PF00931.23   1.4e-65  222.4   0.8   2.6e-65  221.5   0.8   1.4   1   0   0   1   1   1   1 | AT5G05400
AT5G05400.2          -          NB-ARC               PF00931.23   1.5e-64  219.0   0.4   2.4e-64  218.3   0.4   1.3   1   0   0   1   1   1   1 | AT5G05400
AT5G05400.3          -          NB-ARC               PF00931.23   1.5e-64  219.0   0.4   2.4e-64  218.3   0.4   1.3   1   0   0   1   1   1   1 | AT5G05400
AT1G50180.1          -          NB-ARC               PF00931.23   1.6e-62  212.4   2.5   2.3e-62  211.9   0.2   2.1   2   0   0   2   2   1   1 | AT1G50180
AT1G59780.2          -          NB-ARC               PF00931.23   6.5e-62  210.4   0.7   1.2e-61  209.5   0.7   1.5   1   0   0   1   1   1   1 | AT1G59780
AT1G59780.1          -          NB-ARC               PF00931.23   6.7e-62  210.4   0.7   1.2e-61  209.5   0.7   1.5   1   0   0   1   1   1   1 | AT1G59780
AT1G58400.1          -          NB-ARC               PF00931.23   9.5e-58  196.8   0.9   2.7e-57  195.3   0.9   1.8   1   1   0   1   1   1   1 | AT1G58400
AT1G52660.2          -          NB-ARC               PF00931.23   1.5e-57  196.1   0.3   1.5e-57  196.1   0.3   1.6   2   0   0   2   2   1   1 | AT1G52660
AT1G52660.1          -          NB-ARC               PF00931.23   1.5e-57  196.1   0.3   1.5e-57  196.1   0.3   1.6   2   0   0   2   2   1   1 | AT1G52660
AT5G47250.1          -          NB-ARC               PF00931.23     3e-57  195.1   2.2   4.9e-57  194.4   2.2   1.4   1   0   0   1   1   1   1 | AT5G47250
AT3G46530.1          -          NB-ARC               PF00931.23     3e-57  195.1   0.1   6.2e-57  194.1   0.1   1.5   1   0   0   1   1   1   1 | AT3G46530
AT3G46730.1          -          NB-ARC               PF00931.23   3.7e-55  188.3   0.5   6.6e-55  187.4   0.5   1.4   1   0   0   1   1   1   1 | AT3G46730
AT5G47260.1          -          NB-ARC               PF00931.23   7.8e-55  187.2   0.4   1.2e-53  183.3   0.0   2.5   2   0   0   2   2   1   1 | AT5G47260
AT3G15700.1          -          NB-ARC               PF00931.23   2.1e-54  185.8   0.2   4.7e-54  184.6   0.2   1.5   1   0   0   1   1   1   1 | AT3G15700
AT3G15700.2          -          NB-ARC               PF00931.23   2.3e-54  185.7   0.2     5e-54  184.5   0.2   1.5   1   0   0   1   1   1   1 | AT3G15700
AT4G27220.1          -          NB-ARC               PF00931.23   2.6e-50  172.4   1.8   4.4e-50  171.6   1.8   1.4   1   0   0   1   1   1   1 | AT4G27220
AT4G27220.2          -          NB-ARC               PF00931.23   2.6e-50  172.4   1.8   4.5e-50  171.6   1.8   1.4   1   0   0   1   1   1   1 | AT4G27220
AT4G27190.1          -          NB-ARC               PF00931.23   4.5e-50  171.6   0.6   4.5e-50  171.6   0.6   2.1   3   0   0   3   3   1   1 | AT4G27190
AT3G46710.1          -          NB-ARC               PF00931.23   7.4e-49  167.6   1.7   1.8e-48  166.3   1.7   1.7   1   0   0   1   1   1   1 | AT3G46710
AT3G14460.1          -          NB-ARC               PF00931.23   2.7e-47  162.5   0.1   1.1e-46  160.5   0.0   1.9   2   0   0   2   2   1   1 | AT3G14460
AT3G14470.1          -          NB-ARC               PF00931.23   1.7e-44  153.4   0.0   4.4e-44  152.0   0.0   1.7   2   0   0   2   2   1   1 | AT3G14470
AT3G14470.2          -          NB-ARC               PF00931.23   1.7e-44  153.4   0.0   4.4e-44  152.0   0.0   1.7   2   0   0   2   2   1   1 | AT3G14470
AT4G19500.1          -          NB-ARC               PF00931.23   4.6e-36  125.7   0.0   2.4e-19   70.9   0.0   2.5   2   0   0   2   2   2   2 | AT4G19500
AT4G36140.2          -          NB-ARC               PF00931.23   4.9e-34  119.0   0.0   2.1e-21   77.7   0.0   2.4   2   0   0   2   2   2   2 | AT4G36140
AT4G36140.1          -          NB-ARC               PF00931.23   5.8e-34  118.8   0.0   2.5e-21   77.4   0.0   2.6   2   0   0   2   2   2   2 | AT4G36140
AT1G10920.3          -          NB-ARC               PF00931.23   5.2e-33  115.7   0.0   1.1e-32  114.7   0.0   1.5   2   0   0   2   2   1   1 | AT1G10920
AT1G10920.5          -          NB-ARC               PF00931.23   5.2e-33  115.7   0.0   1.1e-32  114.7   0.0   1.5   2   0   0   2   2   1   1 | AT1G10920
AT5G48780.1          -          NB-ARC               PF00931.23   4.7e-32  112.6   0.0   1.6e-17   64.9   0.1   2.6   2   1   0   2   2   2   2 | AT5G48780
AT5G48770.1          -          NB-ARC               PF00931.23   1.8e-29  104.1   0.0   2.9e-29  103.4   0.0   1.3   1   0   0   1   1   1   1 | AT5G48770
AT5G41750.1          -          NB-ARC               PF00931.23   3.4e-28   99.9   0.1   5.6e-28   99.2   0.1   1.3   1   0   0   1   1   1   1 | AT5G41750
AT5G41750.2          -          NB-ARC               PF00931.23   3.4e-28   99.9   0.1   5.6e-28   99.2   0.1   1.3   1   0   0   1   1   1   1 | AT5G41750
AT1G27170.2          -          NB-ARC               PF00931.23   3.5e-28   99.9   0.4     8e-28   98.7   0.4   1.5   1   0   0   1   1   1   1 | AT1G27170
AT1G27170.1          -          NB-ARC               PF00931.23   4.1e-28   99.7   0.4     8e-28   98.7   0.4   1.4   1   0   0   1   1   1   1 | AT1G27170
AT5G17680.1          -          NB-ARC               PF00931.23   1.7e-27   97.6   0.0   4.7e-27   96.2   0.0   1.7   1   0   0   1   1   1   1 | AT5G17680
AT5G17680.2          -          NB-ARC               PF00931.23   1.7e-27   97.6   0.0   4.7e-27   96.2   0.0   1.7   1   0   0   1   1   1   1 | AT5G17680
AT5G36930.3          -          NB-ARC               PF00931.23   2.3e-27   97.2   0.0   4.1e-27   96.4   0.0   1.3   1   0   0   1   1   1   1 | AT5G36930
AT5G36930.1          -          NB-ARC               PF00931.23   2.5e-27   97.1   0.0   4.5e-27   96.2   0.0   1.3   1   0   0   1   1   1   1 | AT5G36930
AT5G36930.4          -          NB-ARC               PF00931.23   2.5e-27   97.1   0.0   4.5e-27   96.2   0.0   1.3   1   0   0   1   1   1   1 | AT5G36930
AT5G36930.2          -          NB-ARC               PF00931.23   2.5e-27   97.1   0.0   4.5e-27   96.2   0.0   1.3   1   0   0   1   1   1   1 | AT5G36930
AT5G04720.1          -          NB-ARC               PF00931.23   5.4e-27   96.0   1.7   2.2e-26   94.0   0.1   2.5   2   1   0   2   2   1   1 | AT5G04720
AT1G27180.3          -          NB-ARC               PF00931.23   5.7e-27   95.9   0.5   1.2e-26   94.8   0.5   1.4   1   0   0   1   1   1   1 | AT1G27180
AT4G33300.1          -          NB-ARC               PF00931.23   6.4e-27   95.8   0.4   1.9e-26   94.2   0.0   1.9   2   1   0   2   2   1   1 | AT4G33300
AT4G33300.2          -          NB-ARC               PF00931.23   6.4e-27   95.8   0.4   1.9e-26   94.2   0.0   1.9   2   1   0   2   2   1   1 | AT4G33300
AT1G63740.1          -          NB-ARC               PF00931.23   6.4e-27   95.7   0.5   1.6e-26   94.5   0.1   1.9   2   0   0   2   2   1   1 | AT1G63740
AT1G63740.2          -          NB-ARC               PF00931.23   7.5e-27   95.5   0.5   1.8e-26   94.3   0.1   1.8   2   0   0   2   2   1   1 | AT1G63740
AT1G27180.4          -          NB-ARC               PF00931.23   7.8e-27   95.5   0.5   1.5e-26   94.6   0.5   1.3   1   0   0   1   1   1   1 | AT1G27180
AT1G27180.6          -          NB-ARC               PF00931.23   7.8e-27   95.5   0.5   1.5e-26   94.6   0.5   1.3   1   0   0   1   1   1   1 | AT1G27180
AT1G27180.7          -          NB-ARC               PF00931.23   7.8e-27   95.5   0.5   1.5e-26   94.6   0.5   1.3   1   0   0   1   1   1   1 | AT1G27180
AT1G27180.2          -          NB-ARC               PF00931.23   8.8e-27   95.3   0.5   1.8e-26   94.3   0.5   1.4   1   0   0   1   1   1   1 | AT1G27180
AT1G27180.5          -          NB-ARC               PF00931.23   9.2e-27   95.2   0.5   1.8e-26   94.3   0.5   1.4   1   0   0   1   1   1   1 | AT1G27180
AT1G27180.8          -          NB-ARC               PF00931.23   9.2e-27   95.2   0.5   1.8e-26   94.3   0.5   1.4   1   0   0   1   1   1   1 | AT1G27180
AT1G27180.1          -          NB-ARC               PF00931.23     1e-26   95.1   0.5   2.1e-26   94.0   0.5   1.4   1   0   0   1   1   1   1 | AT1G27180
AT5G41740.3          -          NB-ARC               PF00931.23   1.6e-26   94.4   0.0   2.4e-26   93.9   0.0   1.2   1   0   0   1   1   1   1 | AT5G41740
AT5G48780.2          -          NB-ARC               PF00931.23   1.6e-26   94.4   0.0   1.5e-17   65.1   0.1   3.1   2   1   1   3   3   2   2 | AT5G48780
AT5G41740.1          -          NB-ARC               PF00931.23     2e-26   94.1   0.0   3.2e-26   93.5   0.0   1.3   1   0   0   1   1   1   1 | AT5G41740
AT5G41740.2          -          NB-ARC               PF00931.23   2.2e-26   94.0   0.0   3.5e-26   93.3   0.0   1.3   1   0   0   1   1   1   1 | AT5G41740
AT4G09430.1          -          NB-ARC               PF00931.23   2.5e-26   93.8   0.0   6.6e-26   92.4   0.0   1.7   1   1   0   1   1   1   1 | AT4G09430
AT5G45210.3          -          NB-ARC               PF00931.23   5.1e-26   92.8   0.0   1.6e-25   91.2   0.0   1.7   1   1   0   1   1   1   1 | AT5G45210
AT2G17060.2          -          NB-ARC               PF00931.23   6.5e-26   92.5   0.3   1.5e-24   87.9   0.1   2.4   2   0   0   2   2   1   1 | AT2G17060
AT2G17060.1          -          NB-ARC               PF00931.23   7.7e-26   92.2   0.3   1.7e-24   87.8   0.1   2.4   2   0   0   2   2   1   1 | AT2G17060
AT5G45210.2          -          NB-ARC               PF00931.23   8.5e-26   92.1   0.0   2.6e-25   90.5   0.0   1.7   1   1   0   1   1   1   1 | AT5G45210
AT5G45210.1          -          NB-ARC               PF00931.23   9.8e-26   91.9   0.0   2.9e-25   90.3   0.0   1.7   1   1   0   1   1   1   1 | AT5G45210
AT5G45210.5          -          NB-ARC               PF00931.23     1e-25   91.8   0.0   3.1e-25   90.2   0.0   1.7   1   1   0   1   1   1   1 | AT5G45210
AT5G45210.4          -          NB-ARC               PF00931.23   1.1e-25   91.7   0.0   3.2e-25   90.2   0.0   1.7   1   1   0   1   1   1   1 | AT5G45210
AT5G45250.1          -          NB-ARC               PF00931.23   2.8e-25   90.4   0.3   4.6e-25   89.7   0.3   1.3   1   0   0   1   1   1   1 | AT5G45250
AT4G12010.1          -          NB-ARC               PF00931.23     4e-25   89.9   0.0   6.5e-25   89.2   0.0   1.3   1   0   0   1   1   1   1 | AT4G12010
AT1G33560.1          -          NB-ARC               PF00931.23   6.2e-25   89.2   4.1   2.1e-17   64.6   0.0   3.1   2   1   1   3   3   2   2 | AT1G33560
AT3G51560.1          -          NB-ARC               PF00931.23   1.4e-24   88.1   0.0   2.6e-24   87.2   0.0   1.3   1   0   0   1   1   1   1 | AT3G51560
AT5G41550.1          -          NB-ARC               PF00931.23   3.7e-24   86.7   0.1   8.8e-24   85.5   0.1   1.6   1   0   0   1   1   1   1 | AT5G41550
AT1G63880.2          -          NB-ARC               PF00931.23   4.2e-24   86.5   0.3   1.2e-23   85.1   0.0   1.9   2   1   0   2   2   1   1 | AT1G63880
AT1G72840.1          -          NB-ARC               PF00931.23     6e-24   86.0   0.0     1e-23   85.2   0.0   1.3   1   0   0   1   1   1   1 | AT1G72840
AT1G72840.4          -          NB-ARC               PF00931.23   6.1e-24   86.0   0.0   9.9e-24   85.3   0.0   1.3   1   0   0   1   1   1   1 | AT1G72840
AT1G72840.2          -          NB-ARC               PF00931.23   7.4e-24   85.7   0.0   1.3e-23   84.9   0.0   1.3   1   0   0   1   1   1   1 | AT1G72840
AT1G72840.3          -          NB-ARC               PF00931.23   7.4e-24   85.7   0.0   1.3e-23   84.9   0.0   1.3   1   0   0   1   1   1   1 | AT1G72840
AT1G63880.1          -          NB-ARC               PF00931.23   7.8e-24   85.6   0.3     2e-23   84.3   0.0   1.8   2   1   0   2   2   1   1 | AT1G63880
AT1G63870.1          -          NB-ARC               PF00931.23   1.1e-23   85.1   0.0   2.1e-23   84.2   0.0   1.3   1   0   0   1   1   1   1 | AT1G63870
AT5G45440.1          -          NB-ARC               PF00931.23   1.3e-23   84.9   0.3   1.2e-22   81.8   0.3   2.1   1   1   0   1   1   1   1 | AT5G45440
AT5G45490.1          -          NB-ARC               PF00931.23   1.6e-23   84.6   1.5   3.4e-22   80.3   1.5   2.4   1   1   0   1   1   1   1 | AT5G45490
AT5G45490.2          -          NB-ARC               PF00931.23   1.6e-23   84.6   1.5   3.4e-22   80.3   1.5   2.4   1   1   0   1   1   1   1 | AT5G45490
AT5G41540.1          -          NB-ARC               PF00931.23   2.6e-23   83.9   0.2   4.7e-23   83.1   0.2   1.4   1   0   0   1   1   1   1 | AT5G41540
AT5G45050.3          -          NB-ARC               PF00931.23   3.7e-23   83.4   0.0   8.1e-23   82.3   0.0   1.5   1   0   0   1   1   1   1 | AT5G45050
AT5G45050.2          -          NB-ARC               PF00931.23   3.8e-23   83.4   0.0   9.5e-23   82.1   0.0   1.6   1   0   0   1   1   1   1 | AT5G45050
AT5G45050.4          -          NB-ARC               PF00931.23   3.9e-23   83.3   0.0   8.3e-23   82.3   0.0   1.5   1   0   0   1   1   1   1 | AT5G45050
AT5G45050.1          -          NB-ARC               PF00931.23   4.5e-23   83.1   0.0   9.8e-23   82.0   0.0   1.5   1   0   0   1   1   1   1 | AT5G45050
AT4G36150.1          -          NB-ARC               PF00931.23   1.1e-22   81.8   0.3   2.1e-22   81.0   0.3   1.4   1   0   0   1   1   1   1 | AT4G36150
AT5G40910.4          -          NB-ARC               PF00931.23   1.2e-22   81.8   0.1   1.8e-22   81.2   0.1   1.2   1   0   0   1   1   1   1 | AT5G40910
AT5G40910.6          -          NB-ARC               PF00931.23   1.2e-22   81.8   0.1   1.8e-22   81.2   0.1   1.2   1   0   0   1   1   1   1 | AT5G40910
AT5G40910.2          -          NB-ARC               PF00931.23   1.2e-22   81.7   0.1   1.9e-22   81.1   0.1   1.2   1   0   0   1   1   1   1 | AT5G40910
AT5G40910.3          -          NB-ARC               PF00931.23   1.2e-22   81.7   0.1   1.9e-22   81.1   0.1   1.2   1   0   0   1   1   1   1 | AT5G40910
AT5G40910.5          -          NB-ARC               PF00931.23   1.2e-22   81.7   0.1   1.9e-22   81.1   0.1   1.2   1   0   0   1   1   1   1 | AT5G40910
AT5G40910.7          -          NB-ARC               PF00931.23   1.2e-22   81.7   0.1   1.9e-22   81.1   0.1   1.2   1   0   0   1   1   1   1 | AT5G40910
AT5G40910.8          -          NB-ARC               PF00931.23   1.2e-22   81.7   0.1   1.9e-22   81.1   0.1   1.2   1   0   0   1   1   1   1 | AT5G40910
AT3G04220.2          -          NB-ARC               PF00931.23   1.3e-22   81.7   0.0   2.2e-22   80.9   0.0   1.4   1   0   0   1   1   1   1 | AT3G04220
AT5G58120.1          -          NB-ARC               PF00931.23   1.3e-22   81.7   0.0   3.2e-22   80.3   0.0   1.7   2   0   0   2   2   1   1 | AT5G58120
AT4G11170.1          -          NB-ARC               PF00931.23   1.5e-22   81.4   0.0   2.8e-22   80.5   0.0   1.4   1   0   0   1   1   1   1 | AT4G11170
AT5G40910.1          -          NB-ARC               PF00931.23   1.6e-22   81.4   0.1   2.6e-22   80.7   0.1   1.3   1   0   0   1   1   1   1 | AT5G40910
AT5G40910.9          -          NB-ARC               PF00931.23   1.6e-22   81.4   0.1   2.6e-22   80.7   0.1   1.3   1   0   0   1   1   1   1 | AT5G40910
AT3G04220.1          -          NB-ARC               PF00931.23   1.9e-22   81.1   0.0   3.2e-22   80.3   0.0   1.3   1   0   0   1   1   1   1 | AT3G04220
AT1G17600.1          -          NB-ARC               PF00931.23     2e-22   81.0   0.0   3.5e-22   80.2   0.0   1.4   1   0   0   1   1   1   1 | AT1G17600
AT3G04220.3          -          NB-ARC               PF00931.23     2e-22   81.0   0.0   3.4e-22   80.3   0.0   1.3   1   0   0   1   1   1   1 | AT3G04220
AT4G19510.10         -          NB-ARC               PF00931.23   4.1e-22   80.0   0.0     8e-22   79.1   0.0   1.4   1   0   0   1   1   1   1 | AT4G19510
AT5G66910.1          -          NB-ARC               PF00931.23   4.4e-22   79.9   0.0   1.5e-21   78.2   0.0   1.9   1   1   0   1   1   1   1 | AT5G66910
AT4G19510.3          -          NB-ARC               PF00931.23   4.6e-22   79.8   0.0   8.7e-22   78.9   0.0   1.4   1   0   0   1   1   1   1 | AT4G19510
AT5G40100.1          -          NB-ARC               PF00931.23   4.9e-22   79.7   0.0   1.1e-21   78.6   0.0   1.6   1   0   0   1   1   1   1 | AT5G40100
AT5G38850.1          -          NB-ARC               PF00931.23   5.6e-22   79.6   0.1   1.4e-21   78.3   0.0   1.6   2   0   0   2   2   1   1 | AT5G38850
AT1G72850.1          -          NB-ARC               PF00931.23   6.1e-22   79.4   0.0     1e-21   78.7   0.0   1.3   1   0   0   1   1   1   1 | AT1G72850
AT4G19510.2          -          NB-ARC               PF00931.23   6.2e-22   79.4   0.0   1.2e-21   78.5   0.0   1.4   1   0   0   1   1   1   1 | AT4G19510
AT4G19510.4          -          NB-ARC               PF00931.23   8.6e-22   79.0   0.0   1.6e-21   78.1   0.0   1.4   1   0   0   1   1   1   1 | AT4G19510
AT4G19510.5          -          NB-ARC               PF00931.23   8.6e-22   79.0   0.0   1.6e-21   78.1   0.0   1.4   1   0   0   1   1   1   1 | AT4G19510
AT4G19510.7          -          NB-ARC               PF00931.23   8.6e-22   79.0   0.0   1.6e-21   78.1   0.0   1.4   1   0   0   1   1   1   1 | AT4G19510
AT5G45230.1          -          NB-ARC               PF00931.23   8.7e-22   78.9   1.3   1.5e-21   78.1   1.3   1.3   1   0   0   1   1   1   1 | AT5G45230
AT4G19510.1          -          NB-ARC               PF00931.23   9.1e-22   78.9   0.0   1.5e-21   78.1   0.0   1.3   1   0   0   1   1   1   1 | AT4G19510
AT4G19510.8          -          NB-ARC               PF00931.23   9.1e-22   78.9   0.0   1.5e-21   78.1   0.0   1.3   1   0   0   1   1   1   1 | AT4G19510
AT5G17970.1          -          NB-ARC               PF00931.23   9.9e-22   78.7   0.0   1.7e-21   77.9   0.0   1.3   1   0   0   1   1   1   1 | AT5G17970
AT1G63750.1          -          NB-ARC               PF00931.23     1e-21   78.7   0.0   1.9e-21   77.8   0.0   1.4   1   0   0   1   1   1   1 | AT1G63750
AT1G63750.2          -          NB-ARC               PF00931.23     1e-21   78.7   0.0   1.9e-21   77.8   0.0   1.4   1   0   0   1   1   1   1 | AT1G63750
AT1G63750.3          -          NB-ARC               PF00931.23   1.3e-21   78.4   0.0   2.4e-21   77.5   0.0   1.4   1   0   0   1   1   1   1 | AT1G63750
AT5G45260.2          -          NB-ARC               PF00931.23   1.3e-21   78.3   0.0   2.6e-21   77.4   0.0   1.4   1   0   0   1   1   1   1 | AT5G45260
AT5G45260.3          -          NB-ARC               PF00931.23   1.3e-21   78.3   0.0   2.6e-21   77.4   0.0   1.4   1   0   0   1   1   1   1 | AT5G45260
AT5G66900.3          -          NB-ARC               PF00931.23   1.4e-21   78.3   0.0   2.7e-21   77.3   0.0   1.5   1   0   0   1   1   1   1 | AT5G66900
AT5G66900.1          -          NB-ARC               PF00931.23   1.4e-21   78.2   0.0   5.1e-21   76.4   0.0   1.9   2   0   0   2   2   1   1 | AT5G66900
AT5G45260.1          -          NB-ARC               PF00931.23   1.5e-21   78.2   0.0   2.9e-21   77.2   0.0   1.4   1   0   0   1   1   1   1 | AT5G45260
AT5G66900.2          -          NB-ARC               PF00931.23   1.7e-21   78.0   0.0   5.7e-21   76.3   0.0   1.9   2   0   0   2   2   1   1 | AT5G66900
AT1G72860.3          -          NB-ARC               PF00931.23   1.8e-21   77.9   0.0   4.1e-21   76.7   0.0   1.6   1   0   0   1   1   1   1 | AT1G72860
AT1G72860.1          -          NB-ARC               PF00931.23   1.9e-21   77.8   0.0   4.3e-21   76.7   0.0   1.6   1   0   0   1   1   1   1 | AT1G72860
AT1G72860.2          -          NB-ARC               PF00931.23   2.4e-21   77.5   0.0   5.2e-21   76.4   0.0   1.5   1   0   0   1   1   1   1 | AT1G72860
AT5G18350.1          -          NB-ARC               PF00931.23   2.7e-21   77.3   0.0   5.1e-21   76.4   0.0   1.4   1   0   0   1   1   1   1 | AT5G18350
AT5G49140.1          -          NB-ARC               PF00931.23   4.3e-21   76.6   0.3   7.6e-21   75.8   0.3   1.4   1   0   0   1   1   1   1 | AT5G49140
AT1G64070.1          -          NB-ARC               PF00931.23   5.2e-21   76.4   0.0   9.9e-21   75.5   0.0   1.4   1   0   0   1   1   1   1 | AT1G64070
AT5G47280.1          -          NB-ARC               PF00931.23   6.2e-21   76.1   0.0   1.3e-20   75.1   0.0   1.5   1   1   0   1   1   1   1 | AT5G47280
AT1G56510.1          -          NB-ARC               PF00931.23   1.4e-20   75.0   0.1   2.3e-20   74.3   0.1   1.3   1   0   0   1   1   1   1 | AT1G56510
AT3G04210.1          -          NB-ARC               PF00931.23   1.4e-20   75.0   0.0   2.2e-20   74.3   0.0   1.3   1   0   0   1   1   1   1 | AT3G04210
AT3G04210.2          -          NB-ARC               PF00931.23   1.4e-20   75.0   0.0   2.2e-20   74.3   0.0   1.3   1   0   0   1   1   1   1 | AT3G04210
AT3G51570.2          -          NB-ARC               PF00931.23   1.7e-20   74.7   0.1   4.8e-20   73.2   0.1   1.8   1   1   0   1   1   1   1 | AT3G51570
AT3G51570.1          -          NB-ARC               PF00931.23   1.8e-20   74.6   0.1     5e-20   73.2   0.1   1.8   1   1   0   1   1   1   1 | AT3G51570
AT4G19060.1          -          NB-ARC               PF00931.23   2.1e-20   74.4   2.9   6.4e-19   69.5   2.9   3.1   1   1   0   1   1   1   1 | AT4G19060
AT5G17890.1          -          NB-ARC               PF00931.23   3.7e-20   73.6   0.0   8.4e-20   72.4   0.0   1.5   1   0   0   1   1   1   1 | AT5G17890
AT4G19520.2          -          NB-ARC               PF00931.23   4.7e-20   73.3   0.0   1.1e-19   72.0   0.0   1.6   1   0   0   1   1   1   1 | AT4G19520
AT4G19520.4          -          NB-ARC               PF00931.23   4.7e-20   73.3   0.0   1.1e-19   72.0   0.0   1.6   1   0   0   1   1   1   1 | AT4G19520
AT4G19520.3          -          NB-ARC               PF00931.23   4.8e-20   73.2   0.0   9.9e-20   72.2   0.0   1.5   1   0   0   1   1   1   1 | AT4G19520
AT4G19520.5          -          NB-ARC               PF00931.23   4.9e-20   73.2   0.0     1e-19   72.2   0.0   1.5   1   0   0   1   1   1   1 | AT4G19520
AT2G14080.2          -          NB-ARC               PF00931.23   4.9e-20   73.2   0.0   8.7e-20   72.4   0.0   1.3   1   0   0   1   1   1   1 | AT2G14080
AT4G19520.1          -          NB-ARC               PF00931.23   5.1e-20   73.1   0.0   1.2e-19   71.9   0.0   1.6   1   0   0   1   1   1   1 | AT4G19520
AT1G56540.2          -          NB-ARC               PF00931.23   5.2e-20   73.1   0.0   1.1e-19   72.0   0.0   1.5   1   0   0   1   1   1   1 | AT1G56540
AT4G19500.2          -          NB-ARC               PF00931.23   5.3e-20   73.1   0.0     1e-19   72.2   0.0   1.4   1   0   0   1   1   1   1 | AT4G19500
AT2G14080.1          -          NB-ARC               PF00931.23   5.4e-20   73.1   0.0   1.1e-19   72.1   0.0   1.4   1   0   0   1   1   1   1 | AT2G14080
AT5G44870.1          -          NB-ARC               PF00931.23   5.4e-20   73.0   0.7   9.5e-20   72.3   0.7   1.4   1   0   0   1   1   1   1 | AT5G44870
AT1G56540.1          -          NB-ARC               PF00931.23   6.6e-20   72.8   0.0   1.5e-19   71.6   0.0   1.6   1   0   0   1   1   1   1 | AT1G56540
AT5G45200.3          -          NB-ARC               PF00931.23     7e-20   72.7   0.0   1.5e-19   71.6   0.0   1.5   1   0   0   1   1   1   1 | AT5G45200
AT3G25510.2          -          NB-ARC               PF00931.23   8.1e-20   72.5   0.1   1.7e-19   71.4   0.0   1.5   2   0   0   2   2   1   1 | AT3G25510
AT1G63730.1          -          NB-ARC               PF00931.23   8.6e-20   72.4   0.2   3.4e-19   70.4   0.0   2.0   2   0   0   2   2   1   1 | AT1G63730
AT4G14370.1          -          NB-ARC               PF00931.23   8.7e-20   72.4   0.0   2.1e-19   71.1   0.0   1.7   1   0   0   1   1   1   1 | AT4G14370
AT4G14370.2          -          NB-ARC               PF00931.23   9.4e-20   72.3   0.0   2.3e-19   71.0   0.0   1.7   1   0   0   1   1   1   1 | AT4G14370
AT4G14370.3          -          NB-ARC               PF00931.23   9.4e-20   72.3   0.0   2.3e-19   71.0   0.0   1.7   1   0   0   1   1   1   1 | AT4G14370
AT5G45200.1          -          NB-ARC               PF00931.23   1.1e-19   72.1   0.0   2.2e-19   71.1   0.0   1.5   1   0   0   1   1   1   1 | AT5G45200
AT3G44670.1          -          NB-ARC               PF00931.23   1.5e-19   71.6   0.0   3.9e-19   70.2   0.0   1.6   1   0   0   1   1   1   1 | AT3G44670
AT3G44670.2          -          NB-ARC               PF00931.23   1.5e-19   71.6   0.0   3.9e-19   70.2   0.0   1.6   1   0   0   1   1   1   1 | AT3G44670
AT5G44870.2          -          NB-ARC               PF00931.23   1.6e-19   71.6   0.7   2.6e-19   70.8   0.7   1.3   1   0   0   1   1   1   1 | AT5G44870
AT2G16870.1          -          NB-ARC               PF00931.23   1.8e-19   71.4   0.0     4e-19   70.2   0.0   1.6   1   0   0   1   1   1   1 | AT2G16870
AT5G18360.1          -          NB-ARC               PF00931.23     2e-19   71.2   0.0   3.8e-19   70.3   0.0   1.4   1   0   0   1   1   1   1 | AT5G18360
AT3G44480.2          -          NB-ARC               PF00931.23   2.5e-19   70.9   0.0   6.3e-19   69.6   0.0   1.6   1   0   0   1   1   1   1 | AT3G44480
AT1G72870.1          -          NB-ARC               PF00931.23   2.5e-19   70.9   0.0   7.8e-19   69.3   0.0   1.7   2   0   0   2   2   1   1 | AT1G72870
AT3G44480.1          -          NB-ARC               PF00931.23   2.5e-19   70.9   0.0   6.3e-19   69.6   0.0   1.6   1   0   0   1   1   1   1 | AT3G44480
AT3G44480.4          -          NB-ARC               PF00931.23   2.5e-19   70.9   0.0   6.3e-19   69.6   0.0   1.6   1   0   0   1   1   1   1 | AT3G44480
AT3G44480.3          -          NB-ARC               PF00931.23   2.7e-19   70.8   0.0   6.7e-19   69.5   0.0   1.6   1   0   0   1   1   1   1 | AT3G44480
AT3G44480.5          -          NB-ARC               PF00931.23   2.7e-19   70.8   0.0   6.7e-19   69.5   0.0   1.6   1   0   0   1   1   1   1 | AT3G44480
AT5G51630.5          -          NB-ARC               PF00931.23   3.8e-19   70.3   0.0   7.7e-19   69.3   0.0   1.5   1   0   0   1   1   1   1 | AT5G51630
AT4G08450.2          -          NB-ARC               PF00931.23   4.7e-19   70.0   0.0   8.6e-19   69.1   0.0   1.4   1   0   0   1   1   1   1 | AT4G08450
AT4G09420.1          -          NB-ARC               PF00931.23   4.7e-19   70.0   0.2   9.1e-19   69.0   0.2   1.4   1   0   0   1   1   1   1 | AT4G09420
AT5G11250.1          -          NB-ARC               PF00931.23   4.8e-19   70.0   0.0     9e-19   69.1   0.0   1.4   1   0   0   1   1   1   1 | AT5G11250
AT5G11250.3          -          NB-ARC               PF00931.23   4.8e-19   70.0   0.0     9e-19   69.1   0.0   1.4   1   0   0   1   1   1   1 | AT5G11250
AT4G08450.1          -          NB-ARC               PF00931.23   4.8e-19   70.0   0.0   8.8e-19   69.1   0.0   1.4   1   0   0   1   1   1   1 | AT4G08450
AT5G46260.1          -          NB-ARC               PF00931.23   4.8e-19   69.9   0.0   9.5e-19   69.0   0.0   1.5   1   0   0   1   1   1   1 | AT5G46260
AT3G44630.1          -          NB-ARC               PF00931.23   5.3e-19   69.8   0.0   1.9e-18   68.0   0.0   2.0   1   0   0   1   1   1   1 | AT3G44630
AT3G44630.2          -          NB-ARC               PF00931.23   5.3e-19   69.8   0.0   1.9e-18   68.0   0.0   2.0   1   0   0   1   1   1   1 | AT3G44630
AT3G44630.4          -          NB-ARC               PF00931.23   5.3e-19   69.8   0.0   1.9e-18   68.0   0.0   2.0   1   0   0   1   1   1   1 | AT3G44630
AT5G11250.2          -          NB-ARC               PF00931.23   5.4e-19   69.8   0.0     1e-18   68.9   0.0   1.4   1   0   0   1   1   1   1 | AT5G11250
AT3G44630.3          -          NB-ARC               PF00931.23   5.6e-19   69.7   0.0     2e-18   67.9   0.0   1.9   1   0   0   1   1   1   1 | AT3G44630
AT5G51630.4          -          NB-ARC               PF00931.23   6.5e-19   69.5   0.0   1.2e-18   68.6   0.0   1.4   1   0   0   1   1   1   1 | AT5G51630
AT5G51630.6          -          NB-ARC               PF00931.23   6.5e-19   69.5   0.0   1.2e-18   68.6   0.0   1.4   1   0   0   1   1   1   1 | AT5G51630
AT5G51630.2          -          NB-ARC               PF00931.23   6.5e-19   69.5   0.0   1.2e-18   68.6   0.0   1.4   1   0   0   1   1   1   1 | AT5G51630
AT5G51630.1          -          NB-ARC               PF00931.23   6.8e-19   69.5   0.0   1.3e-18   68.5   0.0   1.4   1   0   0   1   1   1   1 | AT5G51630
AT5G44510.4          -          NB-ARC               PF00931.23   9.7e-19   69.0   0.0   1.7e-18   68.1   0.0   1.4   1   0   0   1   1   1   1 | AT5G44510
AT1G65850.3          -          NB-ARC               PF00931.23   9.8e-19   68.9   0.0   2.1e-18   67.8   0.0   1.5   1   0   0   1   1   1   1 | AT1G65850
AT5G44510.2          -          NB-ARC               PF00931.23   9.9e-19   68.9   0.0   1.8e-18   68.1   0.0   1.4   1   0   0   1   1   1   1 | AT5G44510
AT5G44510.3          -          NB-ARC               PF00931.23     1e-18   68.9   0.0   1.8e-18   68.1   0.0   1.4   1   0   0   1   1   1   1 | AT5G44510
AT1G65850.1          -          NB-ARC               PF00931.23     1e-18   68.9   0.0   2.6e-18   67.5   0.0   1.6   1   0   0   1   1   1   1 | AT1G65850
AT1G65850.2          -          NB-ARC               PF00931.23     1e-18   68.9   0.0   2.7e-18   67.5   0.0   1.6   1   0   0   1   1   1   1 | AT1G65850
AT5G44510.1          -          NB-ARC               PF00931.23     1e-18   68.8   0.0   1.8e-18   68.0   0.0   1.4   1   0   0   1   1   1   1 | AT5G44510
AT5G18370.1          -          NB-ARC               PF00931.23   1.5e-18   68.3   0.0   3.5e-18   67.1   0.0   1.5   1   0   0   1   1   1   1 | AT5G18370
AT4G16960.1          -          NB-ARC               PF00931.23   2.3e-18   67.7   0.2     4e-18   66.9   0.2   1.3   1   0   0   1   1   1   1 | AT4G16960
AT4G16940.1          -          NB-ARC               PF00931.23   3.1e-18   67.3   0.2     5e-18   66.6   0.2   1.3   1   0   0   1   1   1   1 | AT4G16940
AT4G16940.4          -          NB-ARC               PF00931.23   3.1e-18   67.3   0.2     5e-18   66.6   0.2   1.3   1   0   0   1   1   1   1 | AT4G16940
AT1G66090.1          -          NB-ARC               PF00931.23   3.2e-18   67.2   0.1   1.4e-17   65.2   0.0   2.0   2   1   1   3   3   1   1 | AT1G66090
AT4G16940.6          -          NB-ARC               PF00931.23   3.5e-18   67.1   0.2   5.6e-18   66.5   0.2   1.3   1   0   0   1   1   1   1 | AT4G16940
AT4G16940.2          -          NB-ARC               PF00931.23   3.5e-18   67.1   0.2   5.7e-18   66.4   0.2   1.3   1   0   0   1   1   1   1 | AT4G16940
AT4G16940.3          -          NB-ARC               PF00931.23   3.5e-18   67.1   0.2   5.7e-18   66.4   0.2   1.3   1   0   0   1   1   1   1 | AT4G16940
AT4G16940.5          -          NB-ARC               PF00931.23   3.5e-18   67.1   0.2   5.7e-18   66.4   0.2   1.3   1   0   0   1   1   1   1 | AT4G16940
AT5G45060.1          -          NB-ARC               PF00931.23   4.5e-18   66.8   0.0   1.2e-17   65.4   0.0   1.7   1   0   0   1   1   1   1 | AT5G45060
AT5G45060.2          -          NB-ARC               PF00931.23   4.5e-18   66.8   0.0   1.2e-17   65.4   0.0   1.7   1   0   0   1   1   1   1 | AT5G45060
AT4G12020.11         -          NB-ARC               PF00931.23   5.3e-18   66.5   0.3   1.2e-17   65.4   0.3   1.5   1   0   0   1   1   1   1 | AT4G12020
AT5G38350.1          -          NB-ARC               PF00931.23   6.1e-18   66.3   0.0   1.1e-17   65.4   0.0   1.4   1   0   0   1   1   1   1 | AT5G38350
AT4G12020.6          -          NB-ARC               PF00931.23     9e-18   65.8   0.3   1.9e-17   64.7   0.3   1.5   1   0   0   1   1   1   1 | AT4G12020
AT4G12020.8          -          NB-ARC               PF00931.23     9e-18   65.8   0.3   1.9e-17   64.7   0.3   1.5   1   0   0   1   1   1   1 | AT4G12020
AT4G12020.7          -          NB-ARC               PF00931.23   9.2e-18   65.7   0.3   1.9e-17   64.7   0.3   1.5   1   0   0   1   1   1   1 | AT4G12020
AT4G12020.1          -          NB-ARC               PF00931.23   9.3e-18   65.7   0.3   1.9e-17   64.7   0.3   1.5   1   0   0   1   1   1   1 | AT4G12020
AT4G12020.9          -          NB-ARC               PF00931.23   9.3e-18   65.7   0.3   1.9e-17   64.7   0.3   1.5   1   0   0   1   1   1   1 | AT4G12020
AT4G12020.10         -          NB-ARC               PF00931.23   9.9e-18   65.6   0.3     2e-17   64.6   0.3   1.5   1   0   0   1   1   1   1 | AT4G12020
AT5G17880.2          -          NB-ARC               PF00931.23     1e-17   65.6   0.0   2.1e-17   64.5   0.0   1.5   1   0   0   1   1   1   1 | AT5G17880
AT4G12020.3          -          NB-ARC               PF00931.23     1e-17   65.6   0.3   2.1e-17   64.6   0.3   1.5   1   0   0   1   1   1   1 | AT4G12020
AT4G12020.4          -          NB-ARC               PF00931.23     1e-17   65.6   0.3   2.1e-17   64.6   0.3   1.5   1   0   0   1   1   1   1 | AT4G12020
AT4G12020.2          -          NB-ARC               PF00931.23     1e-17   65.6   0.3   2.1e-17   64.6   0.3   1.5   1   0   0   1   1   1   1 | AT4G12020
AT5G17880.1          -          NB-ARC               PF00931.23     1e-17   65.6   0.0   2.2e-17   64.5   0.0   1.5   1   0   0   1   1   1   1 | AT5G17880
AT4G12020.5          -          NB-ARC               PF00931.23   1.1e-17   65.4   0.3     2e-17   64.7   0.3   1.3   1   0   0   1   1   1   1 | AT4G12020
AT5G46450.3          -          NB-ARC               PF00931.23   1.2e-17   65.3   0.0   3.5e-17   63.9   0.0   1.8   1   0   0   1   1   1   1 | AT5G46450
AT5G46450.1          -          NB-ARC               PF00931.23   1.3e-17   65.2   0.0   3.7e-17   63.8   0.0   1.8   1   0   0   1   1   1   1 | AT5G46450
AT4G16900.3          -          NB-ARC               PF00931.23   2.1e-17   64.6   0.0   3.4e-17   63.9   0.0   1.3   1   0   0   1   1   1   1 | AT4G16900
AT4G09360.1          -          NB-ARC               PF00931.23     3e-17   64.1   0.0   4.5e-17   63.5   0.0   1.2   1   0   0   1   1   1   1 | AT4G09360
AT4G16920.1          -          NB-ARC               PF00931.23   3.4e-17   63.9   0.1   7.8e-17   62.7   0.1   1.6   1   0   0   1   1   1   1 | AT4G16920
AT4G16900.2          -          NB-ARC               PF00931.23   3.4e-17   63.9   0.0   5.7e-17   63.2   0.0   1.3   1   0   0   1   1   1   1 | AT4G16900
AT4G16920.9          -          NB-ARC               PF00931.23   3.5e-17   63.9   0.1   7.8e-17   62.7   0.1   1.6   1   0   0   1   1   1   1 | AT4G16920
AT4G16860.2          -          NB-ARC               PF00931.23   3.5e-17   63.9   0.4   1.9e-16   61.5   0.2   2.0   2   0   0   2   2   1   1 | AT4G16860
AT4G16920.6          -          NB-ARC               PF00931.23   3.5e-17   63.8   0.1   7.9e-17   62.7   0.1   1.6   1   0   0   1   1   1   1 | AT4G16920
AT4G16920.4          -          NB-ARC               PF00931.23   3.6e-17   63.8   0.1     8e-17   62.7   0.1   1.6   1   0   0   1   1   1   1 | AT4G16920
AT4G16920.7          -          NB-ARC               PF00931.23   3.6e-17   63.8   0.1     8e-17   62.7   0.1   1.6   1   0   0   1   1   1   1 | AT4G16920
AT4G16920.3          -          NB-ARC               PF00931.23   3.8e-17   63.7   0.1   8.4e-17   62.6   0.1   1.6   1   0   0   1   1   1   1 | AT4G16920
AT4G16920.5          -          NB-ARC               PF00931.23   3.8e-17   63.7   0.1   8.4e-17   62.6   0.1   1.6   1   0   0   1   1   1   1 | AT4G16920
AT4G16920.2          -          NB-ARC               PF00931.23   3.8e-17   63.7   0.1   8.4e-17   62.6   0.1   1.6   1   0   0   1   1   1   1 | AT4G16920
AT4G16920.8          -          NB-ARC               PF00931.23   3.8e-17   63.7   0.1   8.4e-17   62.6   0.1   1.6   1   0   0   1   1   1   1 | AT4G16920
AT4G16900.1          -          NB-ARC               PF00931.23   4.2e-17   63.6   0.0   7.2e-17   62.8   0.0   1.3   1   0   0   1   1   1   1 | AT4G16900
AT5G38340.2          -          NB-ARC               PF00931.23     5e-17   63.3   0.0   8.9e-17   62.5   0.0   1.4   1   0   0   1   1   1   1 | AT5G38340
AT4G16860.1          -          NB-ARC               PF00931.23   5.1e-17   63.3   0.4   2.4e-16   61.1   0.2   2.0   2   0   0   2   2   1   1 | AT4G16860
AT5G38340.1          -          NB-ARC               PF00931.23   5.8e-17   63.1   0.0   1.3e-16   62.0   0.0   1.6   1   0   0   1   1   1   1 | AT5G38340
AT5G38340.3          -          NB-ARC               PF00931.23   5.8e-17   63.1   0.0   1.3e-16   62.0   0.0   1.6   1   0   0   1   1   1   1 | AT5G38340
AT5G40090.1          -          NB-ARC               PF00931.23   8.4e-17   62.6   0.0     3e-16   60.8   0.0   1.9   1   1   0   1   1   1   1 | AT5G40090
AT4G16890.4          -          NB-ARC               PF00931.23   1.3e-16   62.0   0.1   2.4e-16   61.1   0.1   1.4   1   0   0   1   1   1   1 | AT4G16890
AT4G16890.2          -          NB-ARC               PF00931.23   1.6e-16   61.7   0.1     3e-16   60.8   0.1   1.4   1   0   0   1   1   1   1 | AT4G16890
AT4G16890.3          -          NB-ARC               PF00931.23   1.9e-16   61.4   0.1   3.5e-16   60.5   0.1   1.4   1   0   0   1   1   1   1 | AT4G16890
AT4G16890.5          -          NB-ARC               PF00931.23     2e-16   61.4   0.1   3.8e-16   60.4   0.1   1.4   1   0   0   1   1   1   1 | AT4G16890
AT4G16890.1          -          NB-ARC               PF00931.23     2e-16   61.3   0.1   3.8e-16   60.4   0.1   1.4   1   0   0   1   1   1   1 | AT4G16890
AT5G45240.2          -          NB-ARC               PF00931.23   3.7e-16   60.5   0.0   7.1e-16   59.6   0.0   1.4   1   0   0   1   1   1   1 | AT5G45240
AT5G45240.1          -          NB-ARC               PF00931.23   3.7e-16   60.5   0.0   7.1e-16   59.6   0.0   1.4   1   0   0   1   1   1   1 | AT5G45240
AT4G16950.5          -          NB-ARC               PF00931.23   1.1e-15   58.9   0.1   2.3e-15   57.9   0.1   1.5   1   0   0   1   1   1   1 | AT4G16950
AT4G16950.6          -          NB-ARC               PF00931.23   1.1e-15   58.9   0.1   2.4e-15   57.9   0.1   1.5   1   0   0   1   1   1   1 | AT4G16950
AT4G16950.4          -          NB-ARC               PF00931.23   1.2e-15   58.8   0.1   2.4e-15   57.8   0.1   1.5   1   0   0   1   1   1   1 | AT4G16950
AT4G16950.2          -          NB-ARC               PF00931.23   1.2e-15   58.8   0.1   2.5e-15   57.8   0.1   1.5   1   0   0   1   1   1   1 | AT4G16950
AT4G16950.3          -          NB-ARC               PF00931.23   1.3e-15   58.7   0.1   2.6e-15   57.7   0.1   1.5   1   0   0   1   1   1   1 | AT4G16950
AT4G16950.1          -          NB-ARC               PF00931.23   1.3e-15   58.7   0.1   2.6e-15   57.7   0.1   1.5   1   0   0   1   1   1   1 | AT4G16950
AT5G22690.3          -          NB-ARC               PF00931.23   1.8e-15   58.2   0.0     3e-15   57.5   0.0   1.4   1   0   0   1   1   1   1 | AT5G22690
AT5G22690.4          -          NB-ARC               PF00931.23   1.9e-15   58.1   0.0   3.3e-15   57.4   0.0   1.4   1   0   0   1   1   1   1 | AT5G22690
AT1G17610.1          -          NB-ARC               PF00931.23   2.2e-15   57.9   0.1   5.2e-15   56.7   0.1   1.6   1   0   0   1   1   1   1 | AT1G17610
AT1G17610.2          -          NB-ARC               PF00931.23   2.2e-15   57.9   0.1   5.2e-15   56.7   0.1   1.6   1   0   0   1   1   1   1 | AT1G17610
AT5G22690.1          -          NB-ARC               PF00931.23   2.3e-15   57.9   0.0     4e-15   57.1   0.0   1.4   1   0   0   1   1   1   1 | AT5G22690
AT5G22690.2          -          NB-ARC               PF00931.23   2.4e-15   57.9   0.0     4e-15   57.1   0.0   1.4   1   0   0   1   1   1   1 | AT5G22690
AT3G44400.1          -          NB-ARC               PF00931.23   2.8e-15   57.6   0.0   6.4e-15   56.4   0.0   1.5   1   0   0   1   1   1   1 | AT3G44400
AT3G44400.2          -          NB-ARC               PF00931.23   2.8e-15   57.6   0.0   6.4e-15   56.4   0.0   1.5   1   0   0   1   1   1   1 | AT3G44400
AT3G44400.3          -          NB-ARC               PF00931.23   2.8e-15   57.6   0.0   6.4e-15   56.4   0.0   1.5   1   0   0   1   1   1   1 | AT3G44400
AT3G44400.4          -          NB-ARC               PF00931.23   2.8e-15   57.6   0.0   6.4e-15   56.4   0.0   1.5   1   0   0   1   1   1   1 | AT3G44400
AT3G44400.5          -          NB-ARC               PF00931.23   2.8e-15   57.6   0.0   6.4e-15   56.4   0.0   1.5   1   0   0   1   1   1   1 | AT3G44400
AT1G56520.5          -          NB-ARC               PF00931.23   3.7e-15   57.2   0.0   8.9e-15   56.0   0.0   1.6   1   0   0   1   1   1   1 | AT1G56520
AT4G19510.9          -          NB-ARC               PF00931.23   4.3e-15   57.0   0.1   9.7e-07   29.6   0.0   2.4   1   1   1   2   2   2   2 | AT4G19510
AT1G56520.3          -          NB-ARC               PF00931.23   5.2e-15   56.7   0.0   1.1e-14   55.7   0.0   1.5   1   0   0   1   1   1   1 | AT1G56520
AT5G40060.2          -          NB-ARC               PF00931.23   6.1e-15   56.5   0.0   1.2e-14   55.6   0.0   1.4   1   0   0   1   1   1   1 | AT5G40060
AT5G46520.1          -          NB-ARC               PF00931.23   6.8e-15   56.4   0.0   1.7e-14   55.1   0.0   1.7   1   0   0   1   1   1   1 | AT5G46520
AT5G46520.2          -          NB-ARC               PF00931.23   7.2e-15   56.3   0.0   1.8e-14   55.0   0.0   1.6   1   0   0   1   1   1   1 | AT5G46520
AT1G56520.1          -          NB-ARC               PF00931.23   7.3e-15   56.2   0.0   1.6e-14   55.1   0.0   1.6   1   0   0   1   1   1   1 | AT1G56520
AT1G56520.4          -          NB-ARC               PF00931.23   7.7e-15   56.2   0.0   1.7e-14   55.1   0.0   1.6   1   0   0   1   1   1   1 | AT1G56520
AT5G40060.1          -          NB-ARC               PF00931.23   8.1e-15   56.1   0.0   1.5e-14   55.2   0.0   1.4   1   0   0   1   1   1   1 | AT5G40060
AT5G46510.2          -          NB-ARC               PF00931.23   8.4e-15   56.0   0.0   2.7e-14   54.4   0.0   1.8   2   0   0   2   2   1   1 | AT5G46510
AT5G46510.1          -          NB-ARC               PF00931.23     9e-15   55.9   0.0   2.8e-14   54.3   0.0   1.8   2   0   0   2   2   1   1 | AT5G46510
AT5G46270.3          -          NB-ARC               PF00931.23   9.2e-15   55.9   0.0   1.7e-14   55.0   0.0   1.4   1   0   0   1   1   1   1 | AT5G46270
AT5G46270.2          -          NB-ARC               PF00931.23   9.3e-15   55.9   0.0   1.8e-14   55.0   0.0   1.4   1   0   0   1   1   1   1 | AT5G46270
AT5G46270.1          -          NB-ARC               PF00931.23   9.4e-15   55.9   0.0   1.8e-14   55.0   0.0   1.4   1   0   0   1   1   1   1 | AT5G46270
AT5G46270.5          -          NB-ARC               PF00931.23   9.4e-15   55.9   0.0   1.8e-14   55.0   0.0   1.4   1   0   0   1   1   1   1 | AT5G46270
AT5G46270.4          -          NB-ARC               PF00931.23   9.4e-15   55.9   0.0   1.8e-14   55.0   0.0   1.4   1   0   0   1   1   1   1 | AT5G46270
AT1G56520.2          -          NB-ARC               PF00931.23   1.1e-14   55.7   0.0   2.3e-14   54.6   0.0   1.6   1   0   0   1   1   1   1 | AT1G56520
AT4G19510.6          -          NB-ARC               PF00931.23   1.2e-14   55.6   0.1   1.6e-06   28.9   0.0   2.4   1   1   1   2   2   2   2 | AT4G19510
AT1G31540.1          -          NB-ARC               PF00931.23   1.4e-14   55.4   0.0   2.5e-14   54.5   0.0   1.4   1   0   0   1   1   1   1 | AT1G31540
AT1G31540.3          -          NB-ARC               PF00931.23   1.4e-14   55.4   0.0   2.5e-14   54.5   0.0   1.4   1   0   0   1   1   1   1 | AT1G31540
AT2G17050.3          -          NB-ARC               PF00931.23   1.9e-14   54.9   0.0   5.4e-13   50.1   0.0   2.3   1   1   0   1   1   1   1 | AT2G17050
AT2G17050.1          -          NB-ARC               PF00931.23   2.1e-14   54.7   0.0   5.8e-13   50.0   0.0   2.3   1   1   0   1   1   1   1 | AT2G17050
AT2G17050.2          -          NB-ARC               PF00931.23   2.2e-14   54.7   0.0     6e-13   50.0   0.0   2.3   1   1   0   1   1   1   1 | AT2G17050
AT1G31540.2          -          NB-ARC               PF00931.23   2.9e-14   54.3   0.0   5.1e-14   53.5   0.0   1.4   1   0   0   1   1   1   1 | AT1G31540
AT2G16870.2          -          NB-ARC               PF00931.23     7e-14   53.0   0.0   1.5e-13   52.0   0.0   1.4   1   0   0   1   1   1   1 | AT2G16870
AT2G16870.3          -          NB-ARC               PF00931.23     7e-14   53.0   0.0   1.5e-13   52.0   0.0   1.4   1   0   0   1   1   1   1 | AT2G16870
AT5G46470.1          -          NB-ARC               PF00931.23   7.3e-14   53.0   0.0   1.3e-13   52.1   0.0   1.4   1   0   0   1   1   1   1 | AT5G46470
AT1G72890.1          -          NB-ARC               PF00931.23   9.8e-14   52.5   0.0   2.2e-13   51.4   0.0   1.5   1   0   0   1   1   1   1 | AT1G72890
AT1G72890.2          -          NB-ARC               PF00931.23   1.4e-13   52.1   0.0   2.8e-13   51.0   0.0   1.5   1   0   0   1   1   1   1 | AT1G72890
AT5G46490.8          -          NB-ARC               PF00931.23   2.9e-13   51.0   0.0   6.5e-13   49.9   0.0   1.6   1   0   0   1   1   1   1 | AT5G46490
AT5G46490.5          -          NB-ARC               PF00931.23     3e-13   51.0   0.0     6e-13   50.0   0.0   1.5   1   0   0   1   1   1   1 | AT5G46490
AT5G46490.7          -          NB-ARC               PF00931.23     3e-13   51.0   0.0     6e-13   50.0   0.0   1.5   1   0   0   1   1   1   1 | AT5G46490
AT5G46490.3          -          NB-ARC               PF00931.23   3.2e-13   50.8   0.0   6.4e-13   49.9   0.0   1.5   1   0   0   1   1   1   1 | AT5G46490
AT5G46490.6          -          NB-ARC               PF00931.23   3.4e-13   50.8   0.0   7.4e-13   49.7   0.0   1.6   1   0   0   1   1   1   1 | AT5G46490
AT5G46490.4          -          NB-ARC               PF00931.23   3.6e-13   50.7   0.0   7.9e-13   49.6   0.0   1.6   1   0   0   1   1   1   1 | AT5G46490
AT5G45200.2          -          NB-ARC               PF00931.23   4.3e-13   50.5   0.0   6.9e-13   49.8   0.0   1.3   1   0   0   1   1   1   1 | AT5G45200
AT5G46490.2          -          NB-ARC               PF00931.23   6.4e-13   49.9   0.0   1.3e-12   48.9   0.0   1.5   1   0   0   1   1   1   1 | AT5G46490
AT1G69550.1          -          NB-ARC               PF00931.23   8.1e-13   49.5   0.0   1.4e-12   48.8   0.0   1.3   1   0   0   1   1   1   1 | AT1G69550
AT4G19050.1          -          NB-ARC               PF00931.23   1.1e-12   49.1   3.3   2.8e-12   47.8   3.3   1.7   1   0   0   1   1   1   1 | AT4G19050
AT4G16990.16         -          NB-ARC               PF00931.23   1.7e-12   48.5   0.0   2.4e-12   48.0   0.0   1.2   1   0   0   1   1   1   1 | AT4G16990
AT4G16990.18         -          NB-ARC               PF00931.23   1.7e-12   48.5   0.0   2.4e-12   48.0   0.0   1.2   1   0   0   1   1   1   1 | AT4G16990
AT4G16990.5          -          NB-ARC               PF00931.23   2.2e-12   48.1   0.0   3.9e-12   47.3   0.0   1.4   1   0   0   1   1   1   1 | AT4G16990
AT4G16990.3          -          NB-ARC               PF00931.23   2.2e-12   48.1   0.0   3.9e-12   47.3   0.0   1.4   1   0   0   1   1   1   1 | AT4G16990
AT4G16990.14         -          NB-ARC               PF00931.23   2.5e-12   47.9   0.0     4e-12   47.3   0.0   1.3   1   0   0   1   1   1   1 | AT4G16990
AT4G16990.15         -          NB-ARC               PF00931.23   2.5e-12   47.9   0.0     4e-12   47.3   0.0   1.3   1   0   0   1   1   1   1 | AT4G16990
AT4G16990.19         -          NB-ARC               PF00931.23   2.5e-12   47.9   0.0     4e-12   47.3   0.0   1.3   1   0   0   1   1   1   1 | AT4G16990
AT4G16990.4          -          NB-ARC               PF00931.23   2.5e-12   47.9   0.0     4e-12   47.3   0.0   1.3   1   0   0   1   1   1   1 | AT4G16990
AT4G16990.1          -          NB-ARC               PF00931.23   2.6e-12   47.9   0.0   4.3e-12   47.2   0.0   1.3   1   0   0   1   1   1   1 | AT4G16990
AT4G16990.11         -          NB-ARC               PF00931.23   2.6e-12   47.9   0.0   4.3e-12   47.2   0.0   1.3   1   0   0   1   1   1   1 | AT4G16990
AT4G16990.6          -          NB-ARC               PF00931.23   2.6e-12   47.9   0.0   4.3e-12   47.2   0.0   1.3   1   0   0   1   1   1   1 | AT4G16990
AT4G16990.8          -          NB-ARC               PF00931.23   3.1e-12   47.6   0.0   5.2e-12   46.9   0.0   1.3   1   0   0   1   1   1   1 | AT4G16990
AT4G16990.10         -          NB-ARC               PF00931.23   3.1e-12   47.6   0.0   6.1e-12   46.7   0.0   1.5   1   0   0   1   1   1   1 | AT4G16990
AT4G16990.17         -          NB-ARC               PF00931.23   3.1e-12   47.6   0.0   6.1e-12   46.7   0.0   1.5   1   0   0   1   1   1   1 | AT4G16990
AT4G16990.13         -          NB-ARC               PF00931.23   3.1e-12   47.6   0.0   6.1e-12   46.7   0.0   1.5   1   0   0   1   1   1   1 | AT4G16990
AT4G16990.2          -          NB-ARC               PF00931.23   3.1e-12   47.6   0.0   6.1e-12   46.7   0.0   1.5   1   0   0   1   1   1   1 | AT4G16990
AT4G16990.9          -          NB-ARC               PF00931.23   3.4e-12   47.5   0.0   6.1e-12   46.7   0.0   1.4   1   0   0   1   1   1   1 | AT4G16990
AT4G16990.12         -          NB-ARC               PF00931.23   3.4e-12   47.5   0.0   6.1e-12   46.7   0.0   1.4   1   0   0   1   1   1   1 | AT4G16990
AT4G16990.7          -          NB-ARC               PF00931.23   3.4e-12   47.5   0.0   6.1e-12   46.7   0.0   1.4   1   0   0   1   1   1   1 | AT4G16990
AT5G66630.1          -          NB-ARC               PF00931.23   5.5e-12   46.8   0.2   1.4e-11   45.5   0.1   1.8   2   0   0   2   2   1   1 | AT5G66630
AT1G63860.3          -          NB-ARC               PF00931.23   1.6e-11   45.3   1.5   2.3e-08   34.9   0.0   2.7   2   1   1   3   3   1   1 | AT1G63860
AT1G63860.4          -          NB-ARC               PF00931.23   1.6e-11   45.3   1.5   2.3e-08   34.9   0.0   2.7   2   1   1   3   3   1   1 | AT1G63860
AT1G63860.5          -          NB-ARC               PF00931.23   1.6e-11   45.3   1.5   2.3e-08   34.9   0.0   2.7   2   1   1   3   3   1   1 | AT1G63860
AT1G63860.6          -          NB-ARC               PF00931.23   1.7e-11   45.2   1.5   2.5e-08   34.8   0.0   2.7   2   1   1   3   3   1   1 | AT1G63860
AT1G63860.2          -          NB-ARC               PF00931.23     2e-11   45.0   1.7   2.5e-08   34.8   0.0   2.7   2   1   1   3   3   1   1 | AT1G63860
AT4G19530.1          -          NB-ARC               PF00931.23   2.1e-11   44.9   0.6   4.7e-11   43.8   0.1   1.8   2   0   0   2   2   1   1 | AT4G19530
AT1G63860.1          -          NB-ARC               PF00931.23   2.1e-11   44.9   1.7   2.6e-08   34.8   0.0   2.7   2   1   1   3   3   1   1 | AT1G63860
AT4G19530.2          -          NB-ARC               PF00931.23   2.1e-11   44.9   0.6   4.8e-11   43.7   0.1   1.8   2   0   0   2   2   1   1 | AT4G19530
AT1G72940.1          -          NB-ARC               PF00931.23   2.2e-11   44.9   0.0   5.2e-10   40.3   0.0   2.4   1   1   0   1   1   1   1 | AT1G72940
AT5G51630.3          -          NB-ARC               PF00931.23   2.4e-10   41.5   0.0   5.2e-10   40.3   0.0   1.6   1   0   0   1   1   1   1 | AT5G51630
AT5G46450.2          -          NB-ARC               PF00931.23   4.8e-10   40.5   0.0   2.1e-09   38.4   0.0   2.1   2   0   0   2   2   1   1 | AT5G46450
AT1G72950.1          -          NB-ARC               PF00931.23   1.5e-08   35.5   0.3     1e-07   32.8   0.1   2.4   2   1   0   2   2   1   1 | AT1G72950
AT5G46490.1          -          NB-ARC               PF00931.23   2.5e-08   34.8   0.6   4.3e-08   34.1   0.1   1.6   2   0   0   2   2   1   1 | AT5G46490
AT1G72910.1          -          NB-ARC               PF00931.23   3.3e-07   31.2   0.5   1.6e-06   28.9   0.0   2.3   3   1   0   3   3   1   1 | AT1G72910
AT1G72900.1          -          NB-ARC               PF00931.23   1.5e-06   29.0   0.5   6.6e-06   26.9   0.0   2.1   2   1   0   2   2   1   1 | AT1G72900
AT1G17615.1          -          NB-ARC               PF00931.23   4.2e-06   27.5   0.0   1.2e-05   26.0   0.0   1.7   1   1   0   1   1   1   1 | AT1G17615
AT5G56220.1          -          NB-ARC               PF00931.23   9.5e-06   26.4   0.0   9.9e-05   23.0   0.0   2.1   2   0   0   2   2   0   0 | AT5G56220
AT5G56220.2          -          NB-ARC               PF00931.23   9.5e-06   26.4   0.0   9.9e-05   23.0   0.0   2.1   2   0   0   2   2   0   0 | AT5G56220
#
# Program:         hmmsearch
# Version:         3.1b2 (February 2015)
# Pipeline mode:   SEARCH
# Query file:      NB-ARC.hmm
# Target file:     /home/microbiome/data/el_projects/plant_cell_searches/proteome.all_transcripts.ath.fasta
# Option settings: hmmsearch --tblout Arabidopsis-nbarc.hmm.out --cut_ga NB-ARC.hmm /home/microbiome/data/el_projects/plant_cell_searches/proteome.all_transcripts.ath.fasta 
# Current dir:     /media/lamdata/microbiome/el_projects/plant_cell_searches/duckweed_nbarc
# Date:            Fri Sep 11 19:00:41 2020
# [ok]
