#                                                               --- full sequence ---- --- best 1 domain ---- --- domain number estimation ----
# target name        accession  query name           accession    E-value  score  bias   E-value  score  bias   exp reg clu  ov env dom rep inc description of target
#------------------- ---------- -------------------- ---------- --------- ------ ----- --------- ------ -----   --- --- --- --- --- --- --- --- ---------------------
Bradi2g61510.1       -          NB-ARC               PF00931.23   3.8e-61  208.0   1.2   2.3e-39  136.6   0.0   3.3   3   1   0   3   3   2   2 | Bradi2g61510
Bradi2g61510.2       -          NB-ARC               PF00931.23   3.8e-61  208.0   1.2   2.3e-39  136.6   0.0   3.3   3   1   0   3   3   2   2 | Bradi2g61510
Bradi2g39517.4       -          NB-ARC               PF00931.23   2.1e-60  205.5   6.1     5e-41  142.1   1.7   2.2   2   0   0   2   2   2   2 | Bradi2g39517
Bradi1g00234.1       -          NB-ARC               PF00931.23   7.7e-59  200.5   1.1   1.3e-58  199.7   1.1   1.3   1   0   0   1   1   1   1 | Bradi1g00234
Bradi2g38828.1       -          NB-ARC               PF00931.23   7.3e-58  197.3   3.7   8.9e-39  134.7   0.2   2.3   2   0   0   2   2   2   2 | Bradi2g38828
Bradi2g38828.2       -          NB-ARC               PF00931.23   7.3e-58  197.3   3.7   8.9e-39  134.7   0.2   2.3   2   0   0   2   2   2   2 | Bradi2g38828
Bradi2g38828.3       -          NB-ARC               PF00931.23   7.3e-58  197.3   3.7   8.9e-39  134.7   0.2   2.3   2   0   0   2   2   2   2 | Bradi2g38828
Bradi5g01167.1       -          NB-ARC               PF00931.23   2.1e-57  195.7   0.7     4e-57  194.8   0.7   1.4   1   0   0   1   1   1   1 | Bradi5g01167
Bradi5g01167.2       -          NB-ARC               PF00931.23   2.1e-57  195.7   0.7     4e-57  194.8   0.7   1.4   1   0   0   1   1   1   1 | Bradi5g01167
Bradi5g17527.1       -          NB-ARC               PF00931.23   4.2e-56  191.5   0.0   6.4e-56  190.9   0.0   1.2   1   0   0   1   1   1   1 | Bradi5g17527
Bradi1g55080.1       -          NB-ARC               PF00931.23   4.3e-56  191.5   0.2   6.5e-56  190.9   0.2   1.3   1   0   0   1   1   1   1 | Bradi1g55080
Bradi1g29427.4       -          NB-ARC               PF00931.23   1.8e-55  189.4   0.3   2.7e-55  188.8   0.3   1.2   1   0   0   1   1   1   1 | Bradi1g29427
Bradi2g38810.2       -          NB-ARC               PF00931.23   3.8e-55  188.4   5.8   2.2e-40  140.0   0.5   2.4   2   0   0   2   2   2   2 | Bradi2g38810
Bradi1g29446.1       -          NB-ARC               PF00931.23   5.1e-55  187.9   0.4   7.8e-55  187.3   0.4   1.2   1   0   0   1   1   1   1 | Bradi1g29446
Bradi4g33467.3       -          NB-ARC               PF00931.23   3.5e-54  185.2   0.2   6.9e-54  184.2   0.2   1.5   1   0   0   1   1   1   1 | Bradi4g33467
Bradi4g33467.2       -          NB-ARC               PF00931.23   3.8e-54  185.1   0.2   7.3e-54  184.2   0.2   1.5   1   0   0   1   1   1   1 | Bradi4g33467
Bradi4g33467.1       -          NB-ARC               PF00931.23   3.9e-54  185.1   0.2   7.3e-54  184.1   0.2   1.5   1   0   0   1   1   1   1 | Bradi4g33467
Bradi1g29441.2       -          NB-ARC               PF00931.23   3.9e-54  185.0   0.6   5.6e-54  184.5   0.6   1.2   1   0   0   1   1   1   1 | Bradi1g29441
Bradi1g29441.4       -          NB-ARC               PF00931.23   4.7e-54  184.8   0.6   6.9e-54  184.2   0.6   1.2   1   0   0   1   1   1   1 | Bradi1g29441
Bradi1g29441.3       -          NB-ARC               PF00931.23     5e-54  184.7   0.6   7.4e-54  184.1   0.6   1.2   1   0   0   1   1   1   1 | Bradi1g29441
Bradi2g38800.3       -          NB-ARC               PF00931.23   1.6e-53  183.0   7.0   1.9e-38  133.6   0.8   2.5   1   1   1   2   2   2   2 | Bradi2g38800
Bradi4g09247.1       -          NB-ARC               PF00931.23   6.1e-53  181.1   0.6   9.4e-53  180.5   0.6   1.2   1   0   0   1   1   1   1 | Bradi4g09247
Bradi3g41910.1       -          NB-ARC               PF00931.23   1.6e-52  179.7   0.3   3.1e-52  178.8   0.3   1.5   1   0   0   1   1   1   1 | Bradi3g41910
Bradi3g41872.1       -          NB-ARC               PF00931.23   7.5e-52  177.6   6.0   2.9e-38  133.0   1.3   3.6   3   1   0   3   3   2   2 | Bradi3g41872
Bradi4g06970.1       -          NB-ARC               PF00931.23   7.6e-52  177.5   1.2   1.3e-51  176.8   1.2   1.4   1   0   0   1   1   1   1 | Bradi4g06970
Bradi4g14697.1       -          NB-ARC               PF00931.23   8.7e-52  177.3   0.7   2.4e-51  175.9   0.1   1.9   2   0   0   2   2   1   1 | Bradi4g14697
Bradi4g04655.12      -          NB-ARC               PF00931.23   1.3e-51  176.7   0.1   2.9e-51  175.6   0.1   1.5   1   0   0   1   1   1   1 | Bradi4g04655
Bradi4g04655.10      -          NB-ARC               PF00931.23   1.4e-51  176.7   0.1   2.9e-51  175.6   0.1   1.5   1   0   0   1   1   1   1 | Bradi4g04655
Bradi4g04655.11      -          NB-ARC               PF00931.23   1.4e-51  176.7   0.1   2.9e-51  175.6   0.1   1.5   1   0   0   1   1   1   1 | Bradi4g04655
Bradi4g04655.8       -          NB-ARC               PF00931.23   1.4e-51  176.7   0.1   2.9e-51  175.6   0.1   1.5   1   0   0   1   1   1   1 | Bradi4g04655
Bradi4g04655.9       -          NB-ARC               PF00931.23   1.4e-51  176.7   0.1   2.9e-51  175.6   0.1   1.5   1   0   0   1   1   1   1 | Bradi4g04655
Bradi4g04655.2       -          NB-ARC               PF00931.23     2e-51  176.2   0.1   4.1e-51  175.1   0.1   1.5   1   0   0   1   1   1   1 | Bradi4g04655
Bradi4g04655.3       -          NB-ARC               PF00931.23     2e-51  176.2   0.1   4.1e-51  175.1   0.1   1.5   1   0   0   1   1   1   1 | Bradi4g04655
Bradi4g04655.4       -          NB-ARC               PF00931.23     2e-51  176.2   0.1   4.1e-51  175.1   0.1   1.5   1   0   0   1   1   1   1 | Bradi4g04655
Bradi4g04655.6       -          NB-ARC               PF00931.23     2e-51  176.2   0.1   4.1e-51  175.1   0.1   1.5   1   0   0   1   1   1   1 | Bradi4g04655
Bradi4g04655.7       -          NB-ARC               PF00931.23     2e-51  176.2   0.1   4.1e-51  175.1   0.1   1.5   1   0   0   1   1   1   1 | Bradi4g04655
Bradi4g04655.5       -          NB-ARC               PF00931.23     2e-51  176.1   0.1   4.2e-51  175.1   0.1   1.5   1   0   0   1   1   1   1 | Bradi4g04655
Bradi3g41863.1       -          NB-ARC               PF00931.23   5.1e-50  171.6   1.0   8.4e-50  170.8   1.0   1.4   1   0   0   1   1   1   1 | Bradi3g41863
Bradi3g41960.2       -          NB-ARC               PF00931.23   5.2e-50  171.5   0.7   1.3e-49  170.2   0.3   1.9   2   0   0   2   2   1   1 | Bradi3g41960
Bradi3g41960.3       -          NB-ARC               PF00931.23   5.2e-50  171.5   0.7   1.3e-49  170.2   0.3   1.9   2   0   0   2   2   1   1 | Bradi3g41960
Bradi3g41960.4       -          NB-ARC               PF00931.23   5.2e-50  171.5   0.7   1.3e-49  170.2   0.3   1.9   2   0   0   2   2   1   1 | Bradi3g41960
Bradi3g41960.1       -          NB-ARC               PF00931.23   5.5e-50  171.4   0.7   1.4e-49  170.1   0.3   1.9   2   0   0   2   2   1   1 | Bradi3g41960
Bradi2g39847.1       -          NB-ARC               PF00931.23   6.2e-50  171.3   0.2   1.8e-49  169.8   0.0   1.8   2   0   0   2   2   1   1 | Bradi2g39847
Bradi2g37172.3       -          NB-ARC               PF00931.23   1.1e-49  170.4   0.1   1.9e-49  169.7   0.1   1.3   1   0   0   1   1   1   1 | Bradi2g37172
Bradi3g41960.5       -          NB-ARC               PF00931.23   1.8e-49  169.8   2.2   3.1e-49  169.0   1.1   1.9   2   0   0   2   2   1   1 | Bradi3g41960
Bradi2g60434.3       -          NB-ARC               PF00931.23     2e-49  169.6   4.2   2.2e-45  156.4   0.2   2.7   3   0   0   3   3   1   1 | Bradi2g60434
Bradi5g03110.1       -          NB-ARC               PF00931.23     3e-49  169.0   0.1   6.8e-49  167.9   0.0   1.7   2   0   0   2   2   1   1 | Bradi5g03110
Bradi5g03110.2       -          NB-ARC               PF00931.23     3e-49  169.0   0.1   6.8e-49  167.9   0.0   1.7   2   0   0   2   2   1   1 | Bradi5g03110
Bradi4g04662.2       -          NB-ARC               PF00931.23   4.3e-49  168.5   0.0   7.6e-49  167.7   0.0   1.4   1   0   0   1   1   1   1 | Bradi4g04662
Bradi4g04662.3       -          NB-ARC               PF00931.23   4.3e-49  168.5   0.0   7.8e-49  167.7   0.0   1.4   1   0   0   1   1   1   1 | Bradi4g04662
Bradi2g34986.1       -          NB-ARC               PF00931.23   7.9e-49  167.7   0.4   1.4e-48  166.8   0.4   1.4   1   0   0   1   1   1   1 | Bradi2g34986
Bradi2g34986.2       -          NB-ARC               PF00931.23   7.9e-49  167.7   0.4   1.4e-48  166.8   0.4   1.4   1   0   0   1   1   1   1 | Bradi2g34986
Bradi4g04657.2       -          NB-ARC               PF00931.23   8.7e-49  167.5   0.7   2.3e-48  166.1   0.3   1.8   2   0   0   2   2   1   1 | Bradi4g04657
Bradi4g04657.1       -          NB-ARC               PF00931.23   9.3e-49  167.4   0.7   2.2e-48  166.2   0.3   1.7   2   0   0   2   2   1   1 | Bradi4g04657
Bradi4g04657.3       -          NB-ARC               PF00931.23   9.3e-49  167.4   0.7   2.2e-48  166.2   0.3   1.7   2   0   0   2   2   1   1 | Bradi4g04657
Bradi4g04657.4       -          NB-ARC               PF00931.23   9.3e-49  167.4   0.7   2.2e-48  166.2   0.3   1.7   2   0   0   2   2   1   1 | Bradi4g04657
Bradi4g21890.1       -          NB-ARC               PF00931.23   1.5e-48  166.8   0.0   3.4e-48  165.6   0.0   1.6   1   0   0   1   1   1   1 | Bradi4g21890
Bradi2g38928.2       -          NB-ARC               PF00931.23   2.9e-48  165.8   4.5   1.5e-32  114.3   0.4   4.2   2   2   1   3   3   2   2 | Bradi2g38928
Bradi1g01407.1       -          NB-ARC               PF00931.23   3.5e-48  165.5   0.0   4.9e-48  165.1   0.0   1.2   1   0   0   1   1   1   1 | Bradi1g01407
Bradi1g01407.2       -          NB-ARC               PF00931.23   3.6e-48  165.5   0.0     5e-48  165.0   0.0   1.2   1   0   0   1   1   1   1 | Bradi1g01407
Bradi2g52840.1       -          NB-ARC               PF00931.23   3.8e-48  165.4   0.0   6.6e-48  164.6   0.0   1.4   1   0   0   1   1   1   1 | Bradi2g52840
Bradi4g09530.1       -          NB-ARC               PF00931.23   4.7e-48  165.1   0.4   1.1e-47  163.9   0.4   1.7   1   0   0   1   1   1   1 | Bradi4g09530
Bradi4g09530.2       -          NB-ARC               PF00931.23   4.7e-48  165.1   0.4   1.1e-47  163.9   0.4   1.7   1   0   0   1   1   1   1 | Bradi4g09530
Bradi4g12877.1       -          NB-ARC               PF00931.23   4.7e-48  165.1   0.1   7.3e-48  164.5   0.1   1.2   1   0   0   1   1   1   1 | Bradi4g12877
Bradi4g09631.2       -          NB-ARC               PF00931.23   8.8e-48  164.2   0.6   1.7e-47  163.3   0.6   1.5   1   0   0   1   1   1   1 | Bradi4g09631
Bradi4g09631.3       -          NB-ARC               PF00931.23   8.8e-48  164.2   0.6   1.7e-47  163.3   0.6   1.5   1   0   0   1   1   1   1 | Bradi4g09631
Bradi4g09631.1       -          NB-ARC               PF00931.23   9.5e-48  164.1   0.6   1.8e-47  163.2   0.6   1.5   1   0   0   1   1   1   1 | Bradi4g09631
Bradi4g09648.2       -          NB-ARC               PF00931.23   1.2e-47  163.8   0.6   2.4e-47  162.8   0.6   1.6   1   0   0   1   1   1   1 | Bradi4g09648
Bradi1g01387.4       -          NB-ARC               PF00931.23   1.7e-47  163.3   0.2   2.6e-47  162.7   0.2   1.2   1   0   0   1   1   1   1 | Bradi1g01387
Bradi4g10220.2       -          NB-ARC               PF00931.23   2.1e-47  163.0   1.4     4e-47  162.1   1.4   1.4   1   0   0   1   1   1   1 | Bradi4g10220
Bradi4g10017.2       -          NB-ARC               PF00931.23   2.4e-47  162.8   0.7   4.5e-47  161.9   0.7   1.4   1   0   0   1   1   1   1 | Bradi4g10017
Bradi4g10045.2       -          NB-ARC               PF00931.23   2.5e-47  162.7   0.2   4.5e-47  161.9   0.2   1.4   1   0   0   1   1   1   1 | Bradi4g10045
Bradi4g20527.2       -          NB-ARC               PF00931.23   2.6e-47  162.7   0.0   6.4e-47  161.4   0.0   1.6   2   0   0   2   2   1   1 | Bradi4g20527
Bradi4g20527.3       -          NB-ARC               PF00931.23   2.6e-47  162.7   0.0   6.4e-47  161.4   0.0   1.6   2   0   0   2   2   1   1 | Bradi4g20527
Bradi4g20527.4       -          NB-ARC               PF00931.23   2.6e-47  162.7   0.0   6.4e-47  161.4   0.0   1.6   2   0   0   2   2   1   1 | Bradi4g20527
Bradi4g20527.5       -          NB-ARC               PF00931.23   2.6e-47  162.7   0.0   6.4e-47  161.4   0.0   1.6   2   0   0   2   2   1   1 | Bradi4g20527
Bradi4g20527.6       -          NB-ARC               PF00931.23   2.6e-47  162.7   0.0   6.4e-47  161.4   0.0   1.6   2   0   0   2   2   1   1 | Bradi4g20527
Bradi4g20527.7       -          NB-ARC               PF00931.23   2.6e-47  162.7   0.0   6.4e-47  161.4   0.0   1.6   2   0   0   2   2   1   1 | Bradi4g20527
Bradi4g20527.8       -          NB-ARC               PF00931.23   2.6e-47  162.7   0.0   6.4e-47  161.4   0.0   1.6   2   0   0   2   2   1   1 | Bradi4g20527
Bradi1g48747.1       -          NB-ARC               PF00931.23   3.4e-47  162.3   0.0   5.9e-47  161.5   0.0   1.3   1   0   0   1   1   1   1 | Bradi1g48747
Bradi4g10051.1       -          NB-ARC               PF00931.23   4.5e-47  161.9   0.5   6.9e-47  161.3   0.5   1.2   1   0   0   1   1   1   1 | Bradi4g10051
Bradi2g21360.1       -          NB-ARC               PF00931.23   5.4e-47  161.6   0.2   1.3e-46  160.4   0.1   1.7   2   0   0   2   2   1   1 | Bradi2g21360
Bradi2g39091.1       -          NB-ARC               PF00931.23   1.2e-46  160.5   0.0     2e-46  159.8   0.0   1.4   1   0   0   1   1   1   1 | Bradi2g39091
Bradi4g02825.1       -          NB-ARC               PF00931.23   1.6e-46  160.1   0.0   2.6e-46  159.4   0.0   1.3   1   0   0   1   1   1   1 | Bradi4g02825
Bradi3g03597.1       -          NB-ARC               PF00931.23   1.7e-46  160.0   0.0   2.5e-46  159.4   0.0   1.3   1   0   0   1   1   1   1 | Bradi3g03597
Bradi4g02825.2       -          NB-ARC               PF00931.23   1.7e-46  160.0   0.0   2.7e-46  159.4   0.0   1.3   1   0   0   1   1   1   1 | Bradi4g02825
Bradi4g10030.2       -          NB-ARC               PF00931.23   1.7e-46  160.0   2.1   2.8e-46  159.3   2.1   1.2   1   0   0   1   1   1   1 | Bradi4g10030
Bradi1g01257.1       -          NB-ARC               PF00931.23     2e-46  159.7   0.0     3e-46  159.2   0.0   1.3   1   0   0   1   1   1   1 | Bradi1g01257
Bradi4g09312.1       -          NB-ARC               PF00931.23   2.3e-46  159.6   0.2   6.7e-46  158.1   0.2   1.8   1   0   0   1   1   1   1 | Bradi4g09312
Bradi4g01687.7       -          NB-ARC               PF00931.23   2.6e-46  159.4   0.2   4.1e-46  158.8   0.2   1.3   1   0   0   1   1   1   1 | Bradi4g01687
Bradi4g01687.3       -          NB-ARC               PF00931.23   2.6e-46  159.4   0.2   4.1e-46  158.8   0.2   1.3   1   0   0   1   1   1   1 | Bradi4g01687
Bradi4g01687.4       -          NB-ARC               PF00931.23   2.6e-46  159.4   0.2   4.1e-46  158.8   0.2   1.3   1   0   0   1   1   1   1 | Bradi4g01687
Bradi4g01687.5       -          NB-ARC               PF00931.23   2.6e-46  159.4   0.2   4.1e-46  158.8   0.2   1.3   1   0   0   1   1   1   1 | Bradi4g01687
Bradi4g01687.6       -          NB-ARC               PF00931.23   2.6e-46  159.4   0.2   4.1e-46  158.8   0.2   1.3   1   0   0   1   1   1   1 | Bradi4g01687
Bradi4g10060.1       -          NB-ARC               PF00931.23   3.8e-46  158.9   2.2   6.4e-46  158.1   2.2   1.3   1   0   0   1   1   1   1 | Bradi4g10060
Bradi3g00757.1       -          NB-ARC               PF00931.23   4.2e-46  158.7   0.0   6.9e-46  158.0   0.0   1.3   1   0   0   1   1   1   1 | Bradi3g00757
Bradi4g10190.1       -          NB-ARC               PF00931.23   4.4e-46  158.7   0.3   7.2e-46  158.0   0.3   1.3   1   0   0   1   1   1   1 | Bradi4g10190
Bradi4g10190.2       -          NB-ARC               PF00931.23   4.4e-46  158.7   0.3   7.2e-46  158.0   0.3   1.3   1   0   0   1   1   1   1 | Bradi4g10190
Bradi4g10171.3       -          NB-ARC               PF00931.23   4.9e-46  158.5   3.2   7.9e-46  157.8   3.2   1.3   1   0   0   1   1   1   1 | Bradi4g10171
Bradi3g22520.3       -          NB-ARC               PF00931.23     6e-46  158.2   0.7   1.1e-45  157.4   0.7   1.4   1   0   0   1   1   1   1 | Bradi3g22520
Bradi3g22520.4       -          NB-ARC               PF00931.23     6e-46  158.2   0.7   1.1e-45  157.4   0.7   1.4   1   0   0   1   1   1   1 | Bradi3g22520
Bradi3g22520.5       -          NB-ARC               PF00931.23     6e-46  158.2   0.7   1.1e-45  157.4   0.7   1.4   1   0   0   1   1   1   1 | Bradi3g22520
Bradi3g22520.6       -          NB-ARC               PF00931.23     6e-46  158.2   0.7   1.1e-45  157.4   0.7   1.4   1   0   0   1   1   1   1 | Bradi3g22520
Bradi3g22520.7       -          NB-ARC               PF00931.23     6e-46  158.2   0.7   1.1e-45  157.4   0.7   1.4   1   0   0   1   1   1   1 | Bradi3g22520
Bradi3g22520.8       -          NB-ARC               PF00931.23     6e-46  158.2   0.7   1.1e-45  157.4   0.7   1.4   1   0   0   1   1   1   1 | Bradi3g22520
Bradi3g22520.2       -          NB-ARC               PF00931.23   6.6e-46  158.1   0.7   1.2e-45  157.3   0.7   1.3   1   0   0   1   1   1   1 | Bradi3g22520
Bradi3g03882.1       -          NB-ARC               PF00931.23     8e-46  157.8   0.0   1.1e-45  157.3   0.0   1.2   1   0   0   1   1   1   1 | Bradi3g03882
Bradi4g10180.3       -          NB-ARC               PF00931.23   8.8e-46  157.7   1.4   1.5e-45  156.9   1.4   1.3   1   0   0   1   1   1   1 | Bradi4g10180
Bradi5g02367.3       -          NB-ARC               PF00931.23     9e-46  157.6   0.9   1.4e-45  157.0   0.9   1.3   1   0   0   1   1   1   1 | Bradi5g02367
Bradi5g02367.2       -          NB-ARC               PF00931.23   9.9e-46  157.5   0.9   1.5e-45  156.9   0.9   1.3   1   0   0   1   1   1   1 | Bradi5g02367
Bradi5g02367.1       -          NB-ARC               PF00931.23   1.1e-45  157.4   0.9   1.7e-45  156.8   0.9   1.3   1   0   0   1   1   1   1 | Bradi5g02367
Bradi2g35767.1       -          NB-ARC               PF00931.23   1.1e-45  157.4   0.1   2.1e-45  156.4   0.1   1.5   1   0   0   1   1   1   1 | Bradi2g35767
Bradi4g21842.1       -          NB-ARC               PF00931.23   1.3e-45  157.1   0.0   3.1e-45  155.9   0.0   1.5   1   0   0   1   1   1   1 | Bradi4g21842
Bradi2g52150.1       -          NB-ARC               PF00931.23   1.4e-45  157.0   0.0   2.2e-45  156.4   0.0   1.3   1   0   0   1   1   1   1 | Bradi2g52150
Bradi4g10207.2       -          NB-ARC               PF00931.23   1.7e-45  156.8   4.2   2.6e-45  156.1   4.2   1.3   1   0   0   1   1   1   1 | Bradi4g10207
Bradi3g14917.2       -          NB-ARC               PF00931.23     2e-45  156.5   0.8   4.1e-45  155.5   0.1   2.0   2   0   0   2   2   1   1 | Bradi3g14917
Bradi2g39207.1       -          NB-ARC               PF00931.23   2.2e-45  156.3   0.0   4.3e-45  155.4   0.0   1.5   1   0   0   1   1   1   1 | Bradi2g39207
Bradi3g14917.4       -          NB-ARC               PF00931.23   2.3e-45  156.3   0.8   4.5e-45  155.4   0.1   2.0   2   0   0   2   2   1   1 | Bradi3g14917
Bradi3g14917.1       -          NB-ARC               PF00931.23   2.5e-45  156.2   0.8   4.8e-45  155.3   0.1   2.0   2   0   0   2   2   1   1 | Bradi3g14917
Bradi3g14917.3       -          NB-ARC               PF00931.23   2.5e-45  156.2   0.8   4.8e-45  155.3   0.1   2.0   2   0   0   2   2   1   1 | Bradi3g14917
Bradi1g51687.1       -          NB-ARC               PF00931.23   2.8e-45  156.0   0.0   4.8e-45  155.3   0.0   1.3   1   0   0   1   1   1   1 | Bradi1g51687
Bradi4g10040.1       -          NB-ARC               PF00931.23   3.3e-45  155.8   0.2   5.7e-45  155.0   0.2   1.3   1   0   0   1   1   1   1 | Bradi4g10040
Bradi4g10147.1       -          NB-ARC               PF00931.23   4.2e-45  155.5   2.6   6.2e-45  154.9   2.6   1.2   1   0   0   1   1   1   1 | Bradi4g10147
Bradi2g60418.2       -          NB-ARC               PF00931.23   4.4e-45  155.4   0.1   7.2e-45  154.7   0.1   1.4   1   0   0   1   1   1   1 | Bradi2g60418
Bradi5g15560.1       -          NB-ARC               PF00931.23   8.8e-45  154.4   0.1   1.5e-44  153.7   0.1   1.4   1   0   0   1   1   1   1 | Bradi5g15560
Bradi2g37166.2       -          NB-ARC               PF00931.23   9.4e-45  154.3   0.0   1.6e-44  153.5   0.0   1.3   1   0   0   1   1   1   1 | Bradi2g37166
Bradi2g37166.1       -          NB-ARC               PF00931.23     1e-44  154.2   0.0   1.7e-44  153.4   0.0   1.3   1   0   0   1   1   1   1 | Bradi2g37166
Bradi2g37166.3       -          NB-ARC               PF00931.23     1e-44  154.2   0.0   1.7e-44  153.4   0.0   1.3   1   0   0   1   1   1   1 | Bradi2g37166
Bradi4g05870.1       -          NB-ARC               PF00931.23   1.2e-44  154.0   0.7   2.1e-44  153.2   0.7   1.4   1   0   0   1   1   1   1 | Bradi4g05870
Bradi3g03874.2       -          NB-ARC               PF00931.23   1.2e-44  154.0   0.0   1.8e-44  153.4   0.0   1.2   1   0   0   1   1   1   1 | Bradi3g03874
Bradi3g14033.3       -          NB-ARC               PF00931.23   1.2e-44  153.9   0.1   5.2e-44  151.9   0.0   1.9   1   1   1   2   2   1   1 | Bradi3g14033
Bradi2g39067.1       -          NB-ARC               PF00931.23   1.3e-44  153.8   0.3   3.1e-44  152.6   0.1   1.7   2   0   0   2   2   1   1 | Bradi2g39067
Bradi5g02860.2       -          NB-ARC               PF00931.23   1.7e-44  153.4   0.2   4.1e-44  152.2   0.2   1.6   1   0   0   1   1   1   1 | Bradi5g02860
Bradi3g15592.1       -          NB-ARC               PF00931.23   1.9e-44  153.3   0.0   3.8e-44  152.3   0.0   1.5   1   0   0   1   1   1   1 | Bradi3g15592
Bradi2g38839.1       -          NB-ARC               PF00931.23   2.3e-44  153.0   8.0   8.6e-33  115.1   2.8   2.3   1   1   1   2   2   2   2 | Bradi2g38839
Bradi4g38170.2       -          NB-ARC               PF00931.23   4.1e-44  152.2   0.0   7.5e-44  151.3   0.0   1.3   1   0   0   1   1   1   1 | Bradi4g38170
Bradi4g38170.4       -          NB-ARC               PF00931.23   4.1e-44  152.2   0.0   7.5e-44  151.3   0.0   1.3   1   0   0   1   1   1   1 | Bradi4g38170
Bradi4g38170.5       -          NB-ARC               PF00931.23   4.1e-44  152.2   0.0   7.5e-44  151.3   0.0   1.3   1   0   0   1   1   1   1 | Bradi4g38170
Bradi4g38170.6       -          NB-ARC               PF00931.23   4.1e-44  152.2   0.0   7.5e-44  151.3   0.0   1.3   1   0   0   1   1   1   1 | Bradi4g38170
Bradi4g38170.7       -          NB-ARC               PF00931.23   4.1e-44  152.2   0.0   7.5e-44  151.3   0.0   1.3   1   0   0   1   1   1   1 | Bradi4g38170
Bradi4g38170.8       -          NB-ARC               PF00931.23   4.1e-44  152.2   0.0   7.5e-44  151.3   0.0   1.3   1   0   0   1   1   1   1 | Bradi4g38170
Bradi3g15594.1       -          NB-ARC               PF00931.23   4.4e-44  152.1   0.0   6.2e-44  151.6   0.0   1.2   1   0   0   1   1   1   1 | Bradi3g15594
Bradi3g15594.2       -          NB-ARC               PF00931.23   4.4e-44  152.1   0.0   6.2e-44  151.6   0.0   1.2   1   0   0   1   1   1   1 | Bradi3g15594
Bradi3g15594.3       -          NB-ARC               PF00931.23   4.4e-44  152.1   0.0   6.2e-44  151.6   0.0   1.2   1   0   0   1   1   1   1 | Bradi3g15594
Bradi4g38170.3       -          NB-ARC               PF00931.23   4.6e-44  152.0   0.0   8.5e-44  151.2   0.0   1.3   1   0   0   1   1   1   1 | Bradi4g38170
Bradi0014s00100.1    -          NB-ARC               PF00931.23   7.7e-44  151.3   0.5   1.2e-43  150.7   0.5   1.2   1   0   0   1   1   1   1 | Bradi0014s00100
Bradi2g03061.1       -          NB-ARC               PF00931.23   7.7e-44  151.3   0.5   1.2e-43  150.7   0.5   1.2   1   0   0   1   1   1   1 | Bradi2g03061
Bradi2g03061.2       -          NB-ARC               PF00931.23   7.7e-44  151.3   0.5   1.2e-43  150.7   0.5   1.2   1   0   0   1   1   1   1 | Bradi2g03061
Bradi2g03061.3       -          NB-ARC               PF00931.23   7.7e-44  151.3   0.5   1.2e-43  150.7   0.5   1.2   1   0   0   1   1   1   1 | Bradi2g03061
Bradi2g03061.4       -          NB-ARC               PF00931.23   7.7e-44  151.3   0.5   1.2e-43  150.7   0.5   1.2   1   0   0   1   1   1   1 | Bradi2g03061
Bradi3g55006.2       -          NB-ARC               PF00931.23   9.3e-44  151.0   0.0   1.2e-43  150.7   0.0   1.1   1   0   0   1   1   1   1 | Bradi3g55006
Bradi4g21950.2       -          NB-ARC               PF00931.23   1.4e-43  150.5   4.5   6.7e-27   95.8   1.0   2.5   2   0   0   2   2   2   2 | Bradi4g21950
Bradi4g21950.3       -          NB-ARC               PF00931.23   1.4e-43  150.5   4.5   6.7e-27   95.8   1.0   2.5   2   0   0   2   2   2   2 | Bradi4g21950
Bradi4g21950.4       -          NB-ARC               PF00931.23   1.4e-43  150.5   4.5   6.7e-27   95.8   1.0   2.5   2   0   0   2   2   2   2 | Bradi4g21950
Bradi4g21950.6       -          NB-ARC               PF00931.23   1.4e-43  150.5   4.5   6.7e-27   95.8   1.0   2.5   2   0   0   2   2   2   2 | Bradi4g21950
Bradi4g21950.7       -          NB-ARC               PF00931.23   1.4e-43  150.5   4.5   6.7e-27   95.8   1.0   2.5   2   0   0   2   2   2   2 | Bradi4g21950
Bradi3g03587.1       -          NB-ARC               PF00931.23   1.8e-43  150.1   0.0   3.1e-43  149.3   0.0   1.3   1   0   0   1   1   1   1 | Bradi3g03587
Bradi2g09480.1       -          NB-ARC               PF00931.23     2e-43  149.9   0.7   4.3e-43  148.8   0.7   1.6   1   0   0   1   1   1   1 | Bradi2g09480
Bradi4g02552.1       -          NB-ARC               PF00931.23   2.1e-43  149.9   0.0   3.4e-43  149.2   0.0   1.3   1   0   0   1   1   1   1 | Bradi4g02552
Bradi2g39393.1       -          NB-ARC               PF00931.23   2.4e-43  149.7   0.0   4.1e-43  148.9   0.0   1.3   1   0   0   1   1   1   1 | Bradi2g39393
Bradi2g39547.1       -          NB-ARC               PF00931.23   3.9e-43  149.0   2.6   5.5e-43  148.5   2.6   1.2   1   0   0   1   1   1   1 | Bradi2g39547
Bradi5g27069.4       -          NB-ARC               PF00931.23   6.8e-43  148.2   0.1   1.2e-42  147.4   0.1   1.4   1   0   0   1   1   1   1 | Bradi5g27069
Bradi2g39247.1       -          NB-ARC               PF00931.23     7e-43  148.2   0.0   1.4e-42  147.2   0.0   1.4   1   0   0   1   1   1   1 | Bradi2g39247
Bradi2g39247.4       -          NB-ARC               PF00931.23     7e-43  148.2   0.0   1.4e-42  147.2   0.0   1.4   1   0   0   1   1   1   1 | Bradi2g39247
Bradi5g27069.3       -          NB-ARC               PF00931.23     7e-43  148.2   0.1   1.3e-42  147.3   0.1   1.4   1   0   0   1   1   1   1 | Bradi5g27069
Bradi5g27069.1       -          NB-ARC               PF00931.23   8.2e-43  147.9   0.1   1.4e-42  147.2   0.1   1.4   1   0   0   1   1   1   1 | Bradi5g27069
Bradi5g27069.2       -          NB-ARC               PF00931.23   8.2e-43  147.9   0.1   1.4e-42  147.2   0.1   1.4   1   0   0   1   1   1   1 | Bradi5g27069
Bradi2g38982.1       -          NB-ARC               PF00931.23   1.3e-42  147.3   0.0   2.2e-42  146.5   0.0   1.4   1   0   0   1   1   1   1 | Bradi2g38982
Bradi2g38982.2       -          NB-ARC               PF00931.23   1.3e-42  147.3   0.0   2.2e-42  146.5   0.0   1.4   1   0   0   1   1   1   1 | Bradi2g38982
Bradi4g39317.10      -          NB-ARC               PF00931.23   1.3e-42  147.3   0.3   3.4e-25   90.2   0.0   2.8   2   1   0   2   2   2   2 | Bradi4g39317
Bradi4g39317.11      -          NB-ARC               PF00931.23   1.3e-42  147.3   0.3   3.4e-25   90.2   0.0   2.8   2   1   0   2   2   2   2 | Bradi4g39317
Bradi4g39317.12      -          NB-ARC               PF00931.23   1.3e-42  147.3   0.3   3.4e-25   90.2   0.0   2.8   2   1   0   2   2   2   2 | Bradi4g39317
Bradi4g39317.13      -          NB-ARC               PF00931.23   1.3e-42  147.3   0.3   3.4e-25   90.2   0.0   2.8   2   1   0   2   2   2   2 | Bradi4g39317
Bradi4g39317.2       -          NB-ARC               PF00931.23   1.3e-42  147.3   0.3   3.4e-25   90.2   0.0   2.8   2   1   0   2   2   2   2 | Bradi4g39317
Bradi4g39317.3       -          NB-ARC               PF00931.23   1.3e-42  147.3   0.3   3.4e-25   90.2   0.0   2.8   2   1   0   2   2   2   2 | Bradi4g39317
Bradi4g39317.4       -          NB-ARC               PF00931.23   1.3e-42  147.3   0.3   3.4e-25   90.2   0.0   2.8   2   1   0   2   2   2   2 | Bradi4g39317
Bradi4g39317.6       -          NB-ARC               PF00931.23   1.3e-42  147.3   0.3   3.4e-25   90.2   0.0   2.8   2   1   0   2   2   2   2 | Bradi4g39317
Bradi4g39317.7       -          NB-ARC               PF00931.23   1.3e-42  147.3   0.3   3.4e-25   90.2   0.0   2.8   2   1   0   2   2   2   2 | Bradi4g39317
Bradi4g39317.8       -          NB-ARC               PF00931.23   1.3e-42  147.3   0.3   3.4e-25   90.2   0.0   2.8   2   1   0   2   2   2   2 | Bradi4g39317
Bradi4g39317.9       -          NB-ARC               PF00931.23   1.3e-42  147.3   0.3   3.4e-25   90.2   0.0   2.8   2   1   0   2   2   2   2 | Bradi4g39317
Bradi5g22547.1       -          NB-ARC               PF00931.23   1.4e-42  147.2   0.4   2.8e-42  146.2   0.4   1.5   1   0   0   1   1   1   1 | Bradi5g22547
Bradi1g22500.2       -          NB-ARC               PF00931.23   1.4e-42  147.2   0.0   2.2e-42  146.5   0.0   1.3   1   0   0   1   1   1   1 | Bradi1g22500
Bradi2g03191.1       -          NB-ARC               PF00931.23   1.7e-42  146.9   2.8   4.3e-42  145.6   2.8   1.6   1   0   0   1   1   1   1 | Bradi2g03191
Bradi2g03191.2       -          NB-ARC               PF00931.23   1.7e-42  146.9   2.8   4.3e-42  145.6   2.8   1.6   1   0   0   1   1   1   1 | Bradi2g03191
Bradi2g60250.1       -          NB-ARC               PF00931.23   1.8e-42  146.8   0.2   6.6e-42  145.0   0.3   1.9   2   1   0   2   2   1   1 | Bradi2g60250
Bradi2g57534.3       -          NB-ARC               PF00931.23   1.8e-42  146.8   0.0     3e-42  146.1   0.0   1.3   1   0   0   1   1   1   1 | Bradi2g57534
Bradi2g57534.4       -          NB-ARC               PF00931.23   1.8e-42  146.8   0.0     3e-42  146.1   0.0   1.3   1   0   0   1   1   1   1 | Bradi2g57534
Bradi2g57534.5       -          NB-ARC               PF00931.23   1.8e-42  146.8   0.0     3e-42  146.1   0.0   1.3   1   0   0   1   1   1   1 | Bradi2g57534
Bradi1g44542.1       -          NB-ARC               PF00931.23   1.8e-42  146.8   0.1   2.9e-42  146.1   0.1   1.2   1   0   0   1   1   1   1 | Bradi1g44542
Bradi2g57534.1       -          NB-ARC               PF00931.23     2e-42  146.7   0.0   3.4e-42  145.9   0.0   1.3   1   0   0   1   1   1   1 | Bradi2g57534
Bradi2g57534.2       -          NB-ARC               PF00931.23     2e-42  146.7   0.0   3.4e-42  145.9   0.0   1.3   1   0   0   1   1   1   1 | Bradi2g57534
Bradi4g03005.1       -          NB-ARC               PF00931.23   2.2e-42  146.5   0.0   3.5e-42  145.9   0.0   1.3   1   0   0   1   1   1   1 | Bradi4g03005
Bradi2g39648.1       -          NB-ARC               PF00931.23   2.7e-42  146.2   0.0   5.8e-42  145.2   0.0   1.6   1   0   0   1   1   1   1 | Bradi2g39648
Bradi3g34722.1       -          NB-ARC               PF00931.23   3.1e-42  146.0   0.0     5e-42  145.4   0.0   1.3   1   0   0   1   1   1   1 | Bradi3g34722
Bradi1g29658.2       -          NB-ARC               PF00931.23   3.3e-42  146.0   0.0   5.2e-42  145.3   0.0   1.3   1   0   0   1   1   1   1 | Bradi1g29658
Bradi3g34723.1       -          NB-ARC               PF00931.23     5e-42  145.4   0.0   8.7e-42  144.6   0.0   1.3   1   0   0   1   1   1   1 | Bradi3g34723
Bradi2g39074.2       -          NB-ARC               PF00931.23   6.6e-42  145.0   0.0   1.1e-41  144.2   0.0   1.4   1   0   0   1   1   1   1 | Bradi2g39074
Bradi1g67840.1       -          NB-ARC               PF00931.23     1e-41  144.3   0.0   1.5e-41  143.8   0.0   1.2   1   0   0   1   1   1   1 | Bradi1g67840
Bradi5g22842.1       -          NB-ARC               PF00931.23   1.1e-41  144.2   0.4   1.9e-41  143.5   0.4   1.4   1   0   0   1   1   1   1 | Bradi5g22842
Bradi2g39537.1       -          NB-ARC               PF00931.23   1.4e-41  143.9   0.0   2.1e-41  143.3   0.0   1.3   1   0   0   1   1   1   1 | Bradi2g39537
Bradi3g03878.1       -          NB-ARC               PF00931.23   1.8e-41  143.6   0.0   2.5e-41  143.1   0.0   1.1   1   0   0   1   1   1   1 | Bradi3g03878
Bradi5g01546.1       -          NB-ARC               PF00931.23   1.8e-41  143.5   0.0   5.1e-23   83.1   0.0   2.3   1   1   1   2   2   2   2 | Bradi5g01546
Bradi5g22179.1       -          NB-ARC               PF00931.23   2.4e-41  143.1   0.4   4.7e-41  142.2   0.4   1.5   1   0   0   1   1   1   1 | Bradi5g22179
Bradi2g38192.1       -          NB-ARC               PF00931.23   2.7e-41  143.0   0.0   4.4e-41  142.3   0.0   1.3   1   0   0   1   1   1   1 | Bradi2g38192
Bradi3g10370.3       -          NB-ARC               PF00931.23   3.8e-41  142.5   0.2   9.1e-41  141.2   0.0   1.6   2   0   0   2   2   1   1 | Bradi3g10370
Bradi3g10370.4       -          NB-ARC               PF00931.23   3.8e-41  142.5   0.2   9.1e-41  141.2   0.0   1.6   2   0   0   2   2   1   1 | Bradi3g10370
Bradi4g09794.1       -          NB-ARC               PF00931.23   3.8e-41  142.5   0.1   6.1e-41  141.8   0.1   1.3   1   0   0   1   1   1   1 | Bradi4g09794
Bradi4g16492.3       -          NB-ARC               PF00931.23   4.1e-41  142.4   0.8   6.4e-41  141.7   0.3   1.6   2   0   0   2   2   1   1 | Bradi4g16492
Bradi4g10641.1       -          NB-ARC               PF00931.23   4.7e-41  142.2   0.0     8e-41  141.4   0.0   1.3   1   0   0   1   1   1   1 | Bradi4g10641
Bradi4g02535.2       -          NB-ARC               PF00931.23   4.9e-41  142.1   0.0   8.8e-41  141.3   0.0   1.3   1   0   0   1   1   1   1 | Bradi4g02535
Bradi1g29267.2       -          NB-ARC               PF00931.23   4.9e-41  142.1   2.8   1.1e-12   49.2   0.0   4.3   4   0   0   4   4   3   3 | Bradi1g29267
Bradi4g09886.1       -          NB-ARC               PF00931.23   5.3e-41  142.0   0.0   8.5e-41  141.3   0.0   1.3   1   0   0   1   1   1   1 | Bradi4g09886
Bradi4g09886.2       -          NB-ARC               PF00931.23   5.3e-41  142.0   0.0   8.5e-41  141.3   0.0   1.3   1   0   0   1   1   1   1 | Bradi4g09886
Bradi3g10370.2       -          NB-ARC               PF00931.23   5.3e-41  142.0   0.0   1.3e-40  140.7   0.0   1.6   1   0   0   1   1   1   1 | Bradi3g10370
Bradi4g40583.2       -          NB-ARC               PF00931.23   5.9e-41  141.9   0.0   9.8e-41  141.1   0.0   1.3   1   0   0   1   1   1   1 | Bradi4g40583
Bradi4g40583.3       -          NB-ARC               PF00931.23   5.9e-41  141.9   0.0   9.8e-41  141.1   0.0   1.3   1   0   0   1   1   1   1 | Bradi4g40583
Bradi4g40583.4       -          NB-ARC               PF00931.23   5.9e-41  141.9   0.0   9.8e-41  141.1   0.0   1.3   1   0   0   1   1   1   1 | Bradi4g40583
Bradi4g40583.5       -          NB-ARC               PF00931.23   5.9e-41  141.9   0.0   9.8e-41  141.1   0.0   1.3   1   0   0   1   1   1   1 | Bradi4g40583
Bradi4g40583.6       -          NB-ARC               PF00931.23   5.9e-41  141.9   0.0   9.8e-41  141.1   0.0   1.3   1   0   0   1   1   1   1 | Bradi4g40583
Bradi4g40583.7       -          NB-ARC               PF00931.23   5.9e-41  141.9   0.0   9.8e-41  141.1   0.0   1.3   1   0   0   1   1   1   1 | Bradi4g40583
Bradi3g07775.1       -          NB-ARC               PF00931.23   7.3e-41  141.6   0.1   1.4e-23   84.9   0.0   2.5   2   0   0   2   2   2   2 | Bradi3g07775
Bradi3g03465.1       -          NB-ARC               PF00931.23   1.2e-40  140.8   0.0     2e-40  140.1   0.0   1.4   1   0   0   1   1   1   1 | Bradi3g03465
Bradi1g55672.1       -          NB-ARC               PF00931.23   1.3e-40  140.7   0.0   2.1e-40  140.1   0.0   1.2   1   0   0   1   1   1   1 | Bradi1g55672
Bradi2g11931.1       -          NB-ARC               PF00931.23   1.3e-40  140.7   0.1   2.2e-40  140.0   0.1   1.3   1   0   0   1   1   1   1 | Bradi2g11931
Bradi2g03040.1       -          NB-ARC               PF00931.23   1.6e-40  140.4   1.4   2.5e-40  139.8   1.4   1.2   1   0   0   1   1   1   1 | Bradi2g03040
Bradi5g03989.1       -          NB-ARC               PF00931.23   1.7e-40  140.4   0.0   3.1e-40  139.5   0.0   1.4   1   0   0   1   1   1   1 | Bradi5g03989
Bradi3g28592.1       -          NB-ARC               PF00931.23   1.7e-40  140.4   0.0   3.1e-40  139.5   0.0   1.4   1   0   0   1   1   1   1 | Bradi3g28592
Bradi2g61520.2       -          NB-ARC               PF00931.23   2.5e-40  139.8   0.2     4e-40  139.1   0.2   1.2   1   0   0   1   1   1   1 | Bradi2g61520
Bradi4g02625.1       -          NB-ARC               PF00931.23   5.2e-40  138.8   0.0   1.3e-39  137.5   0.0   1.6   1   0   0   1   1   1   1 | Bradi4g02625
Bradi5g15565.1       -          NB-ARC               PF00931.23   5.9e-40  138.6   0.0   1.1e-39  137.7   0.0   1.4   1   0   0   1   1   1   1 | Bradi5g15565
Bradi3g19967.2       -          NB-ARC               PF00931.23   6.1e-40  138.5   0.5   1.1e-39  137.7   0.5   1.3   1   0   0   1   1   1   1 | Bradi3g19967
Bradi3g19967.3       -          NB-ARC               PF00931.23   6.1e-40  138.5   0.5   1.1e-39  137.7   0.5   1.3   1   0   0   1   1   1   1 | Bradi3g19967
Bradi3g19967.4       -          NB-ARC               PF00931.23   6.1e-40  138.5   0.5   1.1e-39  137.7   0.5   1.3   1   0   0   1   1   1   1 | Bradi3g19967
Bradi1g29352.2       -          NB-ARC               PF00931.23   6.9e-40  138.4   0.9   1.7e-20   74.9   0.2   4.3   2   1   2   4   4   2   2 | Bradi1g29352
Bradi5g22187.1       -          NB-ARC               PF00931.23   8.5e-40  138.1   0.0   1.8e-39  137.0   0.0   1.4   1   0   0   1   1   1   1 | Bradi5g22187
Bradi4g12895.1       -          NB-ARC               PF00931.23   8.6e-40  138.0   0.0   1.5e-39  137.3   0.0   1.3   1   0   0   1   1   1   1 | Bradi4g12895
Bradi1g29560.1       -          NB-ARC               PF00931.23     9e-40  138.0   0.1   1.8e-39  137.0   0.1   1.4   1   0   0   1   1   1   1 | Bradi1g29560
Bradi1g29560.3       -          NB-ARC               PF00931.23     9e-40  138.0   0.1   1.8e-39  137.0   0.1   1.4   1   0   0   1   1   1   1 | Bradi1g29560
Bradi1g29560.4       -          NB-ARC               PF00931.23     9e-40  138.0   0.1   1.8e-39  137.0   0.1   1.4   1   0   0   1   1   1   1 | Bradi1g29560
Bradi1g29560.5       -          NB-ARC               PF00931.23     9e-40  138.0   0.1   1.8e-39  137.0   0.1   1.4   1   0   0   1   1   1   1 | Bradi1g29560
Bradi1g29560.6       -          NB-ARC               PF00931.23     9e-40  138.0   0.1   1.8e-39  137.0   0.1   1.4   1   0   0   1   1   1   1 | Bradi1g29560
Bradi1g29560.2       -          NB-ARC               PF00931.23   9.2e-40  138.0   0.1   1.8e-39  137.0   0.1   1.4   1   0   0   1   1   1   1 | Bradi1g29560
Bradi5g02786.2       -          NB-ARC               PF00931.23   1.3e-39  137.5   0.0   2.5e-39  136.6   0.0   1.4   1   0   0   1   1   1   1 | Bradi5g02786
Bradi5g02786.1       -          NB-ARC               PF00931.23   1.3e-39  137.5   0.0   2.5e-39  136.5   0.0   1.4   1   0   0   1   1   1   1 | Bradi5g02786
Bradi4g25041.1       -          NB-ARC               PF00931.23   2.2e-39  136.7   0.1   6.1e-24   86.1   0.3   2.6   2   1   0   2   2   2   2 | Bradi4g25041
Bradi3g15075.1       -          NB-ARC               PF00931.23   2.3e-39  136.6   0.0   3.8e-39  135.9   0.0   1.4   1   0   0   1   1   1   1 | Bradi3g15075
Bradi4g13987.1       -          NB-ARC               PF00931.23   2.5e-39  136.6   0.0   4.5e-39  135.7   0.0   1.3   1   0   0   1   1   1   1 | Bradi4g13987
Bradi3g42037.2       -          NB-ARC               PF00931.23   2.5e-39  136.5   0.0   3.9e-39  135.9   0.0   1.3   1   0   0   1   1   1   1 | Bradi3g42037
Bradi3g42037.5       -          NB-ARC               PF00931.23   2.5e-39  136.5   0.0   3.9e-39  135.9   0.0   1.3   1   0   0   1   1   1   1 | Bradi3g42037
Bradi3g42037.6       -          NB-ARC               PF00931.23   2.5e-39  136.5   0.0   3.9e-39  135.9   0.0   1.3   1   0   0   1   1   1   1 | Bradi3g42037
Bradi3g34697.2       -          NB-ARC               PF00931.23   2.5e-39  136.5   0.0   4.1e-39  135.8   0.0   1.3   1   0   0   1   1   1   1 | Bradi3g34697
Bradi3g34697.3       -          NB-ARC               PF00931.23   2.5e-39  136.5   0.0   4.1e-39  135.8   0.0   1.3   1   0   0   1   1   1   1 | Bradi3g34697
Bradi3g34697.4       -          NB-ARC               PF00931.23   2.5e-39  136.5   0.0   4.1e-39  135.8   0.0   1.3   1   0   0   1   1   1   1 | Bradi3g34697
Bradi3g34697.5       -          NB-ARC               PF00931.23   2.5e-39  136.5   0.0   4.1e-39  135.8   0.0   1.3   1   0   0   1   1   1   1 | Bradi3g34697
Bradi3g34697.6       -          NB-ARC               PF00931.23   2.5e-39  136.5   0.0   4.1e-39  135.8   0.0   1.3   1   0   0   1   1   1   1 | Bradi3g34697
Bradi3g34697.7       -          NB-ARC               PF00931.23   2.5e-39  136.5   0.0   4.1e-39  135.8   0.0   1.3   1   0   0   1   1   1   1 | Bradi3g34697
Bradi3g34697.9       -          NB-ARC               PF00931.23   2.5e-39  136.5   0.0   4.1e-39  135.8   0.0   1.3   1   0   0   1   1   1   1 | Bradi3g34697
Bradi2g03200.2       -          NB-ARC               PF00931.23   2.6e-39  136.5   0.0   4.8e-39  135.6   0.0   1.3   1   0   0   1   1   1   1 | Bradi2g03200
Bradi2g25327.1       -          NB-ARC               PF00931.23   3.2e-39  136.2   0.1   6.3e-39  135.2   0.1   1.4   1   0   0   1   1   1   1 | Bradi2g25327
Bradi1g01250.4       -          NB-ARC               PF00931.23   3.3e-39  136.2   1.9     7e-26   92.5   0.1   2.6   3   0   0   3   3   2   2 | Bradi1g01250
Bradi4g12737.1       -          NB-ARC               PF00931.23     5e-39  135.5   0.0     8e-39  134.9   0.0   1.3   1   0   0   1   1   1   1 | Bradi4g12737
Bradi4g12737.4       -          NB-ARC               PF00931.23     5e-39  135.5   0.0     8e-39  134.9   0.0   1.3   1   0   0   1   1   1   1 | Bradi4g12737
Bradi2g03260.1       -          NB-ARC               PF00931.23   5.2e-39  135.5   0.0   9.8e-39  134.6   0.0   1.4   1   0   0   1   1   1   1 | Bradi2g03260
Bradi4g44556.1       -          NB-ARC               PF00931.23   5.8e-39  135.3   0.1     2e-24   87.7   0.0   2.3   2   0   0   2   2   2   2 | Bradi4g44556
Bradi4g44556.2       -          NB-ARC               PF00931.23   5.8e-39  135.3   0.1     2e-24   87.7   0.0   2.3   2   0   0   2   2   2   2 | Bradi4g44556
Bradi4g44556.3       -          NB-ARC               PF00931.23   5.8e-39  135.3   0.1     2e-24   87.7   0.0   2.3   2   0   0   2   2   2   2 | Bradi4g44556
Bradi2g36037.1       -          NB-ARC               PF00931.23   6.2e-39  135.2   0.1   1.3e-38  134.2   0.1   1.5   1   0   0   1   1   1   1 | Bradi2g36037
Bradi3g15277.3       -          NB-ARC               PF00931.23     7e-39  135.1   0.0     1e-38  134.6   0.0   1.2   1   0   0   1   1   1   1 | Bradi3g15277
Bradi4g15067.1       -          NB-ARC               PF00931.23   7.3e-39  135.0   0.0   2.2e-38  133.4   0.0   1.8   1   0   0   1   1   1   1 | Bradi4g15067
Bradi1g29267.3       -          NB-ARC               PF00931.23   9.4e-39  134.6   3.2   1.8e-10   42.0   0.0   4.3   4   0   0   4   4   3   3 | Bradi1g29267
Bradi1g29267.4       -          NB-ARC               PF00931.23   9.4e-39  134.6   3.2   1.8e-10   42.0   0.0   4.3   4   0   0   4   4   3   3 | Bradi1g29267
Bradi1g29267.5       -          NB-ARC               PF00931.23   9.4e-39  134.6   3.2   1.8e-10   42.0   0.0   4.3   4   0   0   4   4   3   3 | Bradi1g29267
Bradi1g29267.6       -          NB-ARC               PF00931.23   9.8e-39  134.6   3.6   1.5e-10   42.3   0.0   4.3   4   0   0   4   4   3   3 | Bradi1g29267
Bradi1g29267.7       -          NB-ARC               PF00931.23   9.8e-39  134.6   3.6   1.5e-10   42.3   0.0   4.3   4   0   0   4   4   3   3 | Bradi1g29267
Bradi1g29267.8       -          NB-ARC               PF00931.23   9.8e-39  134.6   3.6   1.5e-10   42.3   0.0   4.3   4   0   0   4   4   3   3 | Bradi1g29267
Bradi4g44603.1       -          NB-ARC               PF00931.23   1.1e-38  134.4   0.0   2.1e-38  133.5   0.0   1.5   1   0   0   1   1   1   1 | Bradi4g44603
Bradi1g27757.2       -          NB-ARC               PF00931.23   1.1e-38  134.4   0.2     2e-38  133.5   0.2   1.4   1   0   0   1   1   1   1 | Bradi1g27757
Bradi1g27757.3       -          NB-ARC               PF00931.23   1.1e-38  134.4   0.2     2e-38  133.5   0.2   1.4   1   0   0   1   1   1   1 | Bradi1g27757
Bradi1g27757.4       -          NB-ARC               PF00931.23   1.1e-38  134.4   0.2     2e-38  133.5   0.2   1.4   1   0   0   1   1   1   1 | Bradi1g27757
Bradi5g02360.1       -          NB-ARC               PF00931.23   1.3e-38  134.1   0.0   2.4e-38  133.3   0.0   1.4   1   0   0   1   1   1   1 | Bradi5g02360
Bradi5g02360.2       -          NB-ARC               PF00931.23   1.3e-38  134.1   0.0   2.4e-38  133.3   0.0   1.4   1   0   0   1   1   1   1 | Bradi5g02360
Bradi2g36030.2       -          NB-ARC               PF00931.23   1.3e-38  134.1   0.0   3.2e-38  132.9   0.0   1.6   1   0   0   1   1   1   1 | Bradi2g36030
Bradi2g60230.10      -          NB-ARC               PF00931.23   1.8e-38  133.8   0.9   4.2e-38  132.5   0.9   1.6   1   1   0   1   1   1   1 | Bradi2g60230
Bradi2g60230.8       -          NB-ARC               PF00931.23   1.8e-38  133.7   0.9   4.3e-38  132.5   0.9   1.6   1   1   0   1   1   1   1 | Bradi2g60230
Bradi2g60230.9       -          NB-ARC               PF00931.23   1.8e-38  133.7   0.9   4.3e-38  132.5   0.9   1.6   1   1   0   1   1   1   1 | Bradi2g60230
Bradi2g60230.5       -          NB-ARC               PF00931.23   1.9e-38  133.7   0.9   4.4e-38  132.4   0.9   1.6   1   1   0   1   1   1   1 | Bradi2g60230
Bradi2g60230.6       -          NB-ARC               PF00931.23   1.9e-38  133.7   0.9   4.4e-38  132.4   0.9   1.6   1   1   0   1   1   1   1 | Bradi2g60230
Bradi2g60230.7       -          NB-ARC               PF00931.23   1.9e-38  133.7   0.9   4.4e-38  132.4   0.9   1.6   1   1   0   1   1   1   1 | Bradi2g60230
Bradi2g60230.2       -          NB-ARC               PF00931.23   1.9e-38  133.7   0.9   4.4e-38  132.4   0.9   1.6   1   1   0   1   1   1   1 | Bradi2g60230
Bradi2g60230.3       -          NB-ARC               PF00931.23   1.9e-38  133.7   0.9   4.4e-38  132.4   0.9   1.6   1   1   0   1   1   1   1 | Bradi2g60230
Bradi2g60230.4       -          NB-ARC               PF00931.23   1.9e-38  133.7   0.9   4.4e-38  132.4   0.9   1.6   1   1   0   1   1   1   1 | Bradi2g60230
Bradi3g14928.1       -          NB-ARC               PF00931.23   2.3e-38  133.4   0.2   4.7e-38  132.3   0.2   1.6   1   0   0   1   1   1   1 | Bradi3g14928
Bradi2g12497.1       -          NB-ARC               PF00931.23   2.6e-38  133.2   0.0   4.6e-38  132.4   0.0   1.4   1   0   0   1   1   1   1 | Bradi2g12497
Bradi4g41708.1       -          NB-ARC               PF00931.23   4.5e-38  132.4   0.3   5.2e-37  128.9   0.3   2.2   1   1   0   1   1   1   1 | Bradi4g41708
Bradi4g09587.4       -          NB-ARC               PF00931.23   6.6e-38  131.9   0.0   8.4e-37  128.3   0.0   2.2   2   0   0   2   2   1   1 | Bradi4g09587
Bradi4g09587.5       -          NB-ARC               PF00931.23   6.6e-38  131.9   0.0   8.4e-37  128.3   0.0   2.2   2   0   0   2   2   1   1 | Bradi4g09587
Bradi2g60260.6       -          NB-ARC               PF00931.23   8.3e-38  131.5   0.2     2e-37  130.3   0.2   1.6   1   1   0   1   1   1   1 | Bradi2g60260
Bradi2g60260.3       -          NB-ARC               PF00931.23   8.8e-38  131.5   0.2   2.1e-37  130.2   0.2   1.6   1   1   0   1   1   1   1 | Bradi2g60260
Bradi2g60260.4       -          NB-ARC               PF00931.23   8.8e-38  131.5   0.2   2.1e-37  130.2   0.2   1.6   1   1   0   1   1   1   1 | Bradi2g60260
Bradi2g60260.5       -          NB-ARC               PF00931.23   8.8e-38  131.5   0.2   2.1e-37  130.2   0.2   1.6   1   1   0   1   1   1   1 | Bradi2g60260
Bradi4g09597.1       -          NB-ARC               PF00931.23     9e-38  131.4   0.6   9.4e-36  124.8   0.6   2.4   1   1   0   1   1   1   1 | Bradi4g09597
Bradi4g09597.2       -          NB-ARC               PF00931.23     9e-38  131.4   0.6   9.4e-36  124.8   0.6   2.4   1   1   0   1   1   1   1 | Bradi4g09597
Bradi4g09597.3       -          NB-ARC               PF00931.23     9e-38  131.4   0.6   9.4e-36  124.8   0.6   2.4   1   1   0   1   1   1   1 | Bradi4g09597
Bradi4g44550.5       -          NB-ARC               PF00931.23   1.4e-37  130.8   0.1   2.9e-37  129.8   0.1   1.5   1   0   0   1   1   1   1 | Bradi4g44550
Bradi4g44550.6       -          NB-ARC               PF00931.23   1.4e-37  130.8   0.1   2.9e-37  129.8   0.1   1.5   1   0   0   1   1   1   1 | Bradi4g44550
Bradi4g44550.7       -          NB-ARC               PF00931.23   1.4e-37  130.8   0.1   2.9e-37  129.8   0.1   1.5   1   0   0   1   1   1   1 | Bradi4g44550
Bradi4g44550.8       -          NB-ARC               PF00931.23   1.4e-37  130.8   0.1   2.9e-37  129.8   0.1   1.5   1   0   0   1   1   1   1 | Bradi4g44550
Bradi4g44550.9       -          NB-ARC               PF00931.23   1.4e-37  130.8   0.1   2.9e-37  129.8   0.1   1.5   1   0   0   1   1   1   1 | Bradi4g44550
Bradi1g50420.2       -          NB-ARC               PF00931.23   1.5e-37  130.7   0.7   5.9e-37  128.8   0.7   1.8   1   1   0   1   1   1   1 | Bradi1g50420
Bradi4g24914.1       -          NB-ARC               PF00931.23   1.7e-37  130.5   0.0   2.6e-37  129.9   0.0   1.3   1   0   0   1   1   1   1 | Bradi4g24914
Bradi4g07017.1       -          NB-ARC               PF00931.23   1.9e-37  130.4   0.0   3.3e-37  129.6   0.0   1.3   1   0   0   1   1   1   1 | Bradi4g07017
Bradi5g22162.1       -          NB-ARC               PF00931.23   2.9e-37  129.7   0.6   4.8e-37  129.0   0.1   1.6   2   0   0   2   2   1   1 | Bradi5g22162
Bradi1g50407.3       -          NB-ARC               PF00931.23   3.1e-37  129.7   0.5   1.1e-36  127.8   0.5   1.8   1   1   0   1   1   1   1 | Bradi1g50407
Bradi4g06460.1       -          NB-ARC               PF00931.23   5.7e-37  128.8   0.1   1.3e-36  127.7   0.1   1.6   2   0   0   2   2   1   1 | Bradi4g06460
Bradi2g09434.1       -          NB-ARC               PF00931.23   5.7e-37  128.8   0.1   1.1e-36  127.9   0.1   1.5   1   0   0   1   1   1   1 | Bradi2g09434
Bradi1g00960.3       -          NB-ARC               PF00931.23   5.7e-37  128.8   0.1   1.7e-36  127.3   0.1   1.7   1   0   0   1   1   1   1 | Bradi1g00960
Bradi5g22146.2       -          NB-ARC               PF00931.23   6.1e-37  128.7   0.1   1.6e-36  127.3   0.1   1.8   2   0   0   2   2   1   1 | Bradi5g22146
Bradi5g22146.1       -          NB-ARC               PF00931.23   6.1e-37  128.7   0.1   1.6e-36  127.3   0.1   1.8   2   0   0   2   2   1   1 | Bradi5g22146
Bradi5g01936.1       -          NB-ARC               PF00931.23   6.3e-37  128.7   0.1   1.7e-36  127.2   0.0   1.7   2   0   0   2   2   1   1 | Bradi5g01936
Bradi4g44227.1       -          NB-ARC               PF00931.23   1.5e-36  127.4   0.1   3.4e-36  126.3   0.1   1.6   1   0   0   1   1   1   1 | Bradi4g44227
Bradi4g44227.2       -          NB-ARC               PF00931.23   1.5e-36  127.4   0.1   3.4e-36  126.3   0.1   1.6   1   0   0   1   1   1   1 | Bradi4g44227
Bradi4g44227.3       -          NB-ARC               PF00931.23   1.5e-36  127.4   0.1   3.4e-36  126.3   0.1   1.6   1   0   0   1   1   1   1 | Bradi4g44227
Bradi4g44227.5       -          NB-ARC               PF00931.23   1.5e-36  127.4   0.1   3.4e-36  126.3   0.1   1.6   1   0   0   1   1   1   1 | Bradi4g44227
Bradi4g44227.6       -          NB-ARC               PF00931.23   1.5e-36  127.4   0.1   3.4e-36  126.3   0.1   1.6   1   0   0   1   1   1   1 | Bradi4g44227
Bradi4g44227.7       -          NB-ARC               PF00931.23   1.5e-36  127.4   0.1   3.4e-36  126.3   0.1   1.6   1   0   0   1   1   1   1 | Bradi4g44227
Bradi4g44642.1       -          NB-ARC               PF00931.23   1.6e-36  127.3   0.1   2.3e-36  126.8   0.1   1.2   1   0   0   1   1   1   1 | Bradi4g44642
Bradi4g23880.1       -          NB-ARC               PF00931.23   1.8e-36  127.2   0.0     3e-24   87.1   0.0   2.4   2   0   0   2   2   2   2 | Bradi4g23880
Bradi4g23880.2       -          NB-ARC               PF00931.23   1.8e-36  127.2   0.0     3e-24   87.1   0.0   2.4   2   0   0   2   2   2   2 | Bradi4g23880
Bradi4g01113.3       -          NB-ARC               PF00931.23   1.9e-36  127.1   0.0   3.5e-36  126.2   0.0   1.3   1   0   0   1   1   1   1 | Bradi4g01113
Bradi2g03020.1       -          NB-ARC               PF00931.23   2.4e-36  126.7   0.9   1.4e-34  121.0   0.9   2.2   1   1   0   1   1   1   1 | Bradi2g03020
Bradi1g51961.2       -          NB-ARC               PF00931.23   6.7e-36  125.3   0.0     1e-35  124.7   0.0   1.3   1   0   0   1   1   1   1 | Bradi1g51961
Bradi1g51961.4       -          NB-ARC               PF00931.23   6.7e-36  125.3   0.0     1e-35  124.7   0.0   1.3   1   0   0   1   1   1   1 | Bradi1g51961
Bradi1g51961.6       -          NB-ARC               PF00931.23   6.7e-36  125.3   0.0     1e-35  124.7   0.0   1.3   1   0   0   1   1   1   1 | Bradi1g51961
Bradi1g51961.7       -          NB-ARC               PF00931.23   6.7e-36  125.3   0.0     1e-35  124.7   0.0   1.3   1   0   0   1   1   1   1 | Bradi1g51961
Bradi1g51961.1       -          NB-ARC               PF00931.23     7e-36  125.2   0.0   1.1e-35  124.6   0.0   1.3   1   0   0   1   1   1   1 | Bradi1g51961
Bradi1g51961.5       -          NB-ARC               PF00931.23     7e-36  125.2   0.0   1.1e-35  124.6   0.0   1.3   1   0   0   1   1   1   1 | Bradi1g51961
Bradi2g36173.1       -          NB-ARC               PF00931.23   7.1e-36  125.2   2.9   9.7e-36  124.8   2.9   1.2   1   0   0   1   1   1   1 | Bradi2g36173
Bradi5g00871.1       -          NB-ARC               PF00931.23   1.2e-35  124.4   0.1   3.4e-35  123.0   0.1   1.7   1   1   0   1   1   1   1 | Bradi5g00871
Bradi4g02490.2       -          NB-ARC               PF00931.23   1.3e-35  124.3   0.0   3.6e-14   54.1   0.0   4.3   4   0   0   4   4   3   3 | Bradi4g02490
Bradi2g03588.1       -          NB-ARC               PF00931.23   1.4e-35  124.3   0.0   2.7e-35  123.3   0.0   1.5   1   0   0   1   1   1   1 | Bradi2g03588
Bradi1g29381.2       -          NB-ARC               PF00931.23   1.5e-35  124.2   0.1   4.7e-24   86.5   0.1   2.4   2   0   0   2   2   2   2 | Bradi1g29381
Bradi4g12313.1       -          NB-ARC               PF00931.23   1.9e-35  123.8   2.0     1e-28  101.7   0.4   2.3   1   1   1   2   2   1   1 | Bradi4g12313
Bradi4g44575.1       -          NB-ARC               PF00931.23   2.1e-35  123.7   0.0     4e-35  122.8   0.0   1.4   1   0   0   1   1   1   1 | Bradi4g44575
Bradi4g44575.2       -          NB-ARC               PF00931.23   2.1e-35  123.7   0.0     4e-35  122.8   0.0   1.4   1   0   0   1   1   1   1 | Bradi4g44575
Bradi4g09788.3       -          NB-ARC               PF00931.23   2.2e-35  123.6   0.0   3.6e-35  122.9   0.0   1.3   1   0   0   1   1   1   1 | Bradi4g09788
Bradi4g09788.2       -          NB-ARC               PF00931.23   2.2e-35  123.6   0.0   3.6e-35  122.9   0.0   1.3   1   0   0   1   1   1   1 | Bradi4g09788
Bradi2g37990.1       -          NB-ARC               PF00931.23   2.2e-35  123.6   1.0   6.3e-31  109.0   0.0   2.6   2   1   1   3   3   1   1 | Bradi2g37990
Bradi4g02528.1       -          NB-ARC               PF00931.23   2.6e-35  123.4   0.2   1.5e-26   94.7   0.0   2.9   2   1   1   3   3   2   2 | Bradi4g02528
Bradi5g03140.2       -          NB-ARC               PF00931.23   2.6e-35  123.4   0.2   7.2e-35  121.9   0.0   1.8   2   0   0   2   2   1   1 | Bradi5g03140
Bradi5g03140.3       -          NB-ARC               PF00931.23   2.6e-35  123.4   0.2   7.2e-35  121.9   0.0   1.8   2   0   0   2   2   1   1 | Bradi5g03140
Bradi3g60337.1       -          NB-ARC               PF00931.23   2.7e-35  123.3   0.0   8.4e-35  121.7   0.0   1.7   2   0   0   2   2   1   1 | Bradi3g60337
Bradi4g44217.4       -          NB-ARC               PF00931.23   2.8e-35  123.3   0.1   5.7e-35  122.3   0.1   1.5   1   0   0   1   1   1   1 | Bradi4g44217
Bradi4g15060.2       -          NB-ARC               PF00931.23     3e-35  123.2   0.1   4.8e-35  122.5   0.1   1.3   1   0   0   1   1   1   1 | Bradi4g15060
Bradi4g06611.2       -          NB-ARC               PF00931.23   3.6e-35  122.9   0.0   5.8e-35  122.2   0.0   1.2   1   0   0   1   1   1   1 | Bradi4g06611
Bradi4g17365.1       -          NB-ARC               PF00931.23   6.5e-35  122.1   0.0   1.8e-34  120.6   0.0   1.8   1   0   0   1   1   1   1 | Bradi4g17365
Bradi2g36150.1       -          NB-ARC               PF00931.23   9.5e-35  121.5   1.1   1.2e-34  121.2   1.1   1.1   1   0   0   1   1   1   1 | Bradi2g36150
Bradi4g22017.1       -          NB-ARC               PF00931.23   2.5e-34  120.1   0.2   4.3e-34  119.4   0.2   1.4   1   0   0   1   1   1   1 | Bradi4g22017
Bradi4g10450.1       -          NB-ARC               PF00931.23   6.1e-34  118.9   0.0   1.1e-33  118.1   0.0   1.4   1   0   0   1   1   1   1 | Bradi4g10450
Bradi4g12684.1       -          NB-ARC               PF00931.23   7.4e-34  118.6   0.2   3.9e-32  113.0   0.2   2.2   1   1   0   1   1   1   1 | Bradi4g12684
Bradi4g09577.1       -          NB-ARC               PF00931.23   7.4e-34  118.6   0.0   1.3e-33  117.8   0.0   1.3   1   0   0   1   1   1   1 | Bradi4g09577
Bradi4g09577.2       -          NB-ARC               PF00931.23   7.4e-34  118.6   0.0   1.3e-33  117.8   0.0   1.3   1   0   0   1   1   1   1 | Bradi4g09577
Bradi4g10197.1       -          NB-ARC               PF00931.23   1.2e-33  117.9   0.4   1.7e-33  117.4   0.4   1.2   1   0   0   1   1   1   1 | Bradi4g10197
Bradi2g51807.1       -          NB-ARC               PF00931.23     3e-33  116.6   0.1   8.2e-33  115.2   0.1   1.7   1   0   0   1   1   1   1 | Bradi2g51807
Bradi2g51807.2       -          NB-ARC               PF00931.23     3e-33  116.6   0.1   8.2e-33  115.2   0.1   1.7   1   0   0   1   1   1   1 | Bradi2g51807
Bradi2g51807.3       -          NB-ARC               PF00931.23     3e-33  116.6   0.1   8.2e-33  115.2   0.1   1.7   1   0   0   1   1   1   1 | Bradi2g51807
Bradi3g45167.1       -          NB-ARC               PF00931.23   4.1e-33  116.2   0.1   6.8e-23   82.7   0.0   2.3   1   1   1   2   2   2   2 | Bradi3g45167
Bradi2g39576.1       -          NB-ARC               PF00931.23   5.5e-33  115.8   0.0   1.4e-32  114.4   0.0   1.6   1   1   0   1   1   1   1 | Bradi2g39576
Bradi4g17141.1       -          NB-ARC               PF00931.23   7.1e-33  115.4   0.3   1.8e-30  107.5   0.3   2.4   1   1   0   1   1   1   1 | Bradi4g17141
Bradi4g07027.1       -          NB-ARC               PF00931.23   7.2e-33  115.4   0.0   1.2e-32  114.6   0.0   1.3   1   0   0   1   1   1   1 | Bradi4g07027
Bradi4g10153.3       -          NB-ARC               PF00931.23   1.2e-32  114.6   0.9   1.2e-32  114.6   0.9   1.6   2   0   0   2   2   1   1 | Bradi4g10153
Bradi4g24887.1       -          NB-ARC               PF00931.23   1.5e-32  114.3   0.0     3e-32  113.3   0.0   1.5   1   0   0   1   1   1   1 | Bradi4g24887
Bradi4g36976.1       -          NB-ARC               PF00931.23   1.9e-32  114.0   0.0   3.7e-32  113.0   0.0   1.5   1   0   0   1   1   1   1 | Bradi4g36976
Bradi3g58951.2       -          NB-ARC               PF00931.23     2e-32  113.9   0.0   3.3e-32  113.2   0.0   1.3   1   0   0   1   1   1   1 | Bradi3g58951
Bradi4g38671.1       -          NB-ARC               PF00931.23   2.8e-32  113.4   0.0   5.2e-32  112.6   0.0   1.4   1   0   0   1   1   1   1 | Bradi4g38671
Bradi4g01117.2       -          NB-ARC               PF00931.23   3.4e-32  113.2   0.0   1.2e-31  111.4   0.0   1.8   2   0   0   2   2   1   1 | Bradi4g01117
Bradi4g01117.3       -          NB-ARC               PF00931.23   3.4e-32  113.2   0.0   1.2e-31  111.4   0.0   1.8   2   0   0   2   2   1   1 | Bradi4g01117
Bradi1g78926.1       -          NB-ARC               PF00931.23   1.1e-31  111.5   0.0   1.7e-31  110.8   0.0   1.2   1   0   0   1   1   1   1 | Bradi1g78926
Bradi2g39666.1       -          NB-ARC               PF00931.23   1.8e-31  110.7   0.2   3.8e-22   80.2   0.2   2.3   1   1   1   2   2   2   2 | Bradi2g39666
Bradi4g28177.1       -          NB-ARC               PF00931.23   3.2e-31  110.0   0.9   5.9e-31  109.1   0.9   1.4   1   0   0   1   1   1   1 | Bradi4g28177
Bradi1g27770.2       -          NB-ARC               PF00931.23   4.2e-31  109.6   0.1   7.3e-31  108.8   0.1   1.3   1   0   0   1   1   1   1 | Bradi1g27770
Bradi1g27770.1       -          NB-ARC               PF00931.23   4.3e-31  109.5   0.1   7.4e-31  108.8   0.1   1.3   1   0   0   1   1   1   1 | Bradi1g27770
Bradi4g12893.1       -          NB-ARC               PF00931.23   4.9e-31  109.4   0.0   8.8e-31  108.5   0.0   1.3   1   0   0   1   1   1   1 | Bradi4g12893
Bradi4g10675.1       -          NB-ARC               PF00931.23   6.1e-31  109.0   0.0   1.5e-22   81.6   0.0   2.5   1   1   1   2   2   2   2 | Bradi4g10675
Bradi1g56695.1       -          NB-ARC               PF00931.23   1.4e-30  107.9   0.2   2.8e-30  106.9   0.2   1.5   1   0   0   1   1   1   1 | Bradi1g56695
Bradi1g51954.2       -          NB-ARC               PF00931.23   1.6e-30  107.6   0.1   2.5e-30  107.0   0.1   1.3   1   0   0   1   1   1   1 | Bradi1g51954
Bradi1g51954.3       -          NB-ARC               PF00931.23   1.6e-30  107.6   0.1   2.5e-30  107.0   0.1   1.3   1   0   0   1   1   1   1 | Bradi1g51954
Bradi1g51954.4       -          NB-ARC               PF00931.23   1.6e-30  107.6   0.1   2.5e-30  107.0   0.1   1.3   1   0   0   1   1   1   1 | Bradi1g51954
Bradi5g01205.1       -          NB-ARC               PF00931.23   2.1e-30  107.3   0.0   4.3e-30  106.3   0.0   1.5   1   1   0   1   1   1   1 | Bradi5g01205
Bradi4g12666.1       -          NB-ARC               PF00931.23   6.1e-30  105.8   0.1   1.1e-29  105.0   0.1   1.3   1   0   0   1   1   1   1 | Bradi4g12666
Bradi3g60981.2       -          NB-ARC               PF00931.23   1.3e-29  104.7   0.4   2.6e-29  103.7   0.4   1.4   1   0   0   1   1   1   1 | Bradi3g60981
Bradi5g00451.1       -          NB-ARC               PF00931.23   1.4e-29  104.6   2.9   3.7e-20   73.7   0.1   2.7   2   1   1   3   3   2   2 | Bradi5g00451
Bradi2g37990.2       -          NB-ARC               PF00931.23   2.4e-29  103.8   0.0   3.9e-29  103.1   0.0   1.3   1   0   0   1   1   1   1 | Bradi2g37990
Bradi1g29370.3       -          NB-ARC               PF00931.23   2.9e-29  103.5   0.0   4.3e-22   80.1   0.0   2.4   2   0   0   2   2   1   1 | Bradi1g29370
Bradi4g28188.1       -          NB-ARC               PF00931.23   8.4e-29  102.0   0.5   1.6e-28  101.1   0.5   1.4   1   0   0   1   1   1   1 | Bradi4g28188
Bradi4g02520.3       -          NB-ARC               PF00931.23     1e-28  101.8   8.0   1.5e-18   68.5   0.0   4.2   4   0   0   4   4   1   1 | Bradi4g02520
Bradi4g02520.4       -          NB-ARC               PF00931.23     1e-28  101.8   8.0   1.5e-18   68.5   0.0   4.2   4   0   0   4   4   1   1 | Bradi4g02520
Bradi4g09957.1       -          NB-ARC               PF00931.23   1.2e-28  101.5   0.0   2.3e-28  100.6   0.0   1.5   1   0   0   1   1   1   1 | Bradi4g09957
Bradi4g02500.5       -          NB-ARC               PF00931.23   1.2e-28  101.5   1.0   4.4e-13   50.6   0.0   3.9   3   1   0   3   3   2   2 | Bradi4g02500
Bradi4g02500.6       -          NB-ARC               PF00931.23   1.2e-28  101.5   1.0   4.4e-13   50.6   0.0   3.9   3   1   0   3   3   2   2 | Bradi4g02500
Bradi2g38906.1       -          NB-ARC               PF00931.23     3e-28  100.2   5.2   1.3e-13   52.2   1.0   2.2   1   1   0   2   2   2   2 | Bradi2g38906
Bradi4g06470.1       -          NB-ARC               PF00931.23   3.8e-28   99.9   0.1   6.6e-28   99.1   0.1   1.4   1   0   0   1   1   1   1 | Bradi4g06470
Bradi2g59310.1       -          NB-ARC               PF00931.23   4.3e-28   99.7   0.0   7.5e-28   98.9   0.0   1.3   1   0   0   1   1   1   1 | Bradi2g59310
Bradi4g02544.2       -          NB-ARC               PF00931.23   4.4e-28   99.7   0.0   8.2e-28   98.8   0.0   1.5   1   0   0   1   1   1   1 | Bradi4g02544
Bradi4g03230.1       -          NB-ARC               PF00931.23   5.2e-28   99.5   0.1   9.7e-28   98.6   0.1   1.5   1   0   0   1   1   1   1 | Bradi4g03230
Bradi4g12678.2       -          NB-ARC               PF00931.23   5.5e-28   99.4   0.0   9.5e-28   98.6   0.0   1.3   1   0   0   1   1   1   1 | Bradi4g12678
Bradi2g37191.1       -          NB-ARC               PF00931.23   8.4e-28   98.8   0.1   1.2e-12   49.1   0.0   2.3   1   1   1   2   2   2   2 | Bradi2g37191
Bradi3g00741.2       -          NB-ARC               PF00931.23   1.8e-27   97.7   0.0   3.5e-16   60.7   0.0   2.2   1   1   1   2   2   2   2 | Bradi3g00741
Bradi3g22538.1       -          NB-ARC               PF00931.23   2.5e-27   97.2   0.2   5.1e-27   96.2   0.2   1.5   1   0   0   1   1   1   1 | Bradi3g22538
Bradi4g02528.2       -          NB-ARC               PF00931.23   2.5e-27   97.2   0.0   3.8e-27   96.6   0.0   1.3   1   0   0   1   1   1   1 | Bradi4g02528
Bradi4g02528.3       -          NB-ARC               PF00931.23   2.5e-27   97.2   0.0   3.8e-27   96.6   0.0   1.3   1   0   0   1   1   1   1 | Bradi4g02528
Bradi2g09427.1       -          NB-ARC               PF00931.23   3.4e-27   96.8   0.0   7.4e-27   95.7   0.0   1.5   1   0   0   1   1   1   1 | Bradi2g09427
Bradi2g52430.1       -          NB-ARC               PF00931.23   3.7e-27   96.7   0.1   4.9e-25   89.7   0.0   2.8   2   1   0   2   2   1   1 | Bradi2g52430
Bradi1g29267.10      -          NB-ARC               PF00931.23   4.4e-27   96.4   1.3   1.1e-10   42.7   0.0   3.3   3   0   0   3   3   2   2 | Bradi1g29267
Bradi1g29267.9       -          NB-ARC               PF00931.23   4.7e-27   96.3   1.0   1.4e-10   42.4   0.0   3.3   3   0   0   3   3   2   2 | Bradi1g29267
Bradi4g12735.1       -          NB-ARC               PF00931.23   1.4e-26   94.8   0.0   2.3e-26   94.1   0.0   1.3   1   0   0   1   1   1   1 | Bradi4g12735
Bradi1g29422.1       -          NB-ARC               PF00931.23   1.4e-26   94.7   1.1     2e-26   94.3   1.1   1.2   1   0   0   1   1   1   1 | Bradi1g29422
Bradi3g34961.3       -          NB-ARC               PF00931.23   1.7e-26   94.5   0.0   3.3e-26   93.5   0.0   1.4   1   0   0   1   1   1   1 | Bradi3g34961
Bradi3g34961.2       -          NB-ARC               PF00931.23   1.7e-26   94.5   0.0   3.4e-26   93.5   0.0   1.4   1   0   0   1   1   1   1 | Bradi3g34961
Bradi3g34961.1       -          NB-ARC               PF00931.23   2.5e-26   94.0   0.0   4.6e-26   93.1   0.0   1.4   1   0   0   1   1   1   1 | Bradi3g34961
Bradi5g01924.1       -          NB-ARC               PF00931.23   3.1e-26   93.7   0.1   5.8e-26   92.7   0.1   1.4   1   0   0   1   1   1   1 | Bradi5g01924
Bradi5g01924.2       -          NB-ARC               PF00931.23   3.1e-26   93.7   0.1   5.8e-26   92.7   0.1   1.4   1   0   0   1   1   1   1 | Bradi5g01924
Bradi1g15650.1       -          NB-ARC               PF00931.23   4.1e-26   93.2   0.1   7.3e-26   92.4   0.1   1.4   1   0   0   1   1   1   1 | Bradi1g15650
Bradi3g05480.2       -          NB-ARC               PF00931.23   5.3e-26   92.9   2.2   9.6e-26   92.0   2.2   1.4   1   0   0   1   1   1   1 | Bradi3g05480
Bradi3g05480.1       -          NB-ARC               PF00931.23   7.5e-26   92.4   2.2   1.4e-25   91.5   2.2   1.4   1   0   0   1   1   1   1 | Bradi3g05480
Bradi4g02500.1       -          NB-ARC               PF00931.23     9e-26   92.1   1.3   5.4e-13   50.3   0.0   3.9   3   1   0   3   3   2   2 | Bradi4g02500
Bradi4g02500.2       -          NB-ARC               PF00931.23     9e-26   92.1   1.3   5.3e-13   50.3   0.0   3.9   3   1   0   3   3   2   2 | Bradi4g02500
Bradi4g02500.3       -          NB-ARC               PF00931.23     1e-25   91.9   1.4   5.6e-13   50.2   0.0   3.9   3   1   0   3   3   2   2 | Bradi4g02500
Bradi4g02500.4       -          NB-ARC               PF00931.23     1e-25   91.9   1.4   5.6e-13   50.2   0.0   3.9   3   1   0   3   3   2   2 | Bradi4g02500
Bradi4g40727.1       -          NB-ARC               PF00931.23   5.2e-25   89.6   0.2   6.8e-20   72.9   0.2   2.8   2   1   0   2   2   1   1 | Bradi4g40727
Bradi4g07027.6       -          NB-ARC               PF00931.23     1e-24   88.7   0.0   5.7e-20   73.1   0.0   2.3   1   1   1   2   2   1   1 | Bradi4g07027
Bradi4g15067.2       -          NB-ARC               PF00931.23   1.1e-24   88.6   1.3   1.5e-24   88.1   0.1   1.9   3   0   0   3   3   1   1 | Bradi4g15067
Bradi3g05470.2       -          NB-ARC               PF00931.23   1.3e-24   88.3   0.6   2.1e-24   87.7   0.6   1.3   1   0   0   1   1   1   1 | Bradi3g05470
Bradi3g03935.1       -          NB-ARC               PF00931.23   1.5e-24   88.1   0.0     2e-24   87.7   0.0   1.2   1   0   0   1   1   1   1 | Bradi3g03935
Bradi3g58937.5       -          NB-ARC               PF00931.23     2e-24   87.7   0.1   3.7e-24   86.8   0.1   1.3   1   0   0   1   1   1   1 | Bradi3g58937
Bradi1g29634.2       -          NB-ARC               PF00931.23   6.1e-24   86.1   0.2   9.3e-24   85.5   0.2   1.1   1   0   0   1   1   1   1 | Bradi1g29634
Bradi2g03009.1       -          NB-ARC               PF00931.23   1.1e-23   85.3   0.4   1.6e-23   84.7   0.4   1.2   1   0   0   1   1   1   1 | Bradi2g03009
Bradi3g60250.3       -          NB-ARC               PF00931.23   1.2e-23   85.1   0.0   3.9e-18   67.1   0.0   2.5   2   0   0   2   2   1   1 | Bradi3g60250
Bradi4g07902.2       -          NB-ARC               PF00931.23   4.4e-23   83.3   0.0   7.2e-23   82.6   0.0   1.3   1   0   0   1   1   1   1 | Bradi4g07902
Bradi4g24914.3       -          NB-ARC               PF00931.23   1.3e-22   81.8   0.0     2e-22   81.1   0.0   1.3   1   0   0   1   1   1   1 | Bradi4g24914
Bradi4g09943.1       -          NB-ARC               PF00931.23   1.4e-21   78.4   0.0   2.7e-16   61.1   0.0   2.3   2   0   0   2   2   1   1 | Bradi4g09943
Bradi2g52450.3       -          NB-ARC               PF00931.23   1.6e-21   78.2   0.0   4.3e-21   76.8   0.0   1.6   2   0   0   2   2   1   1 | Bradi2g52450
Bradi2g52450.5       -          NB-ARC               PF00931.23   1.6e-21   78.2   0.0   4.3e-21   76.8   0.0   1.6   2   0   0   2   2   1   1 | Bradi2g52450
Bradi2g52450.4       -          NB-ARC               PF00931.23   1.8e-21   78.0   0.0   4.6e-21   76.7   0.0   1.6   2   0   0   2   2   1   1 | Bradi2g52450
Bradi2g52450.1       -          NB-ARC               PF00931.23   1.9e-21   78.0   0.0   4.8e-21   76.6   0.0   1.6   2   0   0   2   2   1   1 | Bradi2g52450
Bradi2g52450.2       -          NB-ARC               PF00931.23   1.9e-21   77.9   0.0   4.9e-21   76.6   0.0   1.6   2   0   0   2   2   1   1 | Bradi2g52450
Bradi4g02500.7       -          NB-ARC               PF00931.23   2.1e-21   77.8   1.0     7e-08   33.5   0.0   3.9   3   1   0   3   3   2   2 | Bradi4g02500
Bradi4g02500.8       -          NB-ARC               PF00931.23   2.1e-21   77.8   1.0     7e-08   33.5   0.0   3.9   3   1   0   3   3   2   2 | Bradi4g02500
Bradi4g12770.4       -          NB-ARC               PF00931.23     5e-21   76.6   0.0   9.4e-21   75.7   0.0   1.4   1   0   0   1   1   1   1 | Bradi4g12770
Bradi4g12770.2       -          NB-ARC               PF00931.23     5e-21   76.6   0.0   9.4e-21   75.7   0.0   1.4   1   0   0   1   1   1   1 | Bradi4g12770
Bradi4g12770.3       -          NB-ARC               PF00931.23     5e-21   76.6   0.0   9.4e-21   75.7   0.0   1.4   1   0   0   1   1   1   1 | Bradi4g12770
Bradi4g12770.5       -          NB-ARC               PF00931.23     5e-21   76.6   0.0   9.4e-21   75.7   0.0   1.4   1   0   0   1   1   1   1 | Bradi4g12770
Bradi4g07906.1       -          NB-ARC               PF00931.23   1.3e-20   75.3   0.0   2.1e-20   74.5   0.0   1.4   1   0   0   1   1   1   1 | Bradi4g07906
Bradi3g07580.2       -          NB-ARC               PF00931.23   1.3e-20   75.2   0.0     3e-20   74.0   0.0   1.5   1   0   0   1   1   1   1 | Bradi3g07580
Bradi3g07580.3       -          NB-ARC               PF00931.23   1.3e-20   75.2   0.0     3e-20   74.0   0.0   1.5   1   0   0   1   1   1   1 | Bradi3g07580
Bradi3g07580.4       -          NB-ARC               PF00931.23   1.3e-20   75.2   0.0     3e-20   74.0   0.0   1.5   1   0   0   1   1   1   1 | Bradi3g07580
Bradi3g07580.5       -          NB-ARC               PF00931.23   1.3e-20   75.2   0.0   3.2e-20   73.9   0.0   1.5   1   0   0   1   1   1   1 | Bradi3g07580
Bradi3g07580.6       -          NB-ARC               PF00931.23   1.3e-20   75.2   0.0   3.2e-20   73.9   0.0   1.5   1   0   0   1   1   1   1 | Bradi3g07580
Bradi3g07580.7       -          NB-ARC               PF00931.23   1.3e-20   75.2   0.0   3.2e-20   73.9   0.0   1.5   1   0   0   1   1   1   1 | Bradi3g07580
Bradi2g39622.1       -          NB-ARC               PF00931.23   1.7e-20   74.8   0.4   2.1e-18   68.0   0.0   2.6   1   1   1   2   2   1   1 | Bradi2g39622
Bradi4g12131.1       -          NB-ARC               PF00931.23   3.9e-20   73.6   0.0   7.6e-20   72.7   0.0   1.4   1   0   0   1   1   1   1 | Bradi4g12131
Bradi3g15593.2       -          NB-ARC               PF00931.23   6.3e-20   73.0   0.0   9.4e-20   72.4   0.0   1.2   1   0   0   1   1   1   1 | Bradi3g15593
Bradi1g01397.2       -          NB-ARC               PF00931.23   8.6e-20   72.5   0.3   1.5e-19   71.8   0.3   1.2   1   0   0   1   1   1   1 | Bradi1g01397
Bradi4g13987.4       -          NB-ARC               PF00931.23   8.9e-20   72.5   0.0   1.6e-19   71.7   0.0   1.3   1   0   0   1   1   1   1 | Bradi4g13987
Bradi1g34430.2       -          NB-ARC               PF00931.23   1.1e-19   72.2   3.3     4e-19   70.3   3.3   1.9   1   1   0   1   1   1   1 | Bradi1g34430
Bradi2g38791.2       -          NB-ARC               PF00931.23   2.3e-19   71.1   0.1   5.7e-13   50.2   0.1   2.8   1   1   1   2   2   1   1 | Bradi2g38791
Bradi1g29435.1       -          NB-ARC               PF00931.23   5.7e-19   69.8   0.1   2.2e-17   64.6   0.0   2.3   1   1   1   2   2   1   1 | Bradi1g29435
Bradi1g01551.1       -          NB-ARC               PF00931.23     1e-18   69.0   0.9     9e-09   36.4   0.0   3.9   3   1   0   4   4   2   2 | Bradi1g01551
Bradi4g07902.3       -          NB-ARC               PF00931.23   1.8e-18   68.2   0.0   5.8e-12   46.9   0.0   2.3   1   1   1   2   2   1   1 | Bradi4g07902
Bradi4g25810.1       -          NB-ARC               PF00931.23   1.9e-18   68.2   0.0   2.1e-16   61.5   0.0   2.4   1   1   0   1   1   1   1 | Bradi4g25810
Bradi2g36179.1       -          NB-ARC               PF00931.23   2.2e-18   67.9   0.2   3.6e-18   67.2   0.2   1.3   1   0   0   1   1   1   1 | Bradi2g36179
Bradi4g25780.2       -          NB-ARC               PF00931.23   4.2e-18   67.0   0.0   7.5e-18   66.2   0.0   1.4   1   0   0   1   1   1   1 | Bradi4g25780
Bradi4g44646.2       -          NB-ARC               PF00931.23   7.3e-18   66.2   7.4   7.3e-12   46.5   0.7   2.6   2   1   1   3   3   2   2 | Bradi4g44646
Bradi4g40605.1       -          NB-ARC               PF00931.23   9.9e-18   65.8   0.4   1.4e-17   65.3   0.4   1.3   1   1   0   1   1   1   1 | Bradi4g40605
Bradi4g09943.2       -          NB-ARC               PF00931.23   1.1e-17   65.6   0.0   1.5e-17   65.2   0.0   1.2   1   0   0   1   1   1   1 | Bradi4g09943
Bradi4g07911.1       -          NB-ARC               PF00931.23   1.5e-17   65.2   0.0   3.3e-17   64.1   0.0   1.6   1   0   0   1   1   1   1 | Bradi4g07911
Bradi1g59465.1       -          NB-ARC               PF00931.23   5.2e-17   63.4   0.0   5.6e-16   60.0   0.0   2.2   1   1   0   1   1   1   1 | Bradi1g59465
Bradi4g10453.1       -          NB-ARC               PF00931.23   1.3e-16   62.1   0.0   2.3e-16   61.3   0.0   1.3   1   0   0   1   1   1   1 | Bradi4g10453
Bradi3g15595.1       -          NB-ARC               PF00931.23   2.4e-16   61.2   0.0   3.9e-16   60.5   0.0   1.3   1   0   0   1   1   1   1 | Bradi3g15595
Bradi4g11920.2       -          NB-ARC               PF00931.23   2.7e-16   61.1   0.0   5.5e-16   60.1   0.0   1.4   1   0   0   1   1   1   1 | Bradi4g11920
Bradi4g11920.3       -          NB-ARC               PF00931.23   2.7e-16   61.1   0.0   5.5e-16   60.1   0.0   1.4   1   0   0   1   1   1   1 | Bradi4g11920
Bradi2g41930.2       -          NB-ARC               PF00931.23   4.6e-16   60.3   0.8   1.6e-12   48.7   0.1   2.9   1   1   1   2   2   1   1 | Bradi2g41930
Bradi4g09782.1       -          NB-ARC               PF00931.23   1.1e-15   59.1   0.2   2.5e-15   57.9   0.2   1.5   1   0   0   1   1   1   1 | Bradi4g09782
Bradi4g07027.2       -          NB-ARC               PF00931.23   1.3e-14   55.6   0.0   2.1e-14   54.9   0.0   1.3   1   0   0   1   1   1   1 | Bradi4g07027
Bradi4g07027.3       -          NB-ARC               PF00931.23   1.3e-14   55.6   0.0   2.1e-14   54.9   0.0   1.3   1   0   0   1   1   1   1 | Bradi4g07027
Bradi4g10672.1       -          NB-ARC               PF00931.23   1.4e-14   55.5   0.2     1e-12   49.3   0.2   2.3   1   1   0   1   1   1   1 | Bradi4g10672
Bradi1g79026.1       -          NB-ARC               PF00931.23   1.6e-14   55.3   0.4   3.1e-14   54.3   0.4   1.4   1   0   0   1   1   1   1 | Bradi1g79026
Bradi2g38987.4       -          NB-ARC               PF00931.23   2.1e-14   54.8   0.0   3.4e-14   54.2   0.0   1.3   1   0   0   1   1   1   1 | Bradi2g38987
Bradi4g13978.1       -          NB-ARC               PF00931.23   1.1e-13   52.5   0.3   2.4e-12   48.1   0.3   2.3   1   1   0   1   1   1   1 | Bradi4g13978
Bradi4g13978.2       -          NB-ARC               PF00931.23   1.1e-13   52.5   0.3   2.4e-12   48.1   0.3   2.3   1   1   0   1   1   1   1 | Bradi4g13978
Bradi2g39560.1       -          NB-ARC               PF00931.23   1.7e-13   51.9   0.4   2.9e-13   51.1   0.1   1.5   2   0   0   2   2   1   1 | Bradi2g39560
Bradi1g00278.1       -          NB-ARC               PF00931.23   1.9e-13   51.7   2.5   4.1e-09   37.5   0.1   2.3   1   1   1   2   2   1   1 | Bradi1g00278
Bradi4g44556.4       -          NB-ARC               PF00931.23   8.9e-13   49.5   0.0   1.7e-12   48.6   0.0   1.5   1   0   0   1   1   1   1 | Bradi4g44556
Bradi4g44556.5       -          NB-ARC               PF00931.23   8.9e-13   49.5   0.0   1.7e-12   48.6   0.0   1.5   1   0   0   1   1   1   1 | Bradi4g44556
Bradi4g44556.6       -          NB-ARC               PF00931.23   8.9e-13   49.5   0.0   1.7e-12   48.6   0.0   1.5   1   0   0   1   1   1   1 | Bradi4g44556
Bradi3g60446.3       -          NB-ARC               PF00931.23   1.3e-12   49.1   0.0     2e-12   48.4   0.0   1.3   1   0   0   1   1   1   1 | Bradi3g60446
Bradi4g02525.9       -          NB-ARC               PF00931.23   1.5e-12   48.8   0.0   1.1e-11   46.0   0.0   2.2   3   0   0   3   3   1   1 | Bradi4g02525
Bradi4g44590.1       -          NB-ARC               PF00931.23     2e-12   48.4   0.1   3.9e-12   47.4   0.1   1.5   1   0   0   1   1   1   1 | Bradi4g44590
Bradi4g44590.4       -          NB-ARC               PF00931.23     2e-12   48.4   0.1   3.9e-12   47.4   0.1   1.5   1   0   0   1   1   1   1 | Bradi4g44590
Bradi5g03986.1       -          NB-ARC               PF00931.23   3.3e-12   47.7   0.1   1.2e-07   32.7   0.0   2.5   1   1   1   2   2   1   1 | Bradi5g03986
Bradi1g51320.2       -          NB-ARC               PF00931.23     4e-12   47.4   0.7    0.0012   19.7   1.7   4.2   2   1   0   2   2   0   0 | Bradi1g51320
Bradi1g41825.1       -          NB-ARC               PF00931.23   4.3e-12   47.3   0.0   0.00011   23.0   0.0   2.3   1   1   1   2   2   0   0 | Bradi1g41825
Bradi3g34967.3       -          NB-ARC               PF00931.23   4.5e-12   47.2   0.1   7.6e-11   43.2   0.0   2.6   1   1   1   2   2   1   1 | Bradi3g34967
Bradi3g34967.1       -          NB-ARC               PF00931.23   4.8e-12   47.1   0.1   7.4e-11   43.2   0.1   2.6   1   1   1   2   2   1   1 | Bradi3g34967
Bradi3g34967.2       -          NB-ARC               PF00931.23   4.8e-12   47.1   0.1   7.4e-11   43.2   0.1   2.6   1   1   1   2   2   1   1 | Bradi3g34967
Bradi4g44590.2       -          NB-ARC               PF00931.23   4.9e-12   47.1   0.1     1e-11   46.1   0.1   1.5   1   0   0   1   1   1   1 | Bradi4g44590
Bradi1g01380.1       -          NB-ARC               PF00931.23   6.7e-12   46.7   0.0   9.2e-12   46.2   0.0   1.2   1   0   0   1   1   1   1 | Bradi1g01380
Bradi1g01374.1       -          NB-ARC               PF00931.23   6.8e-12   46.6   0.1   1.1e-11   46.0   0.1   1.3   1   0   0   1   1   1   1 | Bradi1g01374
Bradi4g40482.2       -          NB-ARC               PF00931.23   1.3e-11   45.7   0.0   1.8e-11   45.3   0.0   1.2   1   0   0   1   1   1   1 | Bradi4g40482
Bradi4g24857.2       -          NB-ARC               PF00931.23   1.5e-11   45.6   0.0   9.2e-08   33.1   0.0   2.1   2   0   0   2   2   1   1 | Bradi4g24857
Bradi3g45550.1       -          NB-ARC               PF00931.23   1.6e-11   45.4   0.0   6.4e-05   23.8   0.0   2.1   2   0   0   2   2   1   1 | Bradi3g45550
Bradi4g24857.1       -          NB-ARC               PF00931.23   2.2e-11   45.0   0.0   1.2e-07   32.7   0.0   2.2   2   0   0   2   2   1   1 | Bradi4g24857
Bradi4g24852.1       -          NB-ARC               PF00931.23   2.5e-11   44.8   0.0   1.8e-07   32.2   0.0   2.2   2   0   0   2   2   1   1 | Bradi4g24852
Bradi4g24930.2       -          NB-ARC               PF00931.23   7.4e-11   43.2   0.0   8.4e-05   23.4   0.0   2.1   2   0   0   2   2   0   0 | Bradi4g24930
Bradi2g60426.1       -          NB-ARC               PF00931.23   1.1e-10   42.7   0.4   1.6e-10   42.2   0.4   1.2   1   0   0   1   1   1   1 | Bradi2g60426
Bradi2g48487.1       -          NB-ARC               PF00931.23   1.3e-10   42.4   0.0   8.3e-09   36.5   0.0   2.2   1   1   0   1   1   1   1 | Bradi2g48487
Bradi1g58950.1       -          NB-ARC               PF00931.23   5.7e-10   40.4   0.0   1.3e-07   32.6   0.0   2.2   1   1   0   1   1   1   1 | Bradi1g58950
Bradi4g12737.2       -          NB-ARC               PF00931.23     6e-10   40.3   0.0   9.6e-10   39.6   0.0   1.3   1   0   0   1   1   1   1 | Bradi4g12737
Bradi4g12737.5       -          NB-ARC               PF00931.23     6e-10   40.3   0.0   9.6e-10   39.6   0.0   1.3   1   0   0   1   1   1   1 | Bradi4g12737
Bradi2g18840.1       -          NB-ARC               PF00931.23   6.4e-10   40.2   0.0   2.5e-08   35.0   0.0   2.2   1   1   0   1   1   1   1 | Bradi2g18840
Bradi4g16340.1       -          NB-ARC               PF00931.23   1.7e-09   38.8   0.0   5.6e-09   37.1   0.0   1.7   1   1   0   1   1   1   1 | Bradi4g16340
Bradi1g58980.1       -          NB-ARC               PF00931.23   3.5e-09   37.8   0.0   3.6e-06   27.9   0.0   2.5   1   1   0   1   1   1   1 | Bradi1g58980
Bradi5g01480.1       -          NB-ARC               PF00931.23   3.7e-09   37.7   0.0    0.0039   17.9   0.0   2.6   2   1   1   3   3   0   0 | Bradi5g01480
Bradi2g48467.2       -          NB-ARC               PF00931.23   4.5e-09   37.4   0.0    0.0039   18.0   0.0   2.5   3   0   0   3   3   0   0 | Bradi2g48467
Bradi2g18851.1       -          NB-ARC               PF00931.23   4.6e-09   37.4   0.0   3.9e-05   24.5   0.0   2.5   2   0   0   2   2   1   1 | Bradi2g18851
Bradi4g22740.1       -          NB-ARC               PF00931.23   8.1e-09   36.6   0.1   1.3e-08   35.9   0.1   1.3   1   0   0   1   1   1   1 | Bradi4g22740
Bradi2g60430.1       -          NB-ARC               PF00931.23   8.9e-09   36.4   0.4   8.7e-08   33.2   0.0   2.1   2   0   0   2   2   1   1 | Bradi2g60430
Bradi2g48480.2       -          NB-ARC               PF00931.23     1e-08   36.3   0.0   2.1e-05   25.4   0.0   2.2   1   1   1   2   2   1   1 | Bradi2g48480
Bradi3g39933.1       -          NB-ARC               PF00931.23   1.2e-08   36.0   0.4   0.00023   22.0   0.1   2.7   2   1   1   3   3   0   0 | Bradi3g39933
Bradi3g60453.2       -          NB-ARC               PF00931.23   1.4e-08   35.8   5.2   1.8e-05   25.6   0.0   2.3   1   1   1   2   2   1   1 | Bradi3g60453
Bradi1g29360.3       -          NB-ARC               PF00931.23   1.4e-08   35.8   0.0   2.6e-08   34.9   0.0   1.3   1   0   0   1   1   1   1 | Bradi1g29360
Bradi1g53936.1       -          NB-ARC               PF00931.23   1.6e-08   35.6   0.0     0.005   17.6   0.0   2.3   2   0   0   2   2   0   0 | Bradi1g53936
Bradi4g24914.2       -          NB-ARC               PF00931.23     2e-08   35.3   0.0   3.4e-08   34.5   0.0   1.3   1   0   0   1   1   1   1 | Bradi4g24914
Bradi4g12785.1       -          NB-ARC               PF00931.23   2.1e-08   35.2   0.1   8.7e-08   33.2   0.1   1.9   1   1   0   1   1   1   1 | Bradi4g12785
Bradi1g58965.1       -          NB-ARC               PF00931.23   4.3e-08   34.2   0.0   0.00036   21.3   0.0   2.6   2   0   0   2   2   0   0 | Bradi1g58965
Bradi2g18830.2       -          NB-ARC               PF00931.23   4.5e-08   34.1   0.0   0.00078   20.2   0.0   2.2   1   1   0   2   2   0   0 | Bradi2g18830
Bradi4g14105.1       -          NB-ARC               PF00931.23   5.5e-08   33.8   0.0   7.7e-08   33.4   0.0   1.2   1   0   0   1   1   1   1 | Bradi4g14105
Bradi2g05611.1       -          NB-ARC               PF00931.23   1.1e-07   32.9   0.0    0.0081   16.9   0.0   2.9   2   1   0   2   2   0   0 | Bradi2g05611
Bradi2g27750.1       -          NB-ARC               PF00931.23   2.9e-07   31.5   0.0   7.4e-06   26.9   0.0   2.2   1   1   0   1   1   1   1 | Bradi2g27750
Bradi2g38991.1       -          NB-ARC               PF00931.23   3.8e-07   31.1   0.1   6.2e-07   30.4   0.1   1.4   1   0   0   1   1   1   1 | Bradi2g38991
Bradi4g09271.1       -          NB-ARC               PF00931.23   3.9e-07   31.1   0.0     7e-07   30.2   0.0   1.3   1   0   0   1   1   1   1 | Bradi4g09271
Bradi3g21190.2       -          NB-ARC               PF00931.23     4e-07   31.0   0.0   0.00065   20.5   0.0   2.1   2   0   0   2   2   0   0 | Bradi3g21190
Bradi4g09271.2       -          NB-ARC               PF00931.23     4e-07   31.0   0.0   8.5e-07   29.9   0.0   1.5   1   0   0   1   1   1   1 | Bradi4g09271
Bradi4g09271.3       -          NB-ARC               PF00931.23     4e-07   31.0   0.0   8.5e-07   29.9   0.0   1.5   1   0   0   1   1   1   1 | Bradi4g09271
Bradi2g50590.2       -          NB-ARC               PF00931.23   4.4e-07   30.9   0.0   8.3e-07   30.0   0.0   1.4   1   0   0   1   1   1   1 | Bradi2g50590
Bradi2g50590.3       -          NB-ARC               PF00931.23   4.4e-07   30.9   0.0   8.3e-07   30.0   0.0   1.4   1   0   0   1   1   1   1 | Bradi2g50590
Bradi2g50590.4       -          NB-ARC               PF00931.23   4.4e-07   30.9   0.0   8.3e-07   30.0   0.0   1.4   1   0   0   1   1   1   1 | Bradi2g50590
Bradi3g07315.2       -          NB-ARC               PF00931.23   4.8e-07   30.8   0.0   4.5e-06   27.6   0.0   2.1   1   1   1   2   2   1   1 | Bradi3g07315
Bradi1g53930.1       -          NB-ARC               PF00931.23   4.9e-07   30.7   0.0     0.039   14.7   0.1   2.3   1   1   1   2   2   0   0 | Bradi1g53930
Bradi3g15990.1       -          NB-ARC               PF00931.23   7.2e-07   30.2   0.0     1e-05   26.4   0.0   2.1   1   1   1   2   2   1   1 | Bradi3g15990
Bradi4g35317.2       -          NB-ARC               PF00931.23   8.8e-07   29.9   0.0   1.5e-06   29.1   0.0   1.4   1   0   0   1   1   1   1 | Bradi4g35317
Bradi4g35317.3       -          NB-ARC               PF00931.23   8.8e-07   29.9   0.0   1.5e-06   29.1   0.0   1.4   1   0   0   1   1   1   1 | Bradi4g35317
Bradi4g35317.4       -          NB-ARC               PF00931.23   9.1e-07   29.9   0.0   1.4e-06   29.2   0.0   1.3   1   0   0   1   1   1   1 | Bradi4g35317
Bradi4g35317.5       -          NB-ARC               PF00931.23   9.1e-07   29.9   0.0   1.4e-06   29.2   0.0   1.3   1   0   0   1   1   1   1 | Bradi4g35317
Bradi1g58940.1       -          NB-ARC               PF00931.23     1e-06   29.7   0.0     0.041   14.6   0.0   2.4   1   1   0   2   2   0   0 | Bradi1g58940
Bradi5g01457.1       -          NB-ARC               PF00931.23   1.4e-06   29.2   0.1    0.0017   19.1   0.0   2.5   3   0   0   3   3   0   0 | Bradi5g01457
Bradi4g07027.4       -          NB-ARC               PF00931.23   1.6e-06   29.0   0.3     0.051   14.3   0.0   2.3   1   1   1   2   2   0   0 | Bradi4g07027
Bradi4g07027.5       -          NB-ARC               PF00931.23   1.6e-06   29.0   0.3     0.051   14.3   0.0   2.3   1   1   1   2   2   0   0 | Bradi4g07027
Bradi5g01470.2       -          NB-ARC               PF00931.23   1.7e-06   28.9   0.0   0.00087   20.1   0.0   2.2   2   0   0   2   2   0   0 | Bradi5g01470
Bradi2g03012.1       -          NB-ARC               PF00931.23   2.8e-06   28.3   0.0   4.6e-06   27.5   0.0   1.3   1   0   0   1   1   1   1 | Bradi2g03012
Bradi4g12733.1       -          NB-ARC               PF00931.23   3.8e-06   27.8   0.0     6e-06   27.2   0.0   1.2   1   0   0   1   1   1   1 | Bradi4g12733
Bradi1g34370.2       -          NB-ARC               PF00931.23   5.8e-06   27.2   0.0    0.0091   16.8   0.0   2.9   2   1   1   3   3   0   0 | Bradi1g34370
Bradi4g11940.2       -          NB-ARC               PF00931.23   7.8e-06   26.8   0.0   2.3e-05   25.2   0.0   1.7   2   0   0   2   2   1   1 | Bradi4g11940
Bradi1g34370.1       -          NB-ARC               PF00931.23   1.2e-05   26.2   0.0      0.01   16.6   0.0   2.7   2   1   1   3   3   0   0 | Bradi1g34370
Bradi4g33350.1       -          NB-ARC               PF00931.23   1.4e-05   26.0   0.0   4.8e-05   24.2   0.0   1.8   2   0   0   2   2   1   1 | Bradi4g33350
Bradi4g21942.1       -          NB-ARC               PF00931.23   2.7e-05   25.0   0.7   7.9e-05   23.5   0.7   1.7   1   1   0   1   1   1   1 | Bradi4g21942
Bradi3g21210.1       -          NB-ARC               PF00931.23   3.7e-05   24.6   0.1     0.055   14.2   0.0   2.5   3   0   0   3   3   0   0 | Bradi3g21210
Bradi3g21210.2       -          NB-ARC               PF00931.23   3.7e-05   24.6   0.1     0.055   14.2   0.0   2.5   3   0   0   3   3   0   0 | Bradi3g21210
Bradi1g51940.2       -          NB-ARC               PF00931.23     5e-05   24.2   0.0      0.11   13.3   0.0   3.0   3   0   0   3   3   0   0 | Bradi1g51940
Bradi2g26926.1       -          NB-ARC               PF00931.23   5.1e-05   24.1   0.0   0.00011   23.0   0.0   1.5   1   0   0   1   1   0   0 | Bradi2g26926
Bradi2g37260.1       -          NB-ARC               PF00931.23   5.2e-05   24.1   0.0     9e-05   23.3   0.0   1.4   1   0   0   1   1   0   0 | Bradi2g37260
Bradi2g37260.2       -          NB-ARC               PF00931.23   5.2e-05   24.1   0.0     9e-05   23.3   0.0   1.4   1   0   0   1   1   0   0 | Bradi2g37260
Bradi5g05077.3       -          NB-ARC               PF00931.23     6e-05   23.9   0.8      0.38   11.4   0.1   2.4   2   0   0   2   2   0   0 | Bradi5g05077
Bradi5g05077.7       -          NB-ARC               PF00931.23     6e-05   23.9   0.8      0.38   11.4   0.1   2.4   2   0   0   2   2   0   0 | Bradi5g05077
Bradi5g05077.5       -          NB-ARC               PF00931.23   6.3e-05   23.8   0.8      0.39   11.4   0.1   2.4   2   0   0   2   2   0   0 | Bradi5g05077
Bradi5g05077.6       -          NB-ARC               PF00931.23   6.3e-05   23.8   0.8      0.38   11.4   0.1   2.3   2   0   0   2   2   0   0 | Bradi5g05077
Bradi5g05077.2       -          NB-ARC               PF00931.23   6.7e-05   23.7   0.8       0.4   11.4   0.1   2.4   2   0   0   2   2   0   0 | Bradi5g05077
Bradi5g05077.1       -          NB-ARC               PF00931.23     7e-05   23.7   0.8      0.41   11.3   0.1   2.4   2   0   0   2   2   0   0 | Bradi5g05077
#
# Program:         hmmsearch
# Version:         3.1b2 (February 2015)
# Pipeline mode:   SEARCH
# Query file:      NB-ARC.hmm
# Target file:     /home/microbiome/data/el_projects/plant_cell_searches/proteome.all_transcripts.bdi.fasta
# Option settings: hmmsearch --tblout Brachy-nbarc.hmm.out --cut_ga NB-ARC.hmm /home/microbiome/data/el_projects/plant_cell_searches/proteome.all_transcripts.bdi.fasta 
# Current dir:     /media/lamdata/microbiome/el_projects/plant_cell_searches/duckweed_nbarc
# Date:            Fri Sep 11 18:58:12 2020
# [ok]
