#                                                                --- full sequence ---- --- best 1 domain ---- --- domain number estimation ----
# target name         accession  query name           accession    E-value  score  bias   E-value  score  bias   exp reg clu  ov env dom rep inc description of target
# ------------------- ---------- -------------------- ---------- --------- ------ ----- --------- ------ -----   --- --- --- --- --- --- --- --- ---------------------
LOC_Os08g42710.1      -          NB-ARC               PF00931.23   6.8e-63  213.7   3.8   6.2e-39  135.2   0.0   4.2   3   2   0   3   3   3   3 | LOC_Os08g42710
LOC_Os11g44990.1      -          NB-ARC               PF00931.23   8.1e-60  203.6   2.4   6.1e-45  154.9   0.7   2.3   2   0   0   2   2   2   2 | LOC_Os11g44990
LOC_Os07g08890.1      -          NB-ARC               PF00931.23   1.7e-59  202.6   1.4   2.6e-59  202.0   1.4   1.3   1   0   0   1   1   1   1 | LOC_Os07g08890
LOC_Os12g31620.1      -          NB-ARC               PF00931.23   5.7e-59  200.9   2.9   1.8e-58  199.2   0.2   2.5   3   0   0   3   3   1   1 | LOC_Os12g31620
LOC_Os11g41540.4      -          NB-ARC               PF00931.23   5.9e-59  200.8   0.5   7.6e-59  200.5   0.5   1.1   1   0   0   1   1   1   1 | LOC_Os11g41540
LOC_Os11g41540.1      -          NB-ARC               PF00931.23   6.7e-59  200.6   0.5   8.7e-59  200.3   0.5   1.1   1   0   0   1   1   1   1 | LOC_Os11g41540
LOC_Os11g41540.2      -          NB-ARC               PF00931.23   6.7e-59  200.6   0.5   8.7e-59  200.3   0.5   1.1   1   0   0   1   1   1   1 | LOC_Os11g41540
LOC_Os11g41540.3      -          NB-ARC               PF00931.23   6.7e-59  200.6   0.5   8.7e-59  200.3   0.5   1.1   1   0   0   1   1   1   1 | LOC_Os11g41540
LOC_Os08g42670.1      -          NB-ARC               PF00931.23   1.3e-58  199.7   3.1   1.6e-45  156.8   0.3   2.4   2   0   0   2   2   2   2 | LOC_Os08g42670
LOC_Os08g42670.2      -          NB-ARC               PF00931.23   1.3e-58  199.7   3.1   1.6e-45  156.8   0.3   2.4   2   0   0   2   2   2   2 | LOC_Os08g42670
LOC_Os08g42700.1      -          NB-ARC               PF00931.23   1.8e-58  199.2   0.4   4.4e-45  155.4   0.0   2.8   3   0   0   3   3   2   2 | LOC_Os08g42700
LOC_Os09g09490.1      -          NB-ARC               PF00931.23   1.2e-56  193.2   0.3   1.2e-56  193.2   0.3   1.7   2   0   0   2   2   1   1 | LOC_Os09g09490
LOC_Os10g10360.4      -          NB-ARC               PF00931.23   1.6e-55  189.6   0.2   3.5e-55  188.4   0.2   1.6   1   0   0   1   1   1   1 | LOC_Os10g10360
LOC_Os10g10360.1      -          NB-ARC               PF00931.23   1.7e-55  189.5   0.2   3.8e-55  188.3   0.2   1.6   1   0   0   1   1   1   1 | LOC_Os10g10360
LOC_Os10g10360.2      -          NB-ARC               PF00931.23   1.7e-55  189.5   0.2   3.8e-55  188.3   0.2   1.6   1   0   0   1   1   1   1 | LOC_Os10g10360
LOC_Os10g10360.3      -          NB-ARC               PF00931.23   1.7e-55  189.5   0.2   3.8e-55  188.3   0.2   1.6   1   0   0   1   1   1   1 | LOC_Os10g10360
LOC_Os08g43010.1      -          NB-ARC               PF00931.23   2.2e-55  189.1   0.4   2.2e-55  189.1   0.4   1.6   2   0   0   2   2   1   1 | LOC_Os08g43010
LOC_Os10g21400.1      -          NB-ARC               PF00931.23   9.8e-55  187.0   0.5   1.7e-54  186.2   0.5   1.3   1   0   0   1   1   1   1 | LOC_Os10g21400
ChrUn.fgenesh.mRNA.29 -          NB-ARC               PF00931.23   1.1e-54  186.8   2.1   1.1e-54  186.8   2.1   1.7   2   0   0   2   2   1   1 | ChrUn.fgenesh.gene.29
LOC_Os04g46300.1      -          NB-ARC               PF00931.23   1.6e-54  186.3   0.0   2.7e-54  185.6   0.0   1.3   1   0   0   1   1   1   1 | LOC_Os04g46300
LOC_Os02g09790.1      -          NB-ARC               PF00931.23   1.9e-54  186.0   0.3   3.5e-54  185.2   0.3   1.5   1   0   0   1   1   1   1 | LOC_Os02g09790
LOC_Os04g02860.1      -          NB-ARC               PF00931.23   6.2e-54  184.4   0.5   1.4e-53  183.2   0.5   1.6   1   0   0   1   1   1   1 | LOC_Os04g02860
LOC_Os09g30220.1      -          NB-ARC               PF00931.23   2.6e-53  182.4   0.4   5.4e-53  181.3   0.4   1.6   1   0   0   1   1   1   1 | LOC_Os09g30220
LOC_Os11g29980.1      -          NB-ARC               PF00931.23   3.2e-53  182.0   0.1   3.2e-53  182.0   0.1   2.0   3   0   0   3   3   1   1 | LOC_Os11g29980
LOC_Os08g42930.1      -          NB-ARC               PF00931.23   3.9e-53  181.8   0.3   6.2e-53  181.1   0.3   1.3   1   0   0   1   1   1   1 | LOC_Os08g42930
LOC_Os08g10440.1      -          NB-ARC               PF00931.23     4e-53  181.7   0.0   5.7e-53  181.2   0.0   1.2   1   0   0   1   1   1   1 | LOC_Os08g10440
LOC_Os01g72680.1      -          NB-ARC               PF00931.23   5.6e-53  181.2   0.0   8.5e-53  180.6   0.0   1.3   1   0   0   1   1   1   1 | LOC_Os01g72680
LOC_Os11g29970.1      -          NB-ARC               PF00931.23   1.3e-52  180.1   1.1   1.3e-52  180.1   1.1   1.7   2   0   0   2   2   1   1 | LOC_Os11g29970
LOC_Os11g35580.1      -          NB-ARC               PF00931.23   1.8e-52  179.6   0.0   3.1e-52  178.8   0.0   1.3   1   0   0   1   1   1   1 | LOC_Os11g35580
LOC_Os05g31570.1      -          NB-ARC               PF00931.23   5.5e-52  178.0   1.0   9.6e-52  177.2   1.0   1.4   1   0   0   1   1   1   1 | LOC_Os05g31570
LOC_Os05g31530.1      -          NB-ARC               PF00931.23   5.8e-52  177.9   0.9     1e-51  177.1   0.9   1.4   1   0   0   1   1   1   1 | LOC_Os05g31530
LOC_Os12g14330.1      -          NB-ARC               PF00931.23   6.6e-52  177.7   1.8   6.6e-52  177.7   1.8   1.7   2   0   0   2   2   1   1 | LOC_Os12g14330
LOC_Os09g14060.1      -          NB-ARC               PF00931.23   9.6e-52  177.2   0.1   1.6e-51  176.5   0.1   1.3   1   0   0   1   1   1   1 | LOC_Os09g14060
LOC_Os08g43050.1      -          NB-ARC               PF00931.23   2.6e-51  175.8   1.0   6.3e-51  174.5   1.0   1.7   1   0   0   1   1   1   1 | LOC_Os08g43050
LOC_Os12g32590.1      -          NB-ARC               PF00931.23   3.3e-51  175.4   0.0   4.4e-42  145.5   0.0   2.3   2   0   0   2   2   2   2 | LOC_Os12g32590
LOC_Os08g32880.1      -          NB-ARC               PF00931.23   3.3e-51  175.4   0.0   6.6e-51  174.4   0.0   1.4   1   0   0   1   1   1   1 | LOC_Os08g32880
LOC_Os11g12040.1      -          NB-ARC               PF00931.23   3.6e-51  175.3   0.2   6.3e-51  174.5   0.2   1.4   1   0   0   1   1   1   1 | LOC_Os11g12040
LOC_Os08g10430.1      -          NB-ARC               PF00931.23     8e-51  174.2   0.0   1.1e-50  173.8   0.0   1.2   1   0   0   1   1   1   1 | LOC_Os08g10430
LOC_Os10g04674.3      -          NB-ARC               PF00931.23   1.3e-50  173.5   0.1   2.2e-50  172.7   0.1   1.3   1   0   0   1   1   1   1 | LOC_Os10g04674
LOC_Os10g04674.1      -          NB-ARC               PF00931.23   1.3e-50  173.5   0.1   2.2e-50  172.7   0.1   1.3   1   0   0   1   1   1   1 | LOC_Os10g04674
LOC_Os10g04674.2      -          NB-ARC               PF00931.23   1.3e-50  173.5   0.1   2.2e-50  172.7   0.1   1.3   1   0   0   1   1   1   1 | LOC_Os10g04674
LOC_Os03g38250.1      -          NB-ARC               PF00931.23   1.7e-50  173.1   1.4   2.7e-50  172.4   1.4   1.3   1   0   0   1   1   1   1 | LOC_Os03g38250
LOC_Os12g33160.1      -          NB-ARC               PF00931.23   1.8e-50  173.0   0.5   3.5e-50  172.1   0.5   1.5   1   0   0   1   1   1   1 | LOC_Os12g33160
LOC_Os08g01580.1      -          NB-ARC               PF00931.23   2.9e-50  172.3   0.0   4.7e-50  171.7   0.0   1.3   1   0   0   1   1   1   1 | LOC_Os08g01580
LOC_Os12g36720.1      -          NB-ARC               PF00931.23   3.1e-50  172.3   0.3   6.8e-50  171.1   0.3   1.6   1   0   0   1   1   1   1 | LOC_Os12g36720
LOC_Os09g14100.1      -          NB-ARC               PF00931.23   3.2e-50  172.2   0.1   4.8e-50  171.6   0.1   1.2   1   0   0   1   1   1   1 | LOC_Os09g14100
LOC_Os04g14220.1      -          NB-ARC               PF00931.23   3.6e-50  172.1   0.0   7.5e-50  171.0   0.0   1.5   1   0   0   1   1   1   1 | LOC_Os04g14220
LOC_Os04g14220.2      -          NB-ARC               PF00931.23   3.6e-50  172.1   0.0   7.5e-50  171.0   0.0   1.5   1   0   0   1   1   1   1 | LOC_Os04g14220
LOC_Os11g12330.1      -          NB-ARC               PF00931.23   5.2e-50  171.5   0.8   1.4e-49  170.1   0.8   1.7   1   0   0   1   1   1   1 | LOC_Os11g12330
LOC_Os02g17304.1      -          NB-ARC               PF00931.23   6.5e-50  171.2   0.2   1.1e-49  170.5   0.2   1.4   1   0   0   1   1   1   1 | LOC_Os02g17304
LOC_Os09g14010.1      -          NB-ARC               PF00931.23   6.8e-50  171.1   0.0   1.1e-49  170.5   0.0   1.3   1   0   0   1   1   1   1 | LOC_Os09g14010
LOC_Os05g41290.1      -          NB-ARC               PF00931.23   8.7e-50  170.8   0.1   2.6e-49  169.2   0.0   1.8   2   0   0   2   2   1   1 | LOC_Os05g41290
LOC_Os08g43000.1      -          NB-ARC               PF00931.23   9.9e-50  170.6   0.7   3.1e-49  169.0   0.7   1.9   1   0   0   1   1   1   1 | LOC_Os08g43000
LOC_Os11g11950.1      -          NB-ARC               PF00931.23   2.7e-49  169.1   0.1   6.5e-49  167.9   0.1   1.6   1   0   0   1   1   1   1 | LOC_Os11g11950
LOC_Os11g13940.1      -          NB-ARC               PF00931.23   3.1e-49  169.0   4.1   5.9e-49  168.0   4.1   1.4   1   0   0   1   1   1   1 | LOC_Os11g13940
LOC_Os12g36690.1      -          NB-ARC               PF00931.23   3.4e-49  168.8   0.7   5.3e-49  168.2   0.1   1.6   2   0   0   2   2   1   1 | LOC_Os12g36690
LOC_Os06g06400.1      -          NB-ARC               PF00931.23     4e-49  168.6   0.2   1.6e-48  166.6   0.0   1.9   2   0   0   2   2   1   1 | LOC_Os06g06400
LOC_Os09g14490.1      -          NB-ARC               PF00931.23   4.6e-49  168.4   0.1     1e-48  167.3   0.1   1.5   1   0   0   1   1   1   1 | LOC_Os09g14490
LOC_Os05g41310.1      -          NB-ARC               PF00931.23   7.5e-49  167.7   0.0   1.3e-48  166.9   0.0   1.4   1   0   0   1   1   1   1 | LOC_Os05g41310
LOC_Os10g03570.1      -          NB-ARC               PF00931.23   8.6e-49  167.5   0.0   1.5e-48  166.8   0.0   1.4   1   0   0   1   1   1   1 | LOC_Os10g03570
LOC_Os05g16200.1      -          NB-ARC               PF00931.23   1.3e-48  166.9   0.4   2.1e-48  166.3   0.4   1.3   1   0   0   1   1   1   1 | LOC_Os05g16200
LOC_Os01g57870.1      -          NB-ARC               PF00931.23   1.6e-48  166.6   0.0   2.3e-48  166.1   0.0   1.2   1   0   0   1   1   1   1 | LOC_Os01g57870
LOC_Os01g57870.2      -          NB-ARC               PF00931.23   1.6e-48  166.6   0.0   2.3e-48  166.1   0.0   1.2   1   0   0   1   1   1   1 | LOC_Os01g57870
LOC_Os11g45050.1      -          NB-ARC               PF00931.23   1.8e-48  166.5   0.5   3.2e-48  165.6   0.5   1.3   1   0   0   1   1   1   1 | LOC_Os11g45050
LOC_Os11g12340.1      -          NB-ARC               PF00931.23   1.8e-48  166.5   0.2   6.8e-48  164.6   0.2   2.0   1   0   0   1   1   1   1 | LOC_Os11g12340
LOC_Os11g12340.2      -          NB-ARC               PF00931.23   1.8e-48  166.5   0.2   6.8e-48  164.6   0.2   2.0   1   0   0   1   1   1   1 | LOC_Os11g12340
LOC_Os11g45180.1      -          NB-ARC               PF00931.23   1.9e-48  166.4   0.5   3.3e-48  165.6   0.5   1.3   1   0   0   1   1   1   1 | LOC_Os11g45180
LOC_Os03g10900.1      -          NB-ARC               PF00931.23   1.9e-48  166.4   0.0   2.8e-48  165.8   0.0   1.2   1   0   0   1   1   1   1 | LOC_Os03g10900
LOC_Os10g07978.1      -          NB-ARC               PF00931.23   2.1e-48  166.3   0.5   3.9e-48  165.4   0.5   1.4   1   0   0   1   1   1   1 | LOC_Os10g07978
LOC_Os10g07978.2      -          NB-ARC               PF00931.23   2.1e-48  166.3   0.5   3.9e-48  165.4   0.5   1.4   1   0   0   1   1   1   1 | LOC_Os10g07978
LOC_Os12g17410.1      -          NB-ARC               PF00931.23   3.6e-48  165.5   0.2   1.8e-46  159.9   0.0   2.1   2   0   0   2   2   1   1 | LOC_Os12g17410
LOC_Os06g22460.1      -          NB-ARC               PF00931.23   3.7e-48  165.4   0.4   7.5e-48  164.4   0.4   1.5   1   0   0   1   1   1   1 | LOC_Os06g22460
LOC_Os03g36920.1      -          NB-ARC               PF00931.23   4.7e-48  165.1   1.7   8.6e-48  164.2   1.7   1.4   1   0   0   1   1   1   1 | LOC_Os03g36920
LOC_Os11g11960.1      -          NB-ARC               PF00931.23   4.9e-48  165.0   0.2   1.3e-47  163.7   0.2   1.7   1   0   0   1   1   1   1 | LOC_Os11g11960
LOC_Os11g29520.1      -          NB-ARC               PF00931.23   5.8e-48  164.8   0.1   1.2e-47  163.8   0.0   1.6   2   0   0   2   2   1   1 | LOC_Os11g29520
LOC_Os12g17490.1      -          NB-ARC               PF00931.23     6e-48  164.8   0.9   9.7e-48  164.1   0.2   1.7   2   0   0   2   2   1   1 | LOC_Os12g17490
LOC_Os12g17090.1      -          NB-ARC               PF00931.23   7.5e-48  164.4   0.0   1.3e-47  163.7   0.0   1.3   1   0   0   1   1   1   1 | LOC_Os12g17090
LOC_Os12g17090.2      -          NB-ARC               PF00931.23   7.5e-48  164.4   0.0   1.3e-47  163.7   0.0   1.3   1   0   0   1   1   1   1 | LOC_Os12g17090
LOC_Os11g45090.1      -          NB-ARC               PF00931.23   7.6e-48  164.4   2.0   1.4e-47  163.6   2.0   1.4   1   0   0   1   1   1   1 | LOC_Os11g45090
LOC_Os12g37740.1      -          NB-ARC               PF00931.23   8.3e-48  164.3   0.1   1.1e-47  163.8   0.1   1.2   1   0   0   1   1   1   1 | LOC_Os12g37740
LOC_Os11g29990.1      -          NB-ARC               PF00931.23   9.3e-48  164.1   0.7   9.3e-48  164.1   0.7   1.7   2   0   0   2   2   1   1 | LOC_Os11g29990
LOC_Os11g13430.1      -          NB-ARC               PF00931.23     1e-47  164.0   0.5   3.3e-47  162.3   0.0   1.9   2   0   0   2   2   1   1 | LOC_Os11g13430
LOC_Os08g29809.1      -          NB-ARC               PF00931.23   1.3e-47  163.6   0.0   2.4e-47  162.8   0.0   1.3   1   0   0   1   1   1   1 | LOC_Os08g29809
LOC_Os12g37760.1      -          NB-ARC               PF00931.23   1.4e-47  163.6   0.1   2.6e-47  162.7   0.1   1.5   1   0   0   1   1   1   1 | LOC_Os12g37760
LOC_Os05g31550.1      -          NB-ARC               PF00931.23   1.9e-47  163.1   0.2   3.2e-47  162.4   0.2   1.3   1   0   0   1   1   1   1 | LOC_Os05g31550
LOC_Os04g39460.1      -          NB-ARC               PF00931.23   2.3e-47  162.8   0.0   3.8e-47  162.1   0.0   1.3   1   0   0   1   1   1   1 | LOC_Os04g39460
LOC_Os12g37770.1      -          NB-ARC               PF00931.23   2.6e-47  162.7   0.1   4.4e-47  161.9   0.1   1.3   1   0   0   1   1   1   1 | LOC_Os12g37770
LOC_Os01g36640.1      -          NB-ARC               PF00931.23   3.2e-47  162.4   0.3   3.2e-47  162.4   0.3   1.6   2   0   0   2   2   1   1 | LOC_Os01g36640
LOC_Os12g17480.1      -          NB-ARC               PF00931.23   3.2e-47  162.4   0.4   1.1e-46  160.7   0.0   2.0   2   0   0   2   2   1   1 | LOC_Os12g17480
LOC_Os03g50150.1      -          NB-ARC               PF00931.23   3.3e-47  162.3   0.1   4.1e-37  129.3   0.0   2.3   2   0   0   2   2   2   2 | LOC_Os03g50150
LOC_Os06g06380.1      -          NB-ARC               PF00931.23   3.5e-47  162.3   0.0     5e-47  161.7   0.0   1.2   1   0   0   1   1   1   1 | LOC_Os06g06380
LOC_Os11g45190.1      -          NB-ARC               PF00931.23   3.5e-47  162.2   1.4   6.2e-47  161.4   1.4   1.3   1   0   0   1   1   1   1 | LOC_Os11g45190
LOC_Os08g31780.1      -          NB-ARC               PF00931.23     4e-47  162.1   2.6   1.1e-46  160.6   2.6   1.7   1   1   0   1   1   1   1 | LOC_Os08g31780
LOC_Os11g45130.1      -          NB-ARC               PF00931.23   4.1e-47  162.0   4.1   6.7e-47  161.3   4.1   1.2   1   0   0   1   1   1   1 | LOC_Os11g45130
LOC_Os11g45060.1      -          NB-ARC               PF00931.23   5.1e-47  161.7   0.8   8.8e-47  160.9   0.8   1.3   1   0   0   1   1   1   1 | LOC_Os11g45060
LOC_Os11g27440.1      -          NB-ARC               PF00931.23   5.6e-47  161.6   0.0   7.3e-31  108.8   0.0   2.4   2   0   0   2   2   2   2 | LOC_Os11g27440
LOC_Os04g21890.1      -          NB-ARC               PF00931.23     6e-47  161.5   1.3   1.1e-46  160.6   1.3   1.4   1   0   0   1   1   1   1 | LOC_Os04g21890
LOC_Os11g40780.1      -          NB-ARC               PF00931.23     6e-47  161.5   1.9     1e-46  160.7   1.9   1.3   1   0   0   1   1   1   1 | LOC_Os11g40780
LOC_Os11g34920.1      -          NB-ARC               PF00931.23   8.5e-47  161.0   0.3   1.2e-46  160.4   0.3   1.2   1   0   0   1   1   1   1 | LOC_Os11g34920
LOC_Os11g12050.1      -          NB-ARC               PF00931.23   1.1e-46  160.6   0.1   1.9e-46  159.8   0.1   1.4   1   0   0   1   1   1   1 | LOC_Os11g12050
LOC_Os11g12050.2      -          NB-ARC               PF00931.23   1.1e-46  160.6   0.1   1.9e-46  159.8   0.1   1.4   1   0   0   1   1   1   1 | LOC_Os11g12050
LOC_Os09g10054.1      -          NB-ARC               PF00931.23   1.2e-46  160.5   0.2   2.1e-46  159.7   0.2   1.4   1   0   0   1   1   1   1 | LOC_Os09g10054
LOC_Os08g16070.1      -          NB-ARC               PF00931.23   1.7e-46  160.0   0.3   3.2e-46  159.1   0.3   1.4   1   0   0   1   1   1   1 | LOC_Os08g16070
LOC_Os09g13820.1      -          NB-ARC               PF00931.23   1.9e-46  159.9   0.4   3.9e-46  158.8   0.4   1.4   1   0   0   1   1   1   1 | LOC_Os09g13820
LOC_Os11g16470.1      -          NB-ARC               PF00931.23   2.3e-46  159.6   0.0   4.5e-46  158.6   0.0   1.5   1   0   0   1   1   1   1 | LOC_Os11g16470
LOC_Os11g16470.2      -          NB-ARC               PF00931.23   2.3e-46  159.6   0.0   4.5e-46  158.6   0.0   1.5   1   0   0   1   1   1   1 | LOC_Os11g16470
LOC_Os11g16470.3      -          NB-ARC               PF00931.23   2.3e-46  159.6   0.0   4.5e-46  158.6   0.0   1.5   1   0   0   1   1   1   1 | LOC_Os11g16470
LOC_Os03g63200.1      -          NB-ARC               PF00931.23   2.4e-46  159.5   0.1   5.6e-46  158.3   0.1   1.6   1   0   0   1   1   1   1 | LOC_Os03g63200
LOC_Os12g13550.1      -          NB-ARC               PF00931.23     3e-46  159.2   0.1   5.3e-46  158.4   0.1   1.4   1   0   0   1   1   1   1 | LOC_Os12g13550
LOC_Os12g29290.1      -          NB-ARC               PF00931.23   4.3e-46  158.7   0.2   4.3e-46  158.7   0.2   2.1   2   0   0   2   2   1   1 | LOC_Os12g29290
LOC_Os02g02670.1      -          NB-ARC               PF00931.23   4.4e-46  158.6   0.2   8.3e-46  157.7   0.2   1.4   1   0   0   1   1   1   1 | LOC_Os02g02670
LOC_Os03g63240.1      -          NB-ARC               PF00931.23   6.3e-46  158.1   0.3   1.1e-45  157.3   0.3   1.3   1   0   0   1   1   1   1 | LOC_Os03g63240
ChrUn.fgenesh.mRNA.26 -          NB-ARC               PF00931.23   8.1e-46  157.8   0.4   2.2e-45  156.3   0.0   1.9   2   0   0   2   2   1   1 | ChrUn.fgenesh.gene.26
LOC_Os08g20000.1      -          NB-ARC               PF00931.23   9.5e-46  157.6   2.4   1.5e-45  156.9   2.4   1.3   1   0   0   1   1   1   1 | LOC_Os08g20000
LOC_Os08g09430.1      -          NB-ARC               PF00931.23     1e-45  157.5   0.0   1.6e-45  156.8   0.0   1.3   1   0   0   1   1   1   1 | LOC_Os08g09430
LOC_Os04g22090.1      -          NB-ARC               PF00931.23     1e-45  157.5   0.3   1.3e-44  153.9   0.3   2.3   2   0   0   2   2   1   1 | LOC_Os04g22090
LOC_Os11g47780.1      -          NB-ARC               PF00931.23     1e-45  157.4   0.2   1.8e-45  156.6   0.2   1.3   1   0   0   1   1   1   1 | LOC_Os11g47780
LOC_Os11g44960.1      -          NB-ARC               PF00931.23     1e-45  157.4   0.8   1.7e-45  156.8   0.8   1.3   1   0   0   1   1   1   1 | LOC_Os11g44960
LOC_Os01g33810.1      -          NB-ARC               PF00931.23   1.1e-45  157.4   0.1   1.7e-45  156.7   0.1   1.3   1   0   0   1   1   1   1 | LOC_Os01g33810
LOC_Os11g13510.1      -          NB-ARC               PF00931.23   1.1e-45  157.3   0.1   2.1e-45  156.4   0.1   1.4   1   0   0   1   1   1   1 | LOC_Os11g13510
LOC_Os12g37290.1      -          NB-ARC               PF00931.23   1.7e-45  156.7   2.9   7.8e-30  105.4   0.4   2.4   1   1   1   2   2   2   2 | LOC_Os12g37290
LOC_Os11g43700.1      -          NB-ARC               PF00931.23   1.8e-45  156.6   0.0   2.7e-45  156.1   0.0   1.2   1   0   0   1   1   1   1 | LOC_Os11g43700
LOC_Os08g16120.1      -          NB-ARC               PF00931.23   2.4e-45  156.2   0.3   4.5e-45  155.3   0.3   1.4   1   0   0   1   1   1   1 | LOC_Os08g16120
LOC_Os08g16120.2      -          NB-ARC               PF00931.23   2.4e-45  156.2   0.3   4.5e-45  155.3   0.3   1.4   1   0   0   1   1   1   1 | LOC_Os08g16120
LOC_Os01g35254.1      -          NB-ARC               PF00931.23     3e-45  155.9   0.3   4.9e-45  155.2   0.3   1.3   1   0   0   1   1   1   1 | LOC_Os01g35254
LOC_Os06g47800.1      -          NB-ARC               PF00931.23   3.2e-45  155.8   0.2   3.2e-45  155.8   0.2   1.8   2   0   0   2   2   1   1 | LOC_Os06g47800
LOC_Os08g10260.1      -          NB-ARC               PF00931.23   3.5e-45  155.7   0.0   4.9e-45  155.2   0.0   1.2   1   0   0   1   1   1   1 | LOC_Os08g10260
LOC_Os11g11990.1      -          NB-ARC               PF00931.23   3.9e-45  155.6   0.1   7.8e-45  154.6   0.1   1.5   1   0   0   1   1   1   1 | LOC_Os11g11990
LOC_Os07g17250.1      -          NB-ARC               PF00931.23   4.8e-45  155.2   0.0   6.9e-45  154.7   0.0   1.2   1   0   0   1   1   1   1 | LOC_Os07g17250
LOC_Os11g11920.1      -          NB-ARC               PF00931.23   4.9e-45  155.2   0.1   7.8e-45  154.6   0.1   1.2   1   0   0   1   1   1   1 | LOC_Os11g11920
ChrSy.fgenesh.mRNA.42 -          NB-ARC               PF00931.23   5.6e-45  155.0   0.0   1.3e-44  153.8   0.0   1.5   1   0   0   1   1   1   1 | ChrSy.fgenesh.gene.42
LOC_Os07g27370.1      -          NB-ARC               PF00931.23   6.1e-45  154.9   0.0   8.4e-45  154.5   0.0   1.2   1   0   0   1   1   1   1 | LOC_Os07g27370
LOC_Os12g30760.1      -          NB-ARC               PF00931.23   7.2e-45  154.7   0.1   1.1e-44  154.1   0.1   1.3   1   0   0   1   1   1   1 | LOC_Os12g30760
LOC_Os11g12000.1      -          NB-ARC               PF00931.23   7.2e-45  154.7   0.0   7.2e-45  154.7   0.0   2.6   3   1   0   3   3   1   1 | LOC_Os11g12000
LOC_Os03g63150.1      -          NB-ARC               PF00931.23   7.7e-45  154.6   0.0   1.4e-44  153.7   0.0   1.4   1   0   0   1   1   1   1 | LOC_Os03g63150
LOC_Os03g63150.2      -          NB-ARC               PF00931.23   7.7e-45  154.6   0.0   1.4e-44  153.7   0.0   1.4   1   0   0   1   1   1   1 | LOC_Os03g63150
LOC_Os11g30110.1      -          NB-ARC               PF00931.23   8.5e-45  154.4   1.3   8.5e-45  154.4   1.3   1.9   2   0   0   2   2   1   1 | LOC_Os11g30110
LOC_Os01g25720.1      -          NB-ARC               PF00931.23   8.8e-45  154.4   0.6   1.4e-44  153.7   0.6   1.3   1   0   0   1   1   1   1 | LOC_Os01g25720
LOC_Os01g25720.2      -          NB-ARC               PF00931.23   8.8e-45  154.4   0.6   1.4e-44  153.7   0.6   1.3   1   0   0   1   1   1   1 | LOC_Os01g25720
LOC_Os08g28570.1      -          NB-ARC               PF00931.23   1.8e-44  153.3   0.0   3.4e-44  152.5   0.0   1.4   1   0   0   1   1   1   1 | LOC_Os08g28570
LOC_Os08g31800.1      -          NB-ARC               PF00931.23   1.9e-44  153.3   0.1   4.1e-44  152.2   0.0   1.5   2   0   0   2   2   1   1 | LOC_Os08g31800
LOC_Os05g12770.1      -          NB-ARC               PF00931.23   2.2e-44  153.1   0.0   1.5e-32  114.3   0.1   2.3   2   0   0   2   2   2   2 | LOC_Os05g12770
LOC_Os01g25760.1      -          NB-ARC               PF00931.23   2.2e-44  153.1   1.0   4.2e-44  152.1   1.0   1.5   1   0   0   1   1   1   1 | LOC_Os01g25760
LOC_Os03g48370.1      -          NB-ARC               PF00931.23   2.3e-44  153.0   0.0   4.7e-44  152.0   0.0   1.4   1   0   0   1   1   1   1 | LOC_Os03g48370
LOC_Os11g44970.1      -          NB-ARC               PF00931.23   2.4e-44  153.0   1.2     4e-44  152.2   1.2   1.3   1   0   0   1   1   1   1 | LOC_Os11g44970
LOC_Os04g11430.1      -          NB-ARC               PF00931.23   2.8e-44  152.7   0.8   5.6e-44  151.8   0.8   1.4   1   0   0   1   1   1   1 | LOC_Os04g11430
LOC_Os08g19980.1      -          NB-ARC               PF00931.23   3.2e-44  152.6   0.3     1e-43  150.9   0.1   1.9   2   0   0   2   2   1   1 | LOC_Os08g19980
LOC_Os06g05359.1      -          NB-ARC               PF00931.23   4.4e-44  152.1   0.2   7.8e-44  151.3   0.2   1.3   1   0   0   1   1   1   1 | LOC_Os06g05359
LOC_Os11g13440.1      -          NB-ARC               PF00931.23   4.7e-44  152.0   0.0   8.3e-44  151.2   0.0   1.4   1   0   0   1   1   1   1 | LOC_Os11g13440
LOC_Os01g15580.1      -          NB-ARC               PF00931.23   5.9e-44  151.7   0.0   1.4e-43  150.4   0.0   1.6   2   0   0   2   2   1   1 | LOC_Os01g15580
LOC_Os12g30720.1      -          NB-ARC               PF00931.23   7.7e-44  151.3   0.1   1.2e-43  150.7   0.1   1.2   1   0   0   1   1   1   1 | LOC_Os12g30720
LOC_Os12g29710.1      -          NB-ARC               PF00931.23   8.8e-44  151.1   0.7   1.6e-43  150.3   0.7   1.4   1   0   0   1   1   1   1 | LOC_Os12g29710
LOC_Os12g29690.1      -          NB-ARC               PF00931.23   8.9e-44  151.1   0.2   1.7e-43  150.2   0.2   1.4   1   0   0   1   1   1   1 | LOC_Os12g29690
LOC_Os01g25630.1      -          NB-ARC               PF00931.23   9.2e-44  151.0   1.2   9.2e-44  151.0   1.2   2.0   2   0   0   2   2   1   1 | LOC_Os01g25630
LOC_Os11g28950.1      -          NB-ARC               PF00931.23   1.1e-43  150.7   0.3   3.2e-35  123.0   0.1   2.5   3   0   0   3   3   2   2 | LOC_Os11g28950
LOC_Os01g25740.1      -          NB-ARC               PF00931.23   1.2e-43  150.7   0.4   1.8e-43  150.0   0.4   1.3   1   0   0   1   1   1   1 | LOC_Os01g25740
LOC_Os06g41660.1      -          NB-ARC               PF00931.23   1.2e-43  150.7   0.1   2.5e-43  149.6   0.1   1.4   1   0   0   1   1   1   1 | LOC_Os06g41660
LOC_Os06g41670.1      -          NB-ARC               PF00931.23   1.2e-43  150.6   0.1   2.4e-43  149.7   0.1   1.4   1   0   0   1   1   1   1 | LOC_Os06g41670
LOC_Os11g37880.1      -          NB-ARC               PF00931.23   1.3e-43  150.5   0.0   2.5e-43  149.6   0.0   1.5   1   0   0   1   1   1   1 | LOC_Os11g37880
LOC_Os09g14410.1      -          NB-ARC               PF00931.23   1.4e-43  150.4   0.4   2.3e-43  149.7   0.4   1.2   1   0   0   1   1   1   1 | LOC_Os09g14410
LOC_Os05g12570.1      -          NB-ARC               PF00931.23   1.5e-43  150.3   0.0   2.4e-43  149.7   0.0   1.3   1   0   0   1   1   1   1 | LOC_Os05g12570
LOC_Os03g48320.1      -          NB-ARC               PF00931.23   2.1e-43  149.9   0.0   3.7e-43  149.1   0.0   1.3   1   0   0   1   1   1   1 | LOC_Os03g48320
LOC_Os06g03500.1      -          NB-ARC               PF00931.23   2.1e-43  149.8   0.1   3.9e-43  149.0   0.1   1.4   1   0   0   1   1   1   1 | LOC_Os06g03500
LOC_Os05g40150.1      -          NB-ARC               PF00931.23   2.3e-43  149.8   0.0   3.2e-43  149.3   0.0   1.2   1   0   0   1   1   1   1 | LOC_Os05g40150
LOC_Os06g41640.1      -          NB-ARC               PF00931.23   2.5e-43  149.6   0.1   5.4e-43  148.5   0.1   1.5   1   0   0   1   1   1   1 | LOC_Os06g41640
LOC_Os02g20210.1      -          NB-ARC               PF00931.23   2.6e-43  149.6   0.2   4.1e-43  148.9   0.2   1.3   1   0   0   1   1   1   1 | LOC_Os02g20210
LOC_Os06g17900.1      -          NB-ARC               PF00931.23   2.8e-43  149.5   0.8   6.1e-43  148.4   0.8   1.6   1   0   0   1   1   1   1 | LOC_Os06g17900
LOC_Os02g19890.1      -          NB-ARC               PF00931.23   2.9e-43  149.4   0.1   4.7e-43  148.7   0.1   1.3   1   0   0   1   1   1   1 | LOC_Os02g19890
LOC_Os08g28540.1      -          NB-ARC               PF00931.23   3.9e-43  149.0   0.0   6.3e-43  148.3   0.0   1.4   1   0   0   1   1   1   1 | LOC_Os08g28540
LOC_Os03g40194.1      -          NB-ARC               PF00931.23   4.6e-43  148.7   1.1   7.9e-43  148.0   1.1   1.3   1   0   0   1   1   1   1 | LOC_Os03g40194
LOC_Os07g40810.1      -          NB-ARC               PF00931.23   4.9e-43  148.7   0.0     1e-42  147.7   0.0   1.5   1   0   0   1   1   1   1 | LOC_Os07g40810
LOC_Os01g33684.1      -          NB-ARC               PF00931.23   5.5e-43  148.5   0.1   9.5e-43  147.7   0.1   1.3   1   0   0   1   1   1   1 | LOC_Os01g33684
LOC_Os01g33684.2      -          NB-ARC               PF00931.23   5.5e-43  148.5   0.1   9.5e-43  147.7   0.1   1.3   1   0   0   1   1   1   1 | LOC_Os01g33684
LOC_Os01g33684.3      -          NB-ARC               PF00931.23   5.5e-43  148.5   0.1   9.5e-43  147.7   0.1   1.3   1   0   0   1   1   1   1 | LOC_Os01g33684
LOC_Os11g17330.1      -          NB-ARC               PF00931.23   5.7e-43  148.5   0.0   9.1e-43  147.8   0.0   1.3   1   0   0   1   1   1   1 | LOC_Os11g17330
LOC_Os06g17920.1      -          NB-ARC               PF00931.23   6.2e-43  148.3   0.9   1.1e-42  147.5   0.9   1.3   1   0   0   1   1   1   1 | LOC_Os06g17920
LOC_Os02g35210.1      -          NB-ARC               PF00931.23   6.3e-43  148.3   0.0   1.4e-41  143.9   0.0   2.6   3   0   0   3   3   1   1 | LOC_Os02g35210
LOC_Os08g12740.1      -          NB-ARC               PF00931.23   6.5e-43  148.3   0.2   1.2e-42  147.4   0.2   1.4   1   0   0   1   1   1   1 | LOC_Os08g12740
LOC_Os08g12740.2      -          NB-ARC               PF00931.23   6.5e-43  148.3   0.2   1.2e-42  147.4   0.2   1.4   1   0   0   1   1   1   1 | LOC_Os08g12740
LOC_Os06g15750.1      -          NB-ARC               PF00931.23   6.7e-43  148.2   0.0   1.2e-42  147.4   0.0   1.3   1   0   0   1   1   1   1 | LOC_Os06g15750
LOC_Os08g15880.1      -          NB-ARC               PF00931.23   6.8e-43  148.2   0.5   1.1e-42  147.5   0.5   1.2   1   0   0   1   1   1   1 | LOC_Os08g15880
LOC_Os01g23380.1      -          NB-ARC               PF00931.23   7.5e-43  148.1   0.0   1.2e-42  147.4   0.0   1.3   1   0   0   1   1   1   1 | LOC_Os01g23380
LOC_Os04g53030.1      -          NB-ARC               PF00931.23   8.4e-43  147.9   0.0   1.6e-42  147.0   0.0   1.4   1   0   0   1   1   1   1 | LOC_Os04g53030
LOC_Os03g20840.1      -          NB-ARC               PF00931.23     1e-42  147.6   0.1   1.5e-42  147.1   0.1   1.3   1   0   0   1   1   1   1 | LOC_Os03g20840
LOC_Os01g20720.1      -          NB-ARC               PF00931.23   1.3e-42  147.2   0.8   2.4e-42  146.4   0.8   1.4   1   0   0   1   1   1   1 | LOC_Os01g20720
LOC_Os01g02250.1      -          NB-ARC               PF00931.23   1.4e-42  147.1   0.4   1.4e-42  147.1   0.4   1.9   2   0   0   2   2   1   1 | LOC_Os01g02250
LOC_Os02g18000.1      -          NB-ARC               PF00931.23   1.5e-42  147.1   0.1     3e-42  146.1   0.1   1.5   1   0   0   1   1   1   1 | LOC_Os02g18000
LOC_Os04g30660.1      -          NB-ARC               PF00931.23   1.5e-42  147.1   0.0   2.9e-42  146.1   0.0   1.4   1   0   0   1   1   1   1 | LOC_Os04g30660
LOC_Os04g30690.1      -          NB-ARC               PF00931.23   1.9e-42  146.7   0.1   3.7e-42  145.8   0.1   1.4   1   0   0   1   1   1   1 | LOC_Os04g30690
LOC_Os11g11770.1      -          NB-ARC               PF00931.23     2e-42  146.6   9.3   1.4e-32  114.4   4.3   3.8   2   2   0   2   2   2   2 | LOC_Os11g11770
LOC_Os12g29280.1      -          NB-ARC               PF00931.23   2.1e-42  146.6   0.3   2.1e-42  146.6   0.3   1.6   2   0   0   2   2   1   1 | LOC_Os12g29280
LOC_Os03g46550.1      -          NB-ARC               PF00931.23   2.1e-42  146.6   0.0   3.7e-42  145.8   0.0   1.3   1   0   0   1   1   1   1 | LOC_Os03g46550
LOC_Os01g05600.1      -          NB-ARC               PF00931.23   2.3e-42  146.5   0.7   5.2e-42  145.3   0.7   1.5   1   0   0   1   1   1   1 | LOC_Os01g05600
LOC_Os03g38330.1      -          NB-ARC               PF00931.23   2.3e-42  146.4   0.2   3.9e-42  145.7   0.2   1.4   1   0   0   1   1   1   1 | LOC_Os03g38330
LOC_Os06g49390.1      -          NB-ARC               PF00931.23   3.2e-42  146.0   0.1   5.5e-42  145.2   0.1   1.4   1   0   0   1   1   1   1 | LOC_Os06g49390
LOC_Os04g43340.1      -          NB-ARC               PF00931.23   3.2e-42  146.0   0.1   5.1e-42  145.3   0.1   1.3   1   0   0   1   1   1   1 | LOC_Os04g43340
LOC_Os10g04120.1      -          NB-ARC               PF00931.23   3.3e-42  146.0   0.4   6.1e-42  145.1   0.4   1.4   1   0   0   1   1   1   1 | LOC_Os10g04120
LOC_Os07g04900.1      -          NB-ARC               PF00931.23   3.6e-42  145.8   1.5     1e-41  144.3   0.9   2.1   2   0   0   2   2   1   1 | LOC_Os07g04900
LOC_Os04g24700.1      -          NB-ARC               PF00931.23   3.8e-42  145.7   0.2   7.3e-42  144.8   0.2   1.3   1   0   0   1   1   1   1 | LOC_Os04g24700
LOC_Os11g45160.1      -          NB-ARC               PF00931.23     4e-42  145.7   1.7   7.9e-42  144.7   1.7   1.4   1   0   0   1   1   1   1 | LOC_Os11g45160
LOC_Os11g13410.1      -          NB-ARC               PF00931.23   5.5e-42  145.2   0.1   8.2e-42  144.7   0.1   1.3   1   0   0   1   1   1   1 | LOC_Os11g13410
LOC_Os06g17880.1      -          NB-ARC               PF00931.23   5.7e-42  145.2   0.1   1.1e-41  144.3   0.1   1.4   1   0   0   1   1   1   1 | LOC_Os06g17880
LOC_Os01g41890.1      -          NB-ARC               PF00931.23   5.7e-42  145.2   1.7   7.4e-42  144.8   0.1   1.8   2   0   0   2   2   1   1 | LOC_Os01g41890
LOC_Os05g34230.1      -          NB-ARC               PF00931.23   6.3e-42  145.0   0.0   8.6e-42  144.6   0.0   1.2   1   0   0   1   1   1   1 | LOC_Os05g34230
LOC_Os05g23990.1      -          NB-ARC               PF00931.23   6.9e-42  144.9   2.8   1.1e-41  144.3   2.8   1.3   1   0   0   1   1   1   1 | LOC_Os05g23990
LOC_Os08g28600.1      -          NB-ARC               PF00931.23   7.7e-42  144.7   0.0   1.3e-41  143.9   0.0   1.4   1   0   0   1   1   1   1 | LOC_Os08g28600
LOC_Os01g25810.1      -          NB-ARC               PF00931.23   8.7e-42  144.6   0.7   1.5e-41  143.8   0.7   1.3   1   0   0   1   1   1   1 | LOC_Os01g25810
LOC_Os06g49380.1      -          NB-ARC               PF00931.23     9e-42  144.5   0.3   1.6e-41  143.7   0.3   1.4   1   0   0   1   1   1   1 | LOC_Os06g49380
LOC_Os06g49380.2      -          NB-ARC               PF00931.23     9e-42  144.5   0.3   1.6e-41  143.7   0.3   1.4   1   0   0   1   1   1   1 | LOC_Os06g49380
LOC_Os06g49380.3      -          NB-ARC               PF00931.23     9e-42  144.5   0.3   1.6e-41  143.7   0.3   1.4   1   0   0   1   1   1   1 | LOC_Os06g49380
LOC_Os06g49380.4      -          NB-ARC               PF00931.23     9e-42  144.5   0.3   1.6e-41  143.7   0.3   1.4   1   0   0   1   1   1   1 | LOC_Os06g49380
LOC_Os06g49380.5      -          NB-ARC               PF00931.23     9e-42  144.5   0.3   1.6e-41  143.7   0.3   1.4   1   0   0   1   1   1   1 | LOC_Os06g49380
LOC_Os06g49380.6      -          NB-ARC               PF00931.23     9e-42  144.5   0.3   1.6e-41  143.7   0.3   1.4   1   0   0   1   1   1   1 | LOC_Os06g49380
LOC_Os04g53120.1      -          NB-ARC               PF00931.23   1.1e-41  144.2   2.8     2e-41  143.4   2.8   1.4   1   0   0   1   1   1   1 | LOC_Os04g53120
LOC_Os08g16460.1      -          NB-ARC               PF00931.23   1.1e-41  144.2   0.3     2e-41  143.4   0.3   1.4   1   0   0   1   1   1   1 | LOC_Os08g16460
LOC_Os11g37870.1      -          NB-ARC               PF00931.23   1.6e-41  143.7   0.1   3.3e-41  142.7   0.1   1.5   1   0   0   1   1   1   1 | LOC_Os11g37870
LOC_Os03g10910.1      -          NB-ARC               PF00931.23   1.7e-41  143.7   0.0   2.8e-41  142.9   0.0   1.3   1   0   0   1   1   1   1 | LOC_Os03g10910
LOC_Os11g34880.1      -          NB-ARC               PF00931.23     2e-41  143.4   0.3   4.5e-41  142.2   0.2   1.5   2   0   0   2   2   1   1 | LOC_Os11g34880
LOC_Os10g07400.1      -          NB-ARC               PF00931.23   2.1e-41  143.3   0.1     4e-41  142.4   0.1   1.5   1   0   0   1   1   1   1 | LOC_Os10g07400
LOC_Os10g07400.2      -          NB-ARC               PF00931.23   2.1e-41  143.3   0.1     4e-41  142.4   0.1   1.5   1   0   0   1   1   1   1 | LOC_Os10g07400
LOC_Os04g30930.1      -          NB-ARC               PF00931.23   2.4e-41  143.1   0.2   4.4e-41  142.3   0.2   1.4   1   0   0   1   1   1   1 | LOC_Os04g30930
LOC_Os12g10340.1      -          NB-ARC               PF00931.23   3.5e-41  142.6   0.5   6.2e-41  141.8   0.5   1.4   1   0   0   1   1   1   1 | LOC_Os12g10340
LOC_Os07g26430.1      -          NB-ARC               PF00931.23   3.7e-41  142.5   0.0   5.6e-41  141.9   0.0   1.3   1   0   0   1   1   1   1 | LOC_Os07g26430
LOC_Os11g32170.1      -          NB-ARC               PF00931.23   5.1e-41  142.1   0.4   8.9e-41  141.3   0.4   1.4   1   0   0   1   1   1   1 | LOC_Os11g32170
LOC_Os01g05620.1      -          NB-ARC               PF00931.23   6.2e-41  141.8   0.6   1.4e-40  140.7   0.6   1.5   1   0   0   1   1   1   1 | LOC_Os01g05620
LOC_Os12g09739.1      -          NB-ARC               PF00931.23   7.5e-41  141.5   0.1   1.2e-40  140.9   0.1   1.3   1   0   0   1   1   1   1 | LOC_Os12g09739
LOC_Os01g71114.1      -          NB-ARC               PF00931.23   8.6e-41  141.3   0.0   2.7e-40  139.7   0.0   1.8   1   1   0   1   1   1   1 | LOC_Os01g71114
LOC_Os11g45330.1      -          NB-ARC               PF00931.23   8.7e-41  141.3   1.2   1.7e-40  140.3   1.2   1.4   1   0   0   1   1   1   1 | LOC_Os11g45330
LOC_Os11g10770.1      -          NB-ARC               PF00931.23   1.1e-40  140.9   1.4   2.3e-40  139.9   0.7   1.8   2   0   0   2   2   1   1 | LOC_Os11g10770
LOC_Os11g11580.1      -          NB-ARC               PF00931.23   1.3e-40  140.7   0.0     2e-40  140.1   0.0   1.3   1   0   0   1   1   1   1 | LOC_Os11g11580
LOC_Os12g30590.1      -          NB-ARC               PF00931.23   1.6e-40  140.4   0.1   2.9e-40  139.6   0.1   1.4   1   0   0   1   1   1   1 | LOC_Os12g30590
LOC_Os01g16370.1      -          NB-ARC               PF00931.23   1.8e-40  140.2   0.0   2.7e-40  139.7   0.0   1.2   1   0   0   1   1   1   1 | LOC_Os01g16370
LOC_Os01g16370.2      -          NB-ARC               PF00931.23   1.8e-40  140.2   0.0   2.7e-40  139.7   0.0   1.2   1   0   0   1   1   1   1 | LOC_Os01g16370
LOC_Os03g14900.1      -          NB-ARC               PF00931.23   1.9e-40  140.2   0.0   2.7e-40  139.7   0.0   1.2   1   0   0   1   1   1   1 | LOC_Os03g14900
LOC_Os12g10410.1      -          NB-ARC               PF00931.23   1.9e-40  140.2   0.0     3e-40  139.6   0.0   1.2   1   0   0   1   1   1   1 | LOC_Os12g10410
LOC_Os12g10330.1      -          NB-ARC               PF00931.23     2e-40  140.1   0.1   3.5e-40  139.3   0.1   1.3   1   0   0   1   1   1   1 | LOC_Os12g10330
LOC_Os06g06860.1      -          NB-ARC               PF00931.23   2.1e-40  140.0   0.0     4e-40  139.1   0.0   1.5   1   0   0   1   1   1   1 | LOC_Os06g06860
LOC_Os11g37759.1      -          NB-ARC               PF00931.23   2.8e-40  139.6   0.1   2.8e-40  139.6   0.1   2.1   3   0   0   3   3   1   1 | LOC_Os11g37759
LOC_Os04g53050.1      -          NB-ARC               PF00931.23   3.6e-40  139.3   0.6   7.3e-40  138.3   0.6   1.5   1   0   0   1   1   1   1 | LOC_Os04g53050
LOC_Os02g18070.1      -          NB-ARC               PF00931.23   3.7e-40  139.2   0.0   7.7e-40  138.2   0.0   1.4   1   0   0   1   1   1   1 | LOC_Os02g18070
LOC_Os12g36730.1      -          NB-ARC               PF00931.23   3.8e-40  139.2   1.2   6.7e-40  138.4   1.2   1.4   1   0   0   1   1   1   1 | LOC_Os12g36730
LOC_Os10g04090.1      -          NB-ARC               PF00931.23   3.9e-40  139.2   0.3   9.1e-40  137.9   0.2   1.7   1   1   0   1   1   1   1 | LOC_Os10g04090
LOC_Os07g19320.1      -          NB-ARC               PF00931.23   5.4e-40  138.7   0.4   9.2e-40  137.9   0.4   1.3   1   0   0   1   1   1   1 | LOC_Os07g19320
LOC_Os12g28100.1      -          NB-ARC               PF00931.23   6.4e-40  138.4   0.2   1.1e-39  137.7   0.2   1.3   1   0   0   1   1   1   1 | LOC_Os12g28100
LOC_Os02g27540.1      -          NB-ARC               PF00931.23   6.6e-40  138.4   0.4   9.8e-40  137.9   0.4   1.2   1   0   0   1   1   1   1 | LOC_Os02g27540
LOC_Os02g16060.1      -          NB-ARC               PF00931.23   7.5e-40  138.2   0.1   1.1e-39  137.7   0.1   1.2   1   0   0   1   1   1   1 | LOC_Os02g16060
LOC_Os11g37774.1      -          NB-ARC               PF00931.23   7.5e-40  138.2   0.1   7.5e-40  138.2   0.1   1.7   2   0   0   2   2   1   1 | LOC_Os11g37774
LOC_Os11g14380.1      -          NB-ARC               PF00931.23   9.5e-40  137.9   0.1   1.5e-39  137.2   0.1   1.2   1   0   0   1   1   1   1 | LOC_Os11g14380
LOC_Os06g30430.1      -          NB-ARC               PF00931.23   1.4e-39  137.3   0.0   2.1e-39  136.8   0.0   1.2   1   0   0   1   1   1   1 | LOC_Os06g30430
LOC_Os02g18140.1      -          NB-ARC               PF00931.23   1.8e-39  137.0   0.2   4.6e-39  135.6   0.0   1.7   2   0   0   2   2   1   1 | LOC_Os02g18140
LOC_Os11g37850.1      -          NB-ARC               PF00931.23   2.1e-39  136.8   5.0   3.1e-39  136.2   0.3   2.4   2   0   0   2   2   1   1 | LOC_Os11g37850
LOC_Os02g30150.1      -          NB-ARC               PF00931.23   2.4e-39  136.6   0.3   2.4e-39  136.6   0.3   1.6   2   0   0   2   2   1   1 | LOC_Os02g30150
LOC_Os04g30530.1      -          NB-ARC               PF00931.23   2.5e-39  136.5   0.1   4.9e-39  135.5   0.1   1.4   1   0   0   1   1   1   1 | LOC_Os04g30530
LOC_Os08g07330.2      -          NB-ARC               PF00931.23   2.8e-39  136.4   0.0     5e-39  135.5   0.0   1.4   1   0   0   1   1   1   1 | LOC_Os08g07330
LOC_Os08g29854.1      -          NB-ARC               PF00931.23   3.6e-39  136.0   0.0   8.2e-39  134.8   0.0   1.5   1   0   0   1   1   1   1 | LOC_Os08g29854
LOC_Os06g06850.1      -          NB-ARC               PF00931.23   3.9e-39  135.9   0.0   7.6e-39  134.9   0.0   1.5   1   0   0   1   1   1   1 | LOC_Os06g06850
LOC_Os10g04110.1      -          NB-ARC               PF00931.23   3.9e-39  135.9   0.1   6.6e-39  135.1   0.1   1.3   1   0   0   1   1   1   1 | LOC_Os10g04110
LOC_Os07g29820.1      -          NB-ARC               PF00931.23   5.7e-39  135.3   0.0     1e-38  134.5   0.0   1.4   1   0   0   1   1   1   1 | LOC_Os07g29820
LOC_Os06g20050.1      -          NB-ARC               PF00931.23   5.8e-39  135.3   0.0     1e-38  134.5   0.0   1.4   1   0   0   1   1   1   1 | LOC_Os06g20050
LOC_Os11g37860.1      -          NB-ARC               PF00931.23   5.9e-39  135.3   0.1     1e-38  134.5   0.1   1.4   1   0   0   1   1   1   1 | LOC_Os11g37860
LOC_Os02g16270.1      -          NB-ARC               PF00931.23   6.2e-39  135.2   0.0     1e-38  134.5   0.0   1.3   1   0   0   1   1   1   1 | LOC_Os02g16270
LOC_Os02g16270.2      -          NB-ARC               PF00931.23   6.2e-39  135.2   0.0     1e-38  134.5   0.0   1.3   1   0   0   1   1   1   1 | LOC_Os02g16270
LOC_Os10g04060.1      -          NB-ARC               PF00931.23   7.1e-39  135.0   1.0   1.1e-38  134.4   0.1   1.8   2   0   0   2   2   1   1 | LOC_Os10g04060
LOC_Os12g10180.1      -          NB-ARC               PF00931.23   7.8e-39  134.9   0.5   1.6e-38  133.9   0.5   1.4   1   0   0   1   1   1   1 | LOC_Os12g10180
LOC_Os11g32210.1      -          NB-ARC               PF00931.23   8.5e-39  134.8   1.2   9.7e-39  134.6   0.2   1.6   2   0   0   2   2   1   1 | LOC_Os11g32210
LOC_Os04g30610.1      -          NB-ARC               PF00931.23   1.5e-38  134.0   0.4   2.6e-38  133.2   0.4   1.3   1   0   0   1   1   1   1 | LOC_Os04g30610
LOC_Os06g33360.1      -          NB-ARC               PF00931.23   1.6e-38  133.9   0.2   2.7e-38  133.1   0.2   1.3   1   0   0   1   1   1   1 | LOC_Os06g33360
LOC_Os07g29810.1      -          NB-ARC               PF00931.23   1.6e-38  133.9   0.6   2.7e-38  133.1   0.6   1.3   1   0   0   1   1   1   1 | LOC_Os07g29810
LOC_Os06g45690.1      -          NB-ARC               PF00931.23   1.9e-38  133.6   0.0   3.1e-38  132.9   0.0   1.3   1   0   0   1   1   1   1 | LOC_Os06g45690
LOC_Os12g09240.1      -          NB-ARC               PF00931.23   2.9e-38  133.0   0.0   1.3e-37  130.9   0.0   1.9   2   0   0   2   2   1   1 | LOC_Os12g09240
LOC_Os12g03080.1      -          NB-ARC               PF00931.23     6e-38  132.0   0.1   1.4e-37  130.8   0.1   1.6   1   0   0   1   1   1   1 | LOC_Os12g03080
LOC_Os11g45750.1      -          NB-ARC               PF00931.23     8e-38  131.6   0.0   1.2e-37  131.0   0.0   1.2   1   0   0   1   1   1   1 | LOC_Os11g45750
LOC_Os11g45750.2      -          NB-ARC               PF00931.23     8e-38  131.6   0.0   1.2e-37  131.0   0.0   1.2   1   0   0   1   1   1   1 | LOC_Os11g45750
LOC_Os05g34220.1      -          NB-ARC               PF00931.23   9.6e-38  131.3   0.0   1.9e-37  130.4   0.0   1.4   1   0   0   1   1   1   1 | LOC_Os05g34220
LOC_Os05g34220.2      -          NB-ARC               PF00931.23   9.6e-38  131.3   0.0   1.9e-37  130.4   0.0   1.4   1   0   0   1   1   1   1 | LOC_Os05g34220
LOC_Os04g02110.3      -          NB-ARC               PF00931.23   1.1e-37  131.2   0.0   1.8e-37  130.5   0.0   1.2   1   0   0   1   1   1   1 | LOC_Os04g02110
LOC_Os09g34150.1      -          NB-ARC               PF00931.23   1.2e-37  131.1   0.0     2e-37  130.3   0.0   1.3   1   0   0   1   1   1   1 | LOC_Os09g34150
LOC_Os04g02110.1      -          NB-ARC               PF00931.23   1.2e-37  131.0   0.0   2.3e-37  130.1   0.0   1.4   1   0   0   1   1   1   1 | LOC_Os04g02110
LOC_Os04g02110.2      -          NB-ARC               PF00931.23   1.2e-37  131.0   0.0   2.3e-37  130.1   0.0   1.4   1   0   0   1   1   1   1 | LOC_Os04g02110
LOC_Os01g21240.1      -          NB-ARC               PF00931.23   1.2e-37  131.0   0.0     2e-37  130.3   0.0   1.3   1   0   0   1   1   1   1 | LOC_Os01g21240
LOC_Os02g25900.1      -          NB-ARC               PF00931.23     2e-37  130.3   0.5     4e-37  129.3   0.5   1.4   1   0   0   1   1   1   1 | LOC_Os02g25900
LOC_Os02g25900.2      -          NB-ARC               PF00931.23     2e-37  130.3   0.5     4e-37  129.3   0.5   1.4   1   0   0   1   1   1   1 | LOC_Os02g25900
LOC_Os01g16400.1      -          NB-ARC               PF00931.23   2.2e-37  130.1   0.0   5.1e-37  128.9   0.0   1.6   2   0   0   2   2   1   1 | LOC_Os01g16400
LOC_Os11g39550.1      -          NB-ARC               PF00931.23   4.1e-37  129.3   0.2   1.5e-17   65.2   0.0   2.3   2   0   0   2   2   2   2 | LOC_Os11g39550
LOC_Os10g22484.2      -          NB-ARC               PF00931.23   6.8e-37  128.5   0.0   1.1e-36  127.9   0.0   1.3   1   0   0   1   1   1   1 | LOC_Os10g22484
LOC_Os02g18080.1      -          NB-ARC               PF00931.23   8.3e-37  128.3   0.2   2.6e-36  126.7   0.2   1.7   1   1   0   1   1   1   1 | LOC_Os02g18080
LOC_Os10g22484.1      -          NB-ARC               PF00931.23     1e-36  128.0   0.0   1.6e-36  127.3   0.0   1.3   1   0   0   1   1   1   1 | LOC_Os10g22484
LOC_Os12g10710.1      -          NB-ARC               PF00931.23   1.5e-36  127.4   0.8   2.7e-36  126.6   0.8   1.5   1   0   0   1   1   1   1 | LOC_Os12g10710
LOC_Os11g15500.1      -          NB-ARC               PF00931.23   1.6e-36  127.3   0.1     3e-36  126.4   0.1   1.5   1   0   0   1   1   1   1 | LOC_Os11g15500
LOC_Os11g37740.1      -          NB-ARC               PF00931.23   2.1e-36  126.9   0.3   2.1e-36  126.9   0.3   1.7   2   0   0   2   2   1   1 | LOC_Os11g37740
LOC_Os11g45970.1      -          NB-ARC               PF00931.23     3e-36  126.4   0.1   5.5e-36  125.6   0.1   1.3   1   0   0   1   1   1   1 | LOC_Os11g45970
LOC_Os08g32890.1      -          NB-ARC               PF00931.23   3.4e-36  126.2   0.0   6.6e-36  125.3   0.0   1.4   1   0   0   1   1   1   1 | LOC_Os08g32890
LOC_Os06g43670.1      -          NB-ARC               PF00931.23   4.5e-36  125.8   0.5   8.2e-36  125.0   0.1   1.6   2   0   0   2   2   1   1 | LOC_Os06g43670
LOC_Os10g04180.1      -          NB-ARC               PF00931.23   4.5e-36  125.8   0.5   9.9e-34  118.2   0.5   2.2   1   1   0   1   1   1   1 | LOC_Os10g04180
LOC_Os04g53496.1      -          NB-ARC               PF00931.23   6.1e-36  125.4   0.0   1.1e-35  124.6   0.0   1.4   1   0   0   1   1   1   1 | LOC_Os04g53496
LOC_Os11g35210.1      -          NB-ARC               PF00931.23   6.1e-36  125.4   2.0   3.2e-35  123.1   0.4   2.3   2   0   0   2   2   1   1 | LOC_Os11g35210
LOC_Os11g46210.1      -          NB-ARC               PF00931.23   6.2e-36  125.4   0.0   4.9e-19   70.0   0.0   2.8   2   1   0   2   2   2   2 | LOC_Os11g46210
LOC_Os09g34160.1      -          NB-ARC               PF00931.23   7.6e-36  125.1   0.0   1.8e-35  123.9   0.0   1.6   1   0   0   1   1   1   1 | LOC_Os09g34160
LOC_Os12g09710.1      -          NB-ARC               PF00931.23   8.1e-36  125.0   0.0   1.7e-35  124.0   0.0   1.6   1   0   0   1   1   1   1 | LOC_Os12g09710
LOC_Os02g19750.1      -          NB-ARC               PF00931.23     1e-35  124.7   0.6   1.7e-35  123.9   0.6   1.3   1   0   0   1   1   1   1 | LOC_Os02g19750
LOC_Os10g33440.2      -          NB-ARC               PF00931.23   1.1e-35  124.6   0.0     2e-35  123.7   0.0   1.4   1   0   0   1   1   1   1 | LOC_Os10g33440
LOC_Os08g07340.1      -          NB-ARC               PF00931.23   1.9e-35  123.8   0.0     3e-35  123.2   0.0   1.3   1   0   0   1   1   1   1 | LOC_Os08g07340
LOC_Os11g15190.1      -          NB-ARC               PF00931.23   2.4e-35  123.5   0.0   3.6e-34  119.6   0.0   2.2   1   1   0   1   1   1   1 | LOC_Os11g15190
LOC_Os12g31160.1      -          NB-ARC               PF00931.23   2.7e-35  123.3   0.0   5.4e-35  122.3   0.0   1.5   1   0   0   1   1   1   1 | LOC_Os12g31160
LOC_Os09g14450.1      -          NB-ARC               PF00931.23     3e-35  123.1   0.0   6.9e-35  122.0   0.0   1.6   1   0   0   1   1   1   1 | LOC_Os09g14450
LOC_Os12g18360.2      -          NB-ARC               PF00931.23   3.3e-35  123.0   0.0     6e-35  122.2   0.0   1.4   1   0   0   1   1   1   1 | LOC_Os12g18360
LOC_Os12g18360.1      -          NB-ARC               PF00931.23     4e-35  122.7   0.0   7.3e-35  121.9   0.0   1.4   1   0   0   1   1   1   1 | LOC_Os12g18360
LOC_Os11g45924.1      -          NB-ARC               PF00931.23   5.5e-35  122.3   0.0   6.8e-21   76.1   0.0   2.1   2   0   0   2   2   2   2 | LOC_Os11g45924
LOC_Os08g14830.1      -          NB-ARC               PF00931.23   5.9e-35  122.2   0.2   1.7e-34  120.7   0.0   1.8   2   0   0   2   2   1   1 | LOC_Os08g14830
LOC_Os09g11020.1      -          NB-ARC               PF00931.23     7e-35  121.9   2.6   1.1e-32  114.7   0.1   2.8   2   1   0   2   2   1   1 | LOC_Os09g11020
LOC_Os11g37780.1      -          NB-ARC               PF00931.23     7e-35  121.9   0.0   1.6e-34  120.8   0.0   1.6   2   0   0   2   2   1   1 | LOC_Os11g37780
LOC_Os11g39320.1      -          NB-ARC               PF00931.23   7.6e-35  121.8   0.1   1.3e-34  121.1   0.1   1.4   1   0   0   1   1   1   1 | LOC_Os11g39320
LOC_Os11g24170.1      -          NB-ARC               PF00931.23   9.7e-35  121.5   0.0   1.9e-34  120.5   0.0   1.5   1   0   0   1   1   1   1 | LOC_Os11g24170
LOC_Os11g16530.1      -          NB-ARC               PF00931.23   2.2e-34  120.3   0.0   5.8e-34  118.9   0.0   1.7   2   0   0   2   2   1   1 | LOC_Os11g16530
LOC_Os11g16530.2      -          NB-ARC               PF00931.23   2.2e-34  120.3   0.0   5.8e-34  118.9   0.0   1.7   2   0   0   2   2   1   1 | LOC_Os11g16530
LOC_Os01g24820.1      -          NB-ARC               PF00931.23   2.3e-34  120.2   0.0   3.9e-34  119.5   0.0   1.3   1   0   0   1   1   1   1 | LOC_Os01g24820
LOC_Os07g33730.1      -          NB-ARC               PF00931.23   2.5e-34  120.1   0.0   4.8e-34  119.2   0.0   1.4   1   0   0   1   1   1   1 | LOC_Os07g33730
LOC_Os07g33730.2      -          NB-ARC               PF00931.23   2.5e-34  120.1   0.0   4.8e-34  119.2   0.0   1.4   1   0   0   1   1   1   1 | LOC_Os07g33730
LOC_Os04g12830.1      -          NB-ARC               PF00931.23   2.6e-34  120.1   0.1   1.2e-17   65.5   0.0   2.7   3   0   0   3   3   2   2 | LOC_Os04g12830
LOC_Os08g07950.1      -          NB-ARC               PF00931.23   3.5e-34  119.7   0.0   6.6e-34  118.8   0.0   1.5   1   0   0   1   1   1   1 | LOC_Os08g07950
LOC_Os09g20030.1      -          NB-ARC               PF00931.23   3.6e-34  119.6   0.0   9.8e-34  118.2   0.0   1.7   2   0   0   2   2   1   1 | LOC_Os09g20030
LOC_Os02g16330.1      -          NB-ARC               PF00931.23     4e-34  119.5   0.0   6.9e-34  118.7   0.0   1.3   1   0   0   1   1   1   1 | LOC_Os02g16330
LOC_Os01g57280.2      -          NB-ARC               PF00931.23     4e-34  119.5   0.1   7.2e-34  118.6   0.1   1.4   1   0   0   1   1   1   1 | LOC_Os01g57280
LOC_Os01g57280.3      -          NB-ARC               PF00931.23     4e-34  119.5   0.1   7.2e-34  118.6   0.1   1.4   1   0   0   1   1   1   1 | LOC_Os01g57280
LOC_Os01g57280.1      -          NB-ARC               PF00931.23   4.2e-34  119.4   0.1   7.6e-34  118.6   0.1   1.4   1   0   0   1   1   1   1 | LOC_Os01g57280
LOC_Os11g11810.1      -          NB-ARC               PF00931.23     5e-34  119.1   0.0   7.7e-34  118.5   0.0   1.3   1   0   0   1   1   1   1 | LOC_Os11g11810
LOC_Os05g15040.4      -          NB-ARC               PF00931.23   5.2e-34  119.1   0.1   2.2e-32  113.8   0.1   2.4   1   1   0   1   1   1   1 | LOC_Os05g15040
LOC_Os10g07534.1      -          NB-ARC               PF00931.23   5.4e-34  119.0   1.9   2.5e-33  116.9   1.5   2.2   1   1   1   2   2   1   1 | LOC_Os10g07534
LOC_Os05g15040.3      -          NB-ARC               PF00931.23     9e-34  118.3   0.1   3.1e-32  113.3   0.1   2.4   1   1   0   1   1   1   1 | LOC_Os05g15040
LOC_Os05g15040.2      -          NB-ARC               PF00931.23   9.2e-34  118.3   0.1   3.2e-32  113.2   0.1   2.4   1   1   0   1   1   1   1 | LOC_Os05g15040
LOC_Os11g30210.1      -          NB-ARC               PF00931.23   1.1e-33  118.1  11.0   1.6e-28  101.1   1.2   2.5   2   1   1   3   3   2   2 | LOC_Os11g30210
LOC_Os05g15040.1      -          NB-ARC               PF00931.23   1.3e-33  117.8   0.1   3.9e-32  112.9   0.1   2.4   1   1   0   1   1   1   1 | LOC_Os05g15040
LOC_Os11g10550.1      -          NB-ARC               PF00931.23   1.4e-33  117.7   0.8   2.2e-33  117.1   0.8   1.3   1   0   0   1   1   1   1 | LOC_Os11g10550
LOC_Os04g02030.1      -          NB-ARC               PF00931.23   1.7e-33  117.4   0.1   5.7e-33  115.7   0.0   1.9   2   0   0   2   2   1   1 | LOC_Os04g02030
LOC_Os11g11550.1      -          NB-ARC               PF00931.23   1.8e-33  117.3   0.0   3.3e-33  116.4   0.0   1.4   1   0   0   1   1   1   1 | LOC_Os11g11550
LOC_Os11g11550.2      -          NB-ARC               PF00931.23   1.8e-33  117.3   0.0   3.3e-33  116.4   0.0   1.4   1   0   0   1   1   1   1 | LOC_Os11g11550
LOC_Os06g06390.1      -          NB-ARC               PF00931.23   2.1e-33  117.1   0.0   3.2e-33  116.5   0.0   1.2   1   0   0   1   1   1   1 | LOC_Os06g06390
LOC_Os01g57270.1      -          NB-ARC               PF00931.23   2.6e-33  116.8   0.1   7.7e-33  115.3   0.0   1.7   2   0   0   2   2   1   1 | LOC_Os01g57270
LOC_Os01g57270.2      -          NB-ARC               PF00931.23   2.6e-33  116.8   0.1   7.7e-33  115.3   0.0   1.7   2   0   0   2   2   1   1 | LOC_Os01g57270
LOC_Os04g53160.1      -          NB-ARC               PF00931.23   4.7e-33  116.0   0.1   8.5e-33  115.1   0.1   1.4   1   0   0   1   1   1   1 | LOC_Os04g53160
LOC_Os12g06920.1      -          NB-ARC               PF00931.23   6.6e-33  115.5   0.3   8.3e-23   82.4   0.0   2.3   2   0   0   2   2   2   2 | LOC_Os12g06920
LOC_Os09g20040.1      -          NB-ARC               PF00931.23   7.3e-33  115.3   0.0   1.2e-32  114.6   0.0   1.3   1   0   0   1   1   1   1 | LOC_Os09g20040
LOC_Os11g39160.1      -          NB-ARC               PF00931.23     9e-33  115.0   0.5   1.8e-32  114.0   0.5   1.5   1   0   0   1   1   1   1 | LOC_Os11g39160
LOC_Os11g03650.1      -          NB-ARC               PF00931.23   9.1e-33  115.0   0.1   5.1e-20   73.2   0.0   2.4   2   0   0   2   2   2   2 | LOC_Os11g03650
LOC_Os04g43440.1      -          NB-ARC               PF00931.23   1.1e-32  114.8   0.0     1e-25   91.9   0.2   2.4   1   1   1   2   2   1   1 | LOC_Os04g43440
LOC_Os09g15850.1      -          NB-ARC               PF00931.23   1.2e-32  114.7   0.3   2.1e-32  113.8   0.3   1.4   1   0   0   1   1   1   1 | LOC_Os09g15850
LOC_Os11g46080.1      -          NB-ARC               PF00931.23   1.4e-32  114.4   5.9   5.5e-19   69.9   1.4   2.8   2   1   0   2   2   2   2 | LOC_Os11g46080
LOC_Os11g12300.1      -          NB-ARC               PF00931.23   1.4e-32  114.4   2.5   1.5e-32  114.3   0.1   2.1   2   1   1   3   3   1   1 | LOC_Os11g12300
LOC_Os12g28070.1      -          NB-ARC               PF00931.23   1.5e-32  114.3   0.1   2.7e-32  113.5   0.1   1.3   1   0   0   1   1   1   1 | LOC_Os12g28070
LOC_Os01g57310.1      -          NB-ARC               PF00931.23   2.2e-32  113.7   0.1   4.8e-32  112.6   0.1   1.5   1   0   0   1   1   1   1 | LOC_Os01g57310
LOC_Os01g57310.2      -          NB-ARC               PF00931.23   2.2e-32  113.7   0.1   4.8e-32  112.6   0.1   1.5   1   0   0   1   1   1   1 | LOC_Os01g57310
LOC_Os01g57340.1      -          NB-ARC               PF00931.23   2.3e-32  113.7   0.1   4.8e-32  112.6   0.1   1.5   1   0   0   1   1   1   1 | LOC_Os01g57340
LOC_Os06g41480.1      -          NB-ARC               PF00931.23   2.3e-32  113.7   0.0   4.8e-32  112.6   0.0   1.4   1   0   0   1   1   1   1 | LOC_Os06g41480
LOC_Os11g29920.1      -          NB-ARC               PF00931.23     3e-32  113.3   1.6     3e-32  113.3   1.6   1.9   2   0   0   2   2   1   1 | LOC_Os11g29920
LOC_Os11g29090.1      -          NB-ARC               PF00931.23   3.6e-32  113.1   0.3   7.5e-32  112.0   0.3   1.6   1   0   0   1   1   1   1 | LOC_Os11g29090
LOC_Os11g10610.1      -          NB-ARC               PF00931.23   4.1e-32  112.9   0.4     1e-31  111.6   0.3   1.8   2   0   0   2   2   1   1 | LOC_Os11g10610
LOC_Os11g15700.1      -          NB-ARC               PF00931.23     8e-32  111.9   0.0   1.4e-31  111.1   0.0   1.4   1   0   0   1   1   1   1 | LOC_Os11g15700
LOC_Os05g30220.1      -          NB-ARC               PF00931.23   8.6e-32  111.8   0.9   1.7e-31  110.9   0.9   1.5   1   0   0   1   1   1   1 | LOC_Os05g30220
LOC_Os11g44580.1      -          NB-ARC               PF00931.23   1.1e-31  111.5   0.0   1.7e-31  110.9   0.0   1.3   1   0   0   1   1   1   1 | LOC_Os11g44580
LOC_Os12g10460.1      -          NB-ARC               PF00931.23   1.5e-31  111.0   0.5   2.7e-31  110.2   0.5   1.5   1   0   0   1   1   1   1 | LOC_Os12g10460
LOC_Os02g02640.1      -          NB-ARC               PF00931.23   1.6e-31  111.0   0.4   6.3e-25   89.3   0.4   2.4   1   1   1   2   2   1   1 | LOC_Os02g02640
LOC_Os09g20020.1      -          NB-ARC               PF00931.23   2.1e-31  110.5   0.0   4.7e-31  109.4   0.0   1.5   1   0   0   1   1   1   1 | LOC_Os09g20020
LOC_Os11g46200.1      -          NB-ARC               PF00931.23   2.3e-31  110.4   0.0   4.2e-31  109.6   0.0   1.4   1   0   0   1   1   1   1 | LOC_Os11g46200
LOC_Os12g10390.1      -          NB-ARC               PF00931.23   2.6e-31  110.3   0.0   6.4e-31  109.0   0.0   1.6   2   0   0   2   2   1   1 | LOC_Os12g10390
LOC_Os05g16180.1      -          NB-ARC               PF00931.23   2.6e-31  110.2   0.3     4e-31  109.6   0.3   1.2   1   0   0   1   1   1   1 | LOC_Os05g16180
LOC_Os11g46070.1      -          NB-ARC               PF00931.23   3.2e-31  110.0   0.5   1.7e-30  107.6   0.0   2.0   2   0   0   2   2   1   1 | LOC_Os11g46070
LOC_Os11g46070.2      -          NB-ARC               PF00931.23   3.2e-31  110.0   0.5   1.7e-30  107.6   0.0   2.0   2   0   0   2   2   1   1 | LOC_Os11g46070
LOC_Os11g46070.3      -          NB-ARC               PF00931.23   3.2e-31  110.0   0.5   1.7e-30  107.6   0.0   2.0   2   0   0   2   2   1   1 | LOC_Os11g46070
LOC_Os01g16390.1      -          NB-ARC               PF00931.23   8.7e-31  108.5   0.0   1.4e-30  107.8   0.0   1.3   1   0   0   1   1   1   1 | LOC_Os01g16390
LOC_Os02g18510.1      -          NB-ARC               PF00931.23   1.1e-30  108.2   0.1     2e-30  107.3   0.1   1.4   1   0   0   1   1   1   1 | LOC_Os02g18510
LOC_Os12g31200.1      -          NB-ARC               PF00931.23   1.1e-30  108.2   0.0   1.8e-30  107.5   0.0   1.4   1   0   0   1   1   1   1 | LOC_Os12g31200
LOC_Os11g42040.1      -          NB-ARC               PF00931.23   1.2e-30  108.1   0.6   5.7e-14   53.4   0.1   2.3   1   1   1   2   2   2   2 | LOC_Os11g42040
LOC_Os08g07774.1      -          NB-ARC               PF00931.23   1.9e-30  107.4   0.0   2.9e-30  106.8   0.0   1.2   1   0   0   1   1   1   1 | LOC_Os08g07774
LOC_Os12g10360.1      -          NB-ARC               PF00931.23     2e-30  107.3   0.0   3.5e-30  106.6   0.0   1.3   1   0   0   1   1   1   1 | LOC_Os12g10360
LOC_Os01g72390.1      -          NB-ARC               PF00931.23   2.1e-30  107.3   0.3   4.1e-30  106.3   0.3   1.4   1   0   0   1   1   1   1 | LOC_Os01g72390
LOC_Os11g39310.1      -          NB-ARC               PF00931.23   2.9e-30  106.8   0.0   4.7e-30  106.1   0.0   1.3   1   0   0   1   1   1   1 | LOC_Os11g39310
LOC_Os04g52970.1      -          NB-ARC               PF00931.23     5e-30  106.0   0.0   1.5e-14   55.4   0.0   2.4   1   1   1   2   2   2   2 | LOC_Os04g52970
LOC_Os08g09110.1      -          NB-ARC               PF00931.23     1e-29  105.0   0.0   1.8e-29  104.2   0.0   1.3   1   0   0   1   1   1   1 | LOC_Os08g09110
LOC_Os04g41370.1      -          NB-ARC               PF00931.23   1.1e-29  105.0   0.3   1.9e-29  104.1   0.3   1.4   1   0   0   1   1   1   1 | LOC_Os04g41370
LOC_Os04g25900.2      -          NB-ARC               PF00931.23   1.3e-29  104.6   0.0   2.5e-29  103.7   0.0   1.5   1   0   0   1   1   1   1 | LOC_Os04g25900
LOC_Os08g07890.1      -          NB-ARC               PF00931.23   1.4e-29  104.6   0.4   1.3e-28  101.4   0.0   2.3   1   1   1   2   2   1   1 | LOC_Os08g07890
LOC_Os04g25900.1      -          NB-ARC               PF00931.23   1.4e-29  104.6   0.0   2.7e-29  103.7   0.0   1.5   1   0   0   1   1   1   1 | LOC_Os04g25900
LOC_Os05g40160.1      -          NB-ARC               PF00931.23   1.5e-29  104.5   0.0   3.6e-29  103.2   0.0   1.7   1   0   0   1   1   1   1 | LOC_Os05g40160
LOC_Os08g19694.1      -          NB-ARC               PF00931.23   3.9e-29  103.1   0.0   7.4e-29  102.2   0.0   1.4   1   0   0   1   1   1   1 | LOC_Os08g19694
LOC_Os07g33690.1      -          NB-ARC               PF00931.23   4.2e-29  103.0   0.0   8.4e-29  102.0   0.0   1.4   1   0   0   1   1   1   1 | LOC_Os07g33690
LOC_Os06g16790.1      -          NB-ARC               PF00931.23   8.9e-29  102.0   0.0   1.9e-28  100.9   0.0   1.5   1   0   0   1   1   1   1 | LOC_Os06g16790
LOC_Os10g41900.1      -          NB-ARC               PF00931.23     9e-29  101.9   0.0   1.6e-28  101.1   0.0   1.4   1   0   0   1   1   1   1 | LOC_Os10g41900
LOC_Os07g33740.1      -          NB-ARC               PF00931.23   1.3e-28  101.4   0.0   2.2e-28  100.7   0.0   1.3   1   0   0   1   1   1   1 | LOC_Os07g33740
LOC_Os01g70080.1      -          NB-ARC               PF00931.23   1.3e-28  101.4   0.0   1.9e-28  100.8   0.0   1.2   1   0   0   1   1   1   1 | LOC_Os01g70080
LOC_Os01g58510.1      -          NB-ARC               PF00931.23   1.7e-28  101.0   0.0   1.2e-26   95.0   0.0   2.2   1   1   0   1   1   1   1 | LOC_Os01g58510
LOC_Os08g13800.1      -          NB-ARC               PF00931.23   4.6e-28   99.6   1.0   4.6e-28   99.6   1.0   1.6   2   0   0   2   2   1   1 | LOC_Os08g13800
LOC_Os11g45790.1      -          NB-ARC               PF00931.23   4.8e-28   99.6   0.0   1.2e-27   98.3   0.0   1.6   1   0   0   1   1   1   1 | LOC_Os11g45790
LOC_Os02g27680.1      -          NB-ARC               PF00931.23   5.6e-28   99.3   0.2   6.8e-28   99.1   0.2   1.0   1   0   0   1   1   1   1 | LOC_Os02g27680
LOC_Os12g30080.1      -          NB-ARC               PF00931.23   7.6e-28   98.9   0.1   3.7e-27   96.6   0.0   1.9   1   1   1   2   2   1   1 | LOC_Os12g30080
LOC_Os12g32790.1      -          NB-ARC               PF00931.23   8.2e-28   98.8   0.2   1.8e-27   97.7   0.0   1.6   2   0   0   2   2   1   1 | LOC_Os12g32790
LOC_Os12g32710.1      -          NB-ARC               PF00931.23   8.4e-28   98.8   0.0   1.7e-27   97.8   0.0   1.5   1   0   0   1   1   1   1 | LOC_Os12g32710
LOC_Os11g36410.1      -          NB-ARC               PF00931.23   2.1e-27   97.4   0.0   3.2e-27   96.8   0.0   1.3   1   0   0   1   1   1   1 | LOC_Os11g36410
LOC_Os08g07940.1      -          NB-ARC               PF00931.23   2.6e-27   97.1   0.0   2.9e-13   51.1   0.0   2.4   2   0   0   2   2   2   2 | LOC_Os08g07940
LOC_Os11g45620.1      -          NB-ARC               PF00931.23   4.4e-27   96.4   0.3     8e-27   95.5   0.0   1.5   2   0   0   2   2   1   1 | LOC_Os11g45620
LOC_Os08g05440.1      -          NB-ARC               PF00931.23   1.1e-26   95.2   0.0   8.6e-16   59.4   0.0   2.4   2   0   0   2   2   2   2 | LOC_Os08g05440
LOC_Os08g28460.1      -          NB-ARC               PF00931.23   1.7e-26   94.5   0.0   5.2e-26   92.9   0.0   1.8   1   0   0   1   1   1   1 | LOC_Os08g28460
LOC_Os06g17930.1      -          NB-ARC               PF00931.23   2.9e-26   93.7   5.0   9.8e-26   92.0   1.4   2.4   2   0   0   2   2   1   1 | LOC_Os06g17930
LOC_Os12g32660.1      -          NB-ARC               PF00931.23   3.7e-26   93.4   0.1   5.7e-26   92.8   0.1   1.3   1   0   0   1   1   1   1 | LOC_Os12g32660
LOC_Os12g32660.2      -          NB-ARC               PF00931.23   3.7e-26   93.4   0.1   5.7e-26   92.8   0.1   1.3   1   0   0   1   1   1   1 | LOC_Os12g32660
LOC_Os11g45930.1      -          NB-ARC               PF00931.23   7.5e-26   92.4   0.0   4.3e-22   80.0   0.0   2.4   2   0   0   2   2   1   1 | LOC_Os11g45930
LOC_Os08g07930.1      -          NB-ARC               PF00931.23   8.1e-26   92.3   0.0   1.5e-25   91.4   0.0   1.4   1   0   0   1   1   1   1 | LOC_Os08g07930
LOC_Os12g18374.2      -          NB-ARC               PF00931.23   8.7e-26   92.2   0.0   3.8e-25   90.0   0.0   2.1   1   1   0   1   1   1   1 | LOC_Os12g18374
LOC_Os12g18374.1      -          NB-ARC               PF00931.23   9.1e-26   92.1   0.0   3.9e-25   90.0   0.0   2.1   1   1   0   1   1   1   1 | LOC_Os12g18374
LOC_Os11g11940.1      -          NB-ARC               PF00931.23   9.8e-26   92.0   0.0     2e-25   91.0   0.0   1.4   1   0   0   1   1   1   1 | LOC_Os11g11940
LOC_Os11g39330.1      -          NB-ARC               PF00931.23   1.1e-25   91.8   0.0   2.1e-25   90.9   0.0   1.4   1   0   0   1   1   1   1 | LOC_Os11g39330
LOC_Os02g04530.1      -          NB-ARC               PF00931.23   1.8e-25   91.1   0.2   4.3e-25   89.9   0.2   1.6   1   0   0   1   1   1   1 | LOC_Os02g04530
LOC_Os11g39190.1      -          NB-ARC               PF00931.23   3.3e-25   90.3   0.2   2.4e-23   84.1   0.2   2.3   1   1   0   1   1   1   1 | LOC_Os11g39190
LOC_Os07g33720.1      -          NB-ARC               PF00931.23   3.5e-25   90.2   1.1   7.4e-25   89.1   0.1   1.9   2   0   0   2   2   1   1 | LOC_Os07g33720
LOC_Os01g58530.1      -          NB-ARC               PF00931.23     5e-25   89.7   0.0   8.7e-25   88.9   0.0   1.3   1   0   0   1   1   1   1 | LOC_Os01g58530
LOC_Os08g30660.1      -          NB-ARC               PF00931.23   6.1e-25   89.4   0.0   1.1e-24   88.6   0.0   1.4   1   0   0   1   1   1   1 | LOC_Os08g30660
LOC_Os11g38000.1      -          NB-ARC               PF00931.23   9.2e-25   88.8   0.0   1.7e-24   87.9   0.0   1.4   1   0   0   1   1   1   1 | LOC_Os11g38000
LOC_Os11g42070.1      -          NB-ARC               PF00931.23     1e-24   88.7   0.0   1.8e-24   87.9   0.0   1.4   1   0   0   1   1   1   1 | LOC_Os11g42070
LOC_Os11g42070.2      -          NB-ARC               PF00931.23     1e-24   88.7   0.0   1.8e-24   87.9   0.0   1.4   1   0   0   1   1   1   1 | LOC_Os11g42070
LOC_Os12g03750.1      -          NB-ARC               PF00931.23     1e-24   88.6   0.0   3.3e-18   67.3   0.1   2.4   1   1   1   2   2   1   1 | LOC_Os12g03750
LOC_Os07g09900.1      -          NB-ARC               PF00931.23   1.8e-24   87.9   0.0     3e-24   87.1   0.0   1.3   1   0   0   1   1   1   1 | LOC_Os07g09900
LOC_Os03g37720.1      -          NB-ARC               PF00931.23   1.8e-24   87.8   0.0   3.9e-24   86.7   0.0   1.6   1   0   0   1   1   1   1 | LOC_Os03g37720
LOC_Os11g17014.1      -          NB-ARC               PF00931.23   2.1e-24   87.6   0.0   1.1e-23   85.3   0.0   2.1   1   1   1   2   2   1   1 | LOC_Os11g17014
LOC_Os03g26260.1      -          NB-ARC               PF00931.23   2.2e-24   87.5   0.2   1.9e-23   84.5   0.2   2.2   1   1   0   1   1   1   1 | LOC_Os03g26260
LOC_Os12g32680.1      -          NB-ARC               PF00931.23   2.3e-24   87.5   0.1   4.6e-24   86.5   0.1   1.4   1   0   0   1   1   1   1 | LOC_Os12g32680
LOC_Os09g09750.1      -          NB-ARC               PF00931.23   3.6e-24   86.9   0.4   2.7e-23   84.0   0.3   2.1   1   1   1   2   2   1   1 | LOC_Os09g09750
LOC_Os02g19890.2      -          NB-ARC               PF00931.23   4.5e-24   86.5   0.0   6.6e-24   86.0   0.0   1.2   1   0   0   1   1   1   1 | LOC_Os02g19890
LOC_Os02g19890.3      -          NB-ARC               PF00931.23   4.5e-24   86.5   0.0   6.6e-24   86.0   0.0   1.2   1   0   0   1   1   1   1 | LOC_Os02g19890
LOC_Os06g49360.1      -          NB-ARC               PF00931.23   7.3e-24   85.9   0.1   1.3e-23   85.0   0.1   1.4   1   0   0   1   1   1   1 | LOC_Os06g49360
LOC_Os03g30910.1      -          NB-ARC               PF00931.23   1.5e-23   84.8   0.3   1.7e-11   45.3   0.0   2.5   1   1   1   2   2   2   2 | LOC_Os03g30910
LOC_Os10g22484.3      -          NB-ARC               PF00931.23   2.1e-23   84.4   0.0   3.6e-23   83.6   0.0   1.3   1   0   0   1   1   1   1 | LOC_Os10g22484
LOC_Os11g30050.1      -          NB-ARC               PF00931.23   2.5e-23   84.1   0.2     5e-23   83.1   0.2   1.4   1   0   0   1   1   1   1 | LOC_Os11g30050
LOC_Os08g24380.1      -          NB-ARC               PF00931.23   6.2e-23   82.8   1.1   1.4e-13   52.2   0.2   2.6   1   1   1   2   2   2   2 | LOC_Os08g24380
LOC_Os10g17690.1      -          NB-ARC               PF00931.23   8.6e-23   82.3   0.1   4.3e-11   44.0   0.0   2.5   1   1   1   2   2   2   2 | LOC_Os10g17690
LOC_Os07g31800.1      -          NB-ARC               PF00931.23   1.2e-22   81.9   0.1   3.3e-22   80.4   0.1   1.8   1   0   0   1   1   1   1 | LOC_Os07g31800
LOC_Os06g48520.1      -          NB-ARC               PF00931.23   1.5e-22   81.5   0.0   2.8e-22   80.7   0.0   1.4   1   0   0   1   1   1   1 | LOC_Os06g48520
LOC_Os09g34150.2      -          NB-ARC               PF00931.23   2.7e-22   80.7   0.0   4.1e-22   80.1   0.0   1.2   1   0   0   1   1   1   1 | LOC_Os09g34150
LOC_Os07g17230.1      -          NB-ARC               PF00931.23   4.7e-22   79.9   0.1     1e-21   78.8   0.1   1.5   1   0   0   1   1   1   1 | LOC_Os07g17230
LOC_Os01g02280.1      -          NB-ARC               PF00931.23   5.6e-22   79.7   0.0   1.7e-21   78.1   0.0   1.9   1   0   0   1   1   1   1 | LOC_Os01g02280
LOC_Os12g32670.1      -          NB-ARC               PF00931.23     2e-21   77.9   0.0   4.5e-21   76.7   0.0   1.5   1   1   0   1   1   1   1 | LOC_Os12g32670
LOC_Os02g10900.1      -          NB-ARC               PF00931.23   3.6e-21   77.0   0.0   9.1e-21   75.7   0.0   1.6   1   0   0   1   1   1   1 | LOC_Os02g10900
LOC_Os11g43420.1      -          NB-ARC               PF00931.23   4.9e-21   76.6   0.0   9.3e-21   75.7   0.0   1.4   1   0   0   1   1   1   1 | LOC_Os11g43420
LOC_Os11g42090.1      -          NB-ARC               PF00931.23   9.4e-21   75.7   0.0   2.9e-20   74.1   0.0   1.7   2   0   0   2   2   1   1 | LOC_Os11g42090
LOC_Os11g27430.1      -          NB-ARC               PF00931.23   1.2e-20   75.3   0.0   4.1e-20   73.6   0.0   1.9   1   1   0   1   1   1   1 | LOC_Os11g27430
LOC_Os11g30060.1      -          NB-ARC               PF00931.23   1.3e-20   75.2   5.2   1.7e-11   45.3   0.3   4.0   2   1   1   3   3   2   2 | LOC_Os11g30060
LOC_Os11g29050.1      -          NB-ARC               PF00931.23   1.7e-19   71.5   0.0   3.5e-19   70.5   0.0   1.5   1   0   0   1   1   1   1 | LOC_Os11g29050
LOC_Os08g14850.1      -          NB-ARC               PF00931.23   2.1e-19   71.3   4.4   1.2e-08   36.0   0.2   2.6   2   1   0   2   2   2   2 | LOC_Os08g14850
LOC_Os07g17420.1      -          NB-ARC               PF00931.23   3.3e-19   70.6   0.0   5.6e-19   69.8   0.0   1.3   1   0   0   1   1   1   1 | LOC_Os07g17420
LOC_Os09g16000.1      -          NB-ARC               PF00931.23   3.5e-19   70.5   0.0   5.3e-19   69.9   0.0   1.2   1   0   0   1   1   1   1 | LOC_Os09g16000
LOC_Os02g16250.1      -          NB-ARC               PF00931.23   1.2e-18   68.8   0.0   1.5e-18   68.5   0.0   1.1   1   0   0   1   1   1   1 | LOC_Os02g16250
LOC_Os11g39590.1      -          NB-ARC               PF00931.23   1.3e-18   68.7   0.0     2e-18   68.0   0.0   1.2   1   0   0   1   1   1   1 | LOC_Os11g39590
LOC_Os06g48990.1      -          NB-ARC               PF00931.23   3.5e-18   67.2   0.4   1.7e-13   51.9   0.3   2.2   2   0   0   2   2   1   1 | LOC_Os06g48990
LOC_Os06g48990.2      -          NB-ARC               PF00931.23   3.5e-18   67.2   0.4   1.7e-13   51.9   0.3   2.2   2   0   0   2   2   1   1 | LOC_Os06g48990
LOC_Os12g25170.1      -          NB-ARC               PF00931.23   5.6e-18   66.6   0.0   9.4e-18   65.8   0.0   1.3   1   0   0   1   1   1   1 | LOC_Os12g25170
LOC_Os02g20460.1      -          NB-ARC               PF00931.23   1.1e-17   65.6   0.1   2.1e-17   64.7   0.1   1.5   1   0   0   1   1   1   1 | LOC_Os02g20460
LOC_Os11g39600.1      -          NB-ARC               PF00931.23   2.4e-17   64.5   0.1   4.7e-17   63.5   0.0   1.4   2   0   0   2   2   1   1 | LOC_Os11g39600
LOC_Os11g39190.2      -          NB-ARC               PF00931.23   2.6e-17   64.4   0.0   4.1e-17   63.7   0.0   1.3   1   0   0   1   1   1   1 | LOC_Os11g39190
LOC_Os11g39190.3      -          NB-ARC               PF00931.23   2.6e-17   64.4   0.0   4.1e-17   63.7   0.0   1.3   1   0   0   1   1   1   1 | LOC_Os11g39190
LOC_Os07g01530.1      -          NB-ARC               PF00931.23   2.7e-17   64.3   0.0   3.2e-16   60.8   0.0   2.6   1   1   0   1   1   1   1 | LOC_Os07g01530
LOC_Os11g43410.1      -          NB-ARC               PF00931.23     3e-17   64.2   0.0   4.5e-17   63.6   0.0   1.2   1   0   0   1   1   1   1 | LOC_Os11g43410
LOC_Os11g46140.1      -          NB-ARC               PF00931.23   7.8e-17   62.8   0.0   1.9e-16   61.5   0.0   1.7   2   0   0   2   2   1   1 | LOC_Os11g46140
LOC_Os08g07920.1      -          NB-ARC               PF00931.23   1.3e-16   62.1   0.3     9e-16   59.3   0.0   2.1   2   0   0   2   2   1   1 | LOC_Os08g07920
LOC_Os12g10490.1      -          NB-ARC               PF00931.23   3.2e-16   60.8   0.2   4.6e-16   60.3   0.2   1.1   1   0   0   1   1   1   1 | LOC_Os12g10490
LOC_Os12g28040.1      -          NB-ARC               PF00931.23   4.1e-16   60.5   0.0   6.3e-16   59.9   0.0   1.2   1   0   0   1   1   1   1 | LOC_Os12g28040
LOC_Os11g39730.1      -          NB-ARC               PF00931.23   5.1e-16   60.1   0.0   9.9e-16   59.2   0.0   1.4   1   0   0   1   1   1   1 | LOC_Os11g39730
LOC_Os11g43320.1      -          NB-ARC               PF00931.23   5.9e-16   59.9   0.0   1.1e-15   59.0   0.0   1.4   1   0   0   1   1   1   1 | LOC_Os11g43320
LOC_Os05g23250.1      -          NB-ARC               PF00931.23   1.9e-15   58.3   0.2   3.6e-15   57.4   0.2   1.3   1   0   0   1   1   1   1 | LOC_Os05g23250
LOC_Os11g39290.1      -          NB-ARC               PF00931.23   3.1e-15   57.6   0.0   5.6e-15   56.7   0.0   1.3   1   0   0   1   1   1   1 | LOC_Os11g39290
LOC_Os11g17120.1      -          NB-ARC               PF00931.23   3.4e-15   57.5   0.1   5.1e-15   56.9   0.1   1.2   1   0   0   1   1   1   1 | LOC_Os11g17120
LOC_Os12g17430.1      -          NB-ARC               PF00931.23   7.9e-15   56.2   2.7   1.3e-14   55.5   0.9   1.9   2   0   0   2   2   1   1 | LOC_Os12g17430
LOC_Os12g39620.3      -          NB-ARC               PF00931.23   9.4e-15   56.0   0.0     2e-14   54.9   0.0   1.6   1   0   0   1   1   1   1 | LOC_Os12g39620
LOC_Os11g37790.1      -          NB-ARC               PF00931.23   1.3e-14   55.5   0.2   6.1e-14   53.3   0.0   2.0   1   1   0   2   2   1   1 | LOC_Os11g37790
LOC_Os04g02120.1      -          NB-ARC               PF00931.23   1.7e-14   55.2   0.0   3.4e-14   54.2   0.0   1.4   1   0   0   1   1   1   1 | LOC_Os04g02120
LOC_Os07g12680.1      -          NB-ARC               PF00931.23   2.6e-14   54.6   0.1   5.5e-14   53.5   0.1   1.5   1   0   0   1   1   1   1 | LOC_Os07g12680
LOC_Os12g39620.2      -          NB-ARC               PF00931.23   4.9e-14   53.6   0.0     1e-13   52.6   0.0   1.5   1   0   0   1   1   1   1 | LOC_Os12g39620
LOC_Os12g39620.4      -          NB-ARC               PF00931.23   4.9e-14   53.6   0.0     1e-13   52.6   0.0   1.5   1   0   0   1   1   1   1 | LOC_Os12g39620
LOC_Os12g39620.5      -          NB-ARC               PF00931.23   5.2e-14   53.6   0.0   1.2e-13   52.4   0.0   1.5   1   0   0   1   1   1   1 | LOC_Os12g39620
LOC_Os12g39620.1      -          NB-ARC               PF00931.23   6.1e-14   53.3   0.0   1.3e-13   52.3   0.0   1.4   1   0   0   1   1   1   1 | LOC_Os12g39620
LOC_Os02g27500.1      -          NB-ARC               PF00931.23   7.5e-14   53.0   0.1   1.3e-13   52.3   0.1   1.3   1   0   0   1   1   1   1 | LOC_Os02g27500
LOC_Os11g16500.1      -          NB-ARC               PF00931.23   2.4e-13   51.4   0.0   2.8e-13   51.2   0.0   1.0   1   0   0   1   1   1   1 | LOC_Os11g16500
LOC_Os01g52270.1      -          NB-ARC               PF00931.23   3.1e-13   51.0   0.0   5.4e-10   40.4   0.0   2.2   1   1   1   2   2   1   1 | LOC_Os01g52270
LOC_Os01g52304.1      -          NB-ARC               PF00931.23   3.3e-13   50.9   0.0   3.3e-07   31.3   0.0   2.1   2   0   0   2   2   1   1 | LOC_Os01g52304
LOC_Os04g11780.1      -          NB-ARC               PF00931.23   3.4e-13   50.9   0.0   5.8e-13   50.1   0.0   1.4   1   0   0   1   1   1   1 | LOC_Os04g11780
LOC_Os10g04342.1      -          NB-ARC               PF00931.23   4.4e-13   50.5   0.0   7.6e-13   49.7   0.0   1.4   1   0   0   1   1   1   1 | LOC_Os10g04342
LOC_Os01g52330.1      -          NB-ARC               PF00931.23   5.2e-13   50.3   0.0   4.4e-07   30.9   0.0   3.0   3   1   0   4   4   1   1 | LOC_Os01g52330
LOC_Os06g37840.1      -          NB-ARC               PF00931.23   8.7e-13   49.6   0.0   3.6e-12   47.5   0.0   1.9   1   1   0   1   1   1   1 | LOC_Os06g37840
LOC_Os07g12670.1      -          NB-ARC               PF00931.23   2.3e-12   48.2   0.0   3.5e-12   47.6   0.0   1.2   1   0   0   1   1   1   1 | LOC_Os07g12670
LOC_Os11g45840.1      -          NB-ARC               PF00931.23   2.3e-12   48.2   0.0   3.5e-12   47.6   0.0   1.3   1   0   0   1   1   1   1 | LOC_Os11g45840
LOC_Os02g10580.1      -          NB-ARC               PF00931.23   2.5e-12   48.1   0.0   5.6e-12   46.9   0.0   1.5   1   1   0   1   1   1   1 | LOC_Os02g10580
LOC_Os02g41760.1      -          NB-ARC               PF00931.23   7.6e-12   46.5   0.0   1.1e-06   29.6   0.0   2.3   1   1   1   2   2   1   1 | LOC_Os02g41760
LOC_Os07g02620.1      -          NB-ARC               PF00931.23   1.5e-11   45.6   0.0   1.1e-10   42.7   0.0   2.2   1   1   0   1   1   1   1 | LOC_Os07g02620
LOC_Os10g22290.1      -          NB-ARC               PF00931.23   1.8e-11   45.3   0.1   2.7e-11   44.7   0.1   1.2   1   0   0   1   1   1   1 | LOC_Os10g22290
LOC_Os01g52320.1      -          NB-ARC               PF00931.23     2e-11   45.1   0.0   6.8e-06   27.0   0.0   3.2   4   0   0   4   4   1   1 | LOC_Os01g52320
LOC_Os11g06220.1      -          NB-ARC               PF00931.23   2.2e-11   44.9   0.0   1.1e-08   36.1   0.0   2.2   1   1   1   2   2   1   1 | LOC_Os11g06220
LOC_Os11g06220.2      -          NB-ARC               PF00931.23   2.2e-11   44.9   0.0   1.1e-08   36.1   0.0   2.2   1   1   1   2   2   1   1 | LOC_Os11g06220
LOC_Os07g02560.1      -          NB-ARC               PF00931.23   2.6e-11   44.7   0.0   1.2e-10   42.5   0.0   1.9   1   1   0   1   1   1   1 | LOC_Os07g02560
LOC_Os12g37280.1      -          NB-ARC               PF00931.23   4.3e-11   44.0   0.0   7.6e-11   43.2   0.0   1.4   1   0   0   1   1   1   1 | LOC_Os12g37280
LOC_Os06g37820.1      -          NB-ARC               PF00931.23   4.4e-11   44.0   0.3     8e-11   43.1   0.0   1.5   2   0   0   2   2   1   1 | LOC_Os06g37820
LOC_Os07g02570.1      -          NB-ARC               PF00931.23   4.8e-11   43.9   0.0     8e-10   39.8   0.0   2.2   1   1   0   1   1   1   1 | LOC_Os07g02570
LOC_Os12g28050.1      -          NB-ARC               PF00931.23   5.5e-11   43.6   0.0   1.1e-10   42.7   0.0   1.4   1   0   0   1   1   1   1 | LOC_Os12g28050
LOC_Os11g39260.1      -          NB-ARC               PF00931.23   7.4e-11   43.2   0.0   9.5e-11   42.9   0.0   1.1   1   0   0   1   1   1   1 | LOC_Os11g39260
LOC_Os09g07590.1      -          NB-ARC               PF00931.23   7.5e-11   43.2   0.0   1.8e-10   42.0   0.0   1.6   2   0   0   2   2   1   1 | LOC_Os09g07590
LOC_Os02g10550.1      -          NB-ARC               PF00931.23   8.6e-11   43.0   0.0   1.4e-10   42.4   0.0   1.2   1   0   0   1   1   1   1 | LOC_Os02g10550
LOC_Os11g29030.1      -          NB-ARC               PF00931.23   2.5e-10   41.5   0.0   3.5e-10   41.0   0.0   1.3   1   0   0   1   1   1   1 | LOC_Os11g29030
LOC_Os02g39884.1      -          NB-ARC               PF00931.23   2.5e-10   41.5   0.0   2.6e-09   38.2   0.0   2.1   1   1   0   1   1   1   1 | LOC_Os02g39884
LOC_Os01g52280.1      -          NB-ARC               PF00931.23   4.1e-10   40.8   0.0   0.00039   21.2   0.0   2.5   2   1   0   3   3   0   0 | LOC_Os01g52280
LOC_Os10g04570.1      -          NB-ARC               PF00931.23   9.7e-10   39.6   0.0   3.5e-06   27.9   0.0   2.6   2   1   1   3   3   1   1 | LOC_Os10g04570
LOC_Os07g02630.1      -          NB-ARC               PF00931.23   9.7e-10   39.6   0.0     3e-07   31.4   0.0   2.8   2   1   0   2   2   1   1 | LOC_Os07g02630
LOC_Os07g02630.2      -          NB-ARC               PF00931.23   9.7e-10   39.6   0.0     3e-07   31.4   0.0   2.8   2   1   0   2   2   1   1 | LOC_Os07g02630
LOC_Os07g09940.1      -          NB-ARC               PF00931.23   1.4e-09   39.1   0.0   2.1e-09   38.5   0.0   1.2   1   0   0   1   1   1   1 | LOC_Os07g09940
LOC_Os01g52340.1      -          NB-ARC               PF00931.23     2e-09   38.5   0.0   0.00083   20.1   0.0   2.6   3   0   0   3   3   0   0 | LOC_Os01g52340
LOC_Os11g39280.1      -          NB-ARC               PF00931.23   2.1e-09   38.5   0.0   3.6e-09   37.7   0.0   1.3   1   0   0   1   1   1   1 | LOC_Os11g39280
LOC_Os01g52290.1      -          NB-ARC               PF00931.23   3.3e-09   37.8   0.0     0.002   18.9   0.0   2.3   1   1   1   2   2   0   0 | LOC_Os01g52290
LOC_Os11g28470.1      -          NB-ARC               PF00931.23   3.5e-09   37.7   0.0   8.6e-09   36.5   0.0   1.5   1   1   0   1   1   1   1 | LOC_Os11g28470
LOC_Os07g02660.1      -          NB-ARC               PF00931.23   4.3e-09   37.5   0.0   2.7e-07   31.6   0.0   2.3   1   1   0   1   1   1   1 | LOC_Os07g02660
LOC_Os12g30070.1      -          NB-ARC               PF00931.23   4.4e-09   37.4   0.0   6.6e-09   36.9   0.0   1.3   1   0   0   1   1   1   1 | LOC_Os12g30070
LOC_Os10g22300.1      -          NB-ARC               PF00931.23   4.9e-09   37.3   0.0     4e-07   31.0   0.0   2.2   1   1   0   1   1   1   1 | LOC_Os10g22300
LOC_Os05g45690.1      -          NB-ARC               PF00931.23   5.3e-09   37.2   0.0   1.3e-07   32.6   0.0   2.3   1   1   0   1   1   1   1 | LOC_Os05g45690
LOC_Os10g22510.1      -          NB-ARC               PF00931.23   1.3e-08   35.9   0.1   3.2e-08   34.6   0.0   1.7   2   0   0   2   2   1   1 | LOC_Os10g22510
LOC_Os11g06290.1      -          NB-ARC               PF00931.23   1.3e-08   35.9   0.0   7.5e-05   23.6   0.0   2.3   1   1   1   2   2   1   1 | LOC_Os11g06290
LOC_Os11g29110.1      -          NB-ARC               PF00931.23   2.5e-08   34.9   0.2   6.5e-08   33.6   0.2   1.6   1   1   0   1   1   1   1 | LOC_Os11g29110
LOC_Os11g46130.1      -          NB-ARC               PF00931.23   2.9e-08   34.7   0.3   5.4e-08   33.9   0.0   1.5   2   0   0   2   2   1   1 | LOC_Os11g46130
LOC_Os07g02624.1      -          NB-ARC               PF00931.23   3.3e-08   34.5   0.0    0.0026   18.5   0.0   2.2   2   0   0   2   2   0   0 | LOC_Os07g02624
LOC_Os11g06234.1      -          NB-ARC               PF00931.23     1e-07   32.9   0.0   0.00027   21.7   0.0   2.2   1   1   1   2   2   0   0 | LOC_Os11g06234
LOC_Os11g45780.1      -          NB-ARC               PF00931.23   1.1e-07   32.8   0.0   1.8e-07   32.1   0.0   1.3   1   0   0   1   1   1   1 | LOC_Os11g45780
LOC_Os10g04160.1      -          NB-ARC               PF00931.23   1.4e-07   32.5   0.0   0.00018   22.3   0.0   2.1   1   1   1   2   2   0   0 | LOC_Os10g04160
LOC_Os07g02590.2      -          NB-ARC               PF00931.23   1.5e-07   32.4   0.0    0.0084   16.8   0.0   2.3   2   0   0   2   2   0   0 | LOC_Os07g02590
LOC_Os07g02590.1      -          NB-ARC               PF00931.23   2.3e-07   31.8   0.0     0.011   16.5   0.0   2.3   2   0   0   2   2   0   0 | LOC_Os07g02590
LOC_Os11g06210.1      -          NB-ARC               PF00931.23   2.4e-07   31.7   0.0   0.00015   22.6   0.0   2.2   1   1   1   2   2   0   0 | LOC_Os11g06210
LOC_Os08g30634.3      -          NB-ARC               PF00931.23   5.5e-07   30.6   0.0     1e-06   29.7   0.0   1.4   1   0   0   1   1   1   1 | LOC_Os08g30634
LOC_Os01g40040.1      -          NB-ARC               PF00931.23   6.1e-07   30.4   0.1    0.0053   17.5   0.0   2.5   1   1   1   2   2   0   0 | LOC_Os01g40040
LOC_Os08g30634.1      -          NB-ARC               PF00931.23   8.1e-07   30.0   0.0   1.7e-06   29.0   0.0   1.5   1   0   0   1   1   1   1 | LOC_Os08g30634
LOC_Os08g28470.1      -          NB-ARC               PF00931.23   8.4e-07   30.0   0.0   1.4e-06   29.2   0.0   1.3   1   0   0   1   1   1   1 | LOC_Os08g28470
LOC_Os07g09910.1      -          NB-ARC               PF00931.23   8.6e-07   29.9   0.1   1.3e-06   29.3   0.1   1.2   1   0   0   1   1   1   1 | LOC_Os07g09910
LOC_Os08g30634.2      -          NB-ARC               PF00931.23   8.8e-07   29.9   0.0   1.6e-06   29.1   0.0   1.4   1   0   0   1   1   1   1 | LOC_Os08g30634
LOC_Os11g10120.1      -          NB-ARC               PF00931.23   9.1e-07   29.8   0.0   1.9e-06   28.8   0.0   1.5   1   0   0   1   1   1   1 | LOC_Os11g10120
LOC_Os01g55530.1      -          NB-ARC               PF00931.23     1e-06   29.7   0.0     2e-06   28.7   0.0   1.4   1   0   0   1   1   1   1 | LOC_Os01g55530
LOC_Os10g04560.1      -          NB-ARC               PF00931.23   1.2e-06   29.4   0.0   3.1e-06   28.1   0.0   1.6   2   0   0   2   2   1   1 | LOC_Os10g04560
LOC_Os11g45980.1      -          NB-ARC               PF00931.23   1.3e-06   29.4   0.0   2.2e-06   28.6   0.0   1.4   1   0   0   1   1   1   1 | LOC_Os11g45980
LOC_Os11g42660.1      -          NB-ARC               PF00931.23   1.6e-06   29.0   0.0   3.7e-06   27.8   0.0   1.5   2   0   0   2   2   1   1 | LOC_Os11g42660
LOC_Os11g06230.1      -          NB-ARC               PF00931.23   2.6e-06   28.4   0.0    0.0039   17.9   0.0   2.2   1   1   1   2   2   0   0 | LOC_Os11g06230
LOC_Os08g14810.1      -          NB-ARC               PF00931.23   2.8e-06   28.3   0.4   7.8e-06   26.8   0.1   1.8   2   0   0   2   2   1   1 | LOC_Os08g14810
LOC_Os09g30380.1      -          NB-ARC               PF00931.23   3.6e-06   27.9   0.0   8.1e-06   26.7   0.0   1.5   1   0   0   1   1   1   1 | LOC_Os09g30380
LOC_Os01g39990.1      -          NB-ARC               PF00931.23   4.7e-06   27.5   0.0     0.001   19.9   0.0   2.8   2   1   0   2   2   0   0 | LOC_Os01g39990
LOC_Os12g28250.1      -          NB-ARC               PF00931.23   6.8e-06   27.0   0.1   1.4e-05   26.0   0.0   1.5   2   0   0   2   2   1   1 | LOC_Os12g28250
LOC_Os01g52380.1      -          NB-ARC               PF00931.23   7.2e-06   26.9   0.0     0.093   13.4   0.0   2.3   2   0   0   2   2   0   0 | LOC_Os01g52380
LOC_Os11g06300.1      -          NB-ARC               PF00931.23   8.8e-06   26.6   0.0     0.058   14.1   0.0   2.3   2   0   0   2   2   0   0 | LOC_Os11g06300
LOC_Os07g02610.1      -          NB-ARC               PF00931.23   1.2e-05   26.2   0.0     0.029   15.1   0.0   2.3   2   0   0   2   2   0   0 | LOC_Os07g02610
LOC_Os07g02530.1      -          NB-ARC               PF00931.23   1.3e-05   26.0   0.0   1.9e-05   25.5   0.0   1.1   1   0   0   1   1   1   1 | LOC_Os07g02530
LOC_Os01g25340.1      -          NB-ARC               PF00931.23   1.7e-05   25.7   0.0   0.00039   21.2   0.0   2.1   1   1   0   1   1   0   0 | LOC_Os01g25340
LOC_Os04g26350.1      -          NB-ARC               PF00931.23   2.4e-05   25.2   0.8   5.3e-05   24.1   0.8   1.6   1   1   0   1   1   1   1 | LOC_Os04g26350
LOC_Os11g29000.1      -          NB-ARC               PF00931.23   3.3e-05   24.7   0.0   6.8e-05   23.7   0.0   1.6   1   0   0   1   1   1   1 | LOC_Os11g29000
LOC_Os10g04450.1      -          NB-ARC               PF00931.23   5.1e-05   24.1   0.1    0.0017   19.1   0.0   2.3   1   1   0   2   2   0   0 | LOC_Os10g04450
LOC_Os08g38970.1      -          NB-ARC               PF00931.23   6.2e-05   23.8   0.0   0.00014   22.7   0.0   1.5   1   0   0   1   1   0   0 | LOC_Os08g38970
LOC_Os11g37759.2      -          NB-ARC               PF00931.23   6.3e-05   23.8   0.0   0.00022   22.0   0.0   1.8   2   0   0   2   2   0   0 | LOC_Os11g37759
LOC_Os11g37759.3      -          NB-ARC               PF00931.23   6.3e-05   23.8   0.0   0.00022   22.0   0.0   1.8   2   0   0   2   2   0   0 | LOC_Os11g37759
LOC_Os06g01980.1      -          NB-ARC               PF00931.23   6.8e-05   23.7   0.0      0.11   13.2   0.0   2.9   3   0   0   3   3   0   0 | LOC_Os06g01980
#
# Program:         hmmsearch
# Version:         3.1b2 (February 2015)
# Pipeline mode:   SEARCH
# Query file:      NB-ARC.hmm
# Target file:     /home/microbiome/data/el_projects/plant_cell_searches/proteome.all_transcripts.osa.fasta
# Option settings: hmmsearch --tblout Rice-nbarc.hmm.out --cut_ga NB-ARC.hmm /home/microbiome/data/el_projects/plant_cell_searches/proteome.all_transcripts.osa.fasta 
# Current dir:     /media/lamdata/microbiome/el_projects/plant_cell_searches/duckweed_nbarc
# Date:            Fri Sep 11 18:58:29 2020
# [ok]
