#                                                               --- full sequence ---- --- best 1 domain ---- --- domain number estimation ----
# target name        accession  query name           accession    E-value  score  bias   E-value  score  bias   exp reg clu  ov env dom rep inc description of target
#------------------- ---------- -------------------- ---------- --------- ------ ----- --------- ------ -----   --- --- --- --- --- --- --- --- ---------------------
g1301.t1             -          NB-ARC               PF00931.23   1.2e-81  273.7   0.0   2.2e-45  154.9   0.0   2.4   2   0   0   2   2   2   2 -
g18956.t1            -          NB-ARC               PF00931.23   1.9e-56  191.2   0.0   3.4e-56  190.4   0.0   1.3   1   0   0   1   1   1   1 -
g4380.t1             -          NB-ARC               PF00931.23   3.9e-53  180.3   0.0   6.4e-53  179.6   0.0   1.4   1   0   0   1   1   1   1 -
g4369.t1             -          NB-ARC               PF00931.23   1.7e-52  178.2   0.0   2.8e-52  177.5   0.0   1.4   1   0   0   1   1   1   1 -
g4379.t1             -          NB-ARC               PF00931.23   3.6e-51  173.9   0.0   5.8e-51  173.2   0.0   1.3   1   0   0   1   1   1   1 -
g13840.t1            -          NB-ARC               PF00931.23   1.2e-50  172.1   0.4   2.1e-50  171.4   0.4   1.4   1   0   0   1   1   1   1 -
g4364.t1             -          NB-ARC               PF00931.23   5.7e-48  163.4   0.0   8.6e-48  162.8   0.0   1.3   1   0   0   1   1   1   1 -
g13799.t1            -          NB-ARC               PF00931.23   4.6e-47  160.4   1.1   4.6e-47  160.4   1.1   1.9   2   0   0   2   2   1   1 -
g4377.t1             -          NB-ARC               PF00931.23   4.3e-46  157.3   0.0     7e-46  156.6   0.0   1.3   1   0   0   1   1   1   1 -
g4366.t1             -          NB-ARC               PF00931.23     6e-46  156.8   0.0   1.1e-45  155.9   0.0   1.4   1   0   0   1   1   1   1 -
g6812.t1             -          NB-ARC               PF00931.23   6.1e-45  153.5   1.8   1.1e-44  152.6   1.8   1.3   1   0   0   1   1   1   1 -
g7719.t1             -          NB-ARC               PF00931.23   3.1e-44  151.2   0.0   5.3e-44  150.4   0.0   1.4   1   0   0   1   1   1   1 -
g6813.t1             -          NB-ARC               PF00931.23     5e-44  150.5   0.1   8.4e-44  149.8   0.1   1.2   1   0   0   1   1   1   1 -
g1298.t1             -          NB-ARC               PF00931.23   8.8e-44  149.7   0.0   1.2e-43  149.2   0.0   1.2   1   0   0   1   1   1   1 -
g18952.t1            -          NB-ARC               PF00931.23   4.1e-43  147.5   0.0     7e-43  146.7   0.0   1.3   1   0   0   1   1   1   1 -
g6941.t1             -          NB-ARC               PF00931.23   3.7e-40  137.8   0.0   7.8e-40  136.7   0.0   1.5   1   0   0   1   1   1   1 -
g4396.t1             -          NB-ARC               PF00931.23     2e-37  128.9   0.0   3.9e-37  127.9   0.0   1.5   1   0   0   1   1   1   1 -
g11809.t1            -          NB-ARC               PF00931.23   1.1e-36  126.4   0.0   1.7e-36  125.8   0.0   1.2   1   0   0   1   1   1   1 -
g8327.t1             -          NB-ARC               PF00931.23   1.2e-36  126.3   0.0   1.8e-36  125.7   0.0   1.2   1   0   0   1   1   1   1 -
g8328.t1             -          NB-ARC               PF00931.23   3.2e-35  121.6   0.0   5.2e-35  120.9   0.0   1.2   1   0   0   1   1   1   1 -
g13841.t1            -          NB-ARC               PF00931.23   4.6e-35  121.1   0.4   1.1e-34  119.9   0.4   1.6   1   0   0   1   1   1   1 -
g1300.t1             -          NB-ARC               PF00931.23   5.5e-34  117.6   0.0   1.2e-33  116.5   0.0   1.5   1   0   0   1   1   1   1 -
g5498.t1             -          NB-ARC               PF00931.23   1.2e-33  116.5   0.1   8.6e-33  113.7   0.0   2.0   2   0   0   2   2   1   1 -
g6476.t1             -          NB-ARC               PF00931.23   1.3e-33  116.4   0.1   1.5e-33  116.1   0.1   1.0   1   0   0   1   1   1   1 -
g4383.t1             -          NB-ARC               PF00931.23   2.4e-30  105.7   0.1   4.5e-30  104.8   0.1   1.4   1   0   0   1   1   1   1 -
g5493.t1             -          NB-ARC               PF00931.23   1.5e-28   99.8   0.0   2.5e-28   99.1   0.0   1.2   1   0   0   1   1   1   1 -
g5484.t1             -          NB-ARC               PF00931.23   1.8e-25   89.7   0.0   3.1e-25   88.9   0.0   1.2   1   0   0   1   1   1   1 -
g3201.t1             -          NB-ARC               PF00931.23   5.1e-24   84.9   0.1     2e-12   47.0   0.1   2.1   1   1   1   2   2   2   2 -
g13637.t1            -          NB-ARC               PF00931.23   7.6e-24   84.4   0.0     2e-12   47.0   0.1   2.1   1   1   1   2   2   2   2 -
g5502.t1             -          NB-ARC               PF00931.23   3.4e-23   82.2   0.0   3.1e-22   79.1   0.0   2.1   2   0   0   2   2   1   1 -
g4397.t1             -          NB-ARC               PF00931.23   9.8e-22   77.5   0.0   1.6e-21   76.7   0.0   1.3   1   0   0   1   1   1   1 -
g4373.t1             -          NB-ARC               PF00931.23   1.5e-21   76.8   1.0   2.6e-21   76.1   1.0   1.3   1   0   0   1   1   1   1 -
g18939.t1            -          NB-ARC               PF00931.23   1.9e-19   70.0   0.1   2.9e-19   69.4   0.1   1.2   1   0   0   1   1   1   1 -
g5505.t1             -          NB-ARC               PF00931.23   2.2e-07   30.4   0.4    0.0024   17.2   0.0   2.5   2   1   1   3   3   0   0 -
g18958.t1            -          NB-ARC               PF00931.23   4.5e-06   26.1   0.0   5.4e-06   25.9   0.0   1.0   1   0   0   1   1   1   1 -
#
# Program:         hmmsearch
# Version:         3.1b2 (February 2015)
# Pipeline mode:   SEARCH
# Query file:      NB-ARC.hmm
# Target file:     /home/microbiome/data/duckweed_genomics/Sp7498v3/Sp7498_pacbio.protein.fasta
# Option settings: hmmsearch --tblout Sp7498-nbarc.hmm.out --cut_ga NB-ARC.hmm /home/microbiome/data/duckweed_genomics/Sp7498v3/Sp7498_pacbio.protein.fasta 
# Current dir:     /media/lamdata/microbiome/el_projects/plant_cell_searches/duckweed_nbarc
# Date:            Fri Sep 11 18:38:43 2020
# [ok]
