#                                                               --- full sequence ---- --- best 1 domain ---- --- domain number estimation ----
# target name        accession  query name           accession    E-value  score  bias   E-value  score  bias   exp reg clu  ov env dom rep inc description of target
#------------------- ---------- -------------------- ---------- --------- ------ ----- --------- ------ -----   --- --- --- --- --- --- --- --- ---------------------
Sp08g00805           -          NB-ARC               PF00931.23   2.6e-86  289.1   0.6   2.4e-45  154.9   0.0   3.4   2   1   1   3   3   3   3 -
Sp16g00660           -          NB-ARC               PF00931.23   9.8e-58  195.5   2.5   4.9e-32  111.3   0.4   2.0   2   0   0   2   2   2   2 -
Sp05g00168           -          NB-ARC               PF00931.23     9e-51  172.7   0.0   1.4e-50  172.1   0.0   1.2   1   0   0   1   1   1   1 -
Sp08g00808           -          NB-ARC               PF00931.23   4.1e-47  160.7   0.1     8e-47  159.7   0.1   1.5   1   0   0   1   1   1   1 -
Sp05g00306           -          NB-ARC               PF00931.23   9.8e-46  156.2   1.2   1.8e-45  155.4   1.2   1.4   1   0   0   1   1   1   1 -
Sp06g00471           -          NB-ARC               PF00931.23   1.2e-45  155.9   0.0     2e-45  155.1   0.0   1.4   1   0   0   1   1   1   1 -
Sp05g00305           -          NB-ARC               PF00931.23   6.3e-45  153.5   0.0   9.5e-45  153.0   0.0   1.2   1   0   0   1   1   1   1 -
Sp08g00813           -          NB-ARC               PF00931.23   1.8e-43  148.8   0.0   2.7e-43  148.2   0.0   1.3   1   0   0   1   1   1   1 -
Sp12g00404           -          NB-ARC               PF00931.23   5.2e-39  134.2   0.3   1.1e-21   77.3   0.0   2.4   2   0   0   2   2   2   2 -
Sp14g00728           -          NB-ARC               PF00931.23   1.8e-36  125.8   0.0   2.8e-36  125.2   0.0   1.2   1   0   0   1   1   1   1 -
Sp06g00843           -          NB-ARC               PF00931.23   1.1e-35  123.3   0.0   1.7e-35  122.7   0.0   1.1   1   0   0   1   1   1   1 -
Sp12g00405           -          NB-ARC               PF00931.23   1.1e-27   97.1   1.1   2.3e-27   96.0   1.1   1.6   1   0   0   1   1   1   1 -
Sp06g00840           -          NB-ARC               PF00931.23   4.5e-24   85.2   0.0   6.2e-24   84.8   0.0   1.1   1   0   0   1   1   1   1 -
Sp01g00598           -          NB-ARC               PF00931.23   1.7e-20   73.5   0.0   3.2e-20   72.6   0.0   1.4   1   0   0   1   1   1   1 -
Sp15g00237           -          NB-ARC               PF00931.23   6.9e-20   71.5   0.1   1.4e-19   70.5   0.1   1.4   1   0   0   1   1   1   1 -
Sp15g00222           -          NB-ARC               PF00931.23   2.3e-19   69.8   0.1   2.8e-19   69.5   0.1   1.1   1   0   0   1   1   1   1 -
Sp12g00362           -          NB-ARC               PF00931.23   3.4e-14   52.9   0.1   3.1e-13   49.7   0.1   2.4   1   1   0   1   1   1   1 -
Sp08g00811           -          NB-ARC               PF00931.23   6.3e-13   48.7   0.1   1.1e-12   47.9   0.1   1.3   1   0   0   1   1   1   1 -
Sp08g00810           -          NB-ARC               PF00931.23   8.2e-12   45.0   0.0   1.3e-11   44.4   0.0   1.2   1   0   0   1   1   1   1 -
Sp14g00189           -          NB-ARC               PF00931.23   2.6e-05   23.7   0.0     0.007   15.8   0.0   2.3   2   0   0   2   2   0   0 -
#
# Program:         hmmsearch
# Version:         3.1b2 (February 2015)
# Pipeline mode:   SEARCH
# Query file:      NB-ARC.hmm
# Target file:     /home/microbiome/data/duckweed_genomics/Sp9509/Sp9509_oxford_v3.proteins.fasta
# Option settings: hmmsearch --tblout Sp9509-nbarc.hmm.out --cut_ga NB-ARC.hmm /home/microbiome/data/duckweed_genomics/Sp9509/Sp9509_oxford_v3.proteins.fasta 
# Current dir:     /media/lamdata/microbiome/el_projects/plant_cell_searches/duckweed_nbarc
# Date:            Fri Sep 11 18:32:12 2020
# [ok]
